[0.681s] Invoking command in '/home/halit/raspberry/src/publish_lidar': PYTHONPATH=/home/halit/raspberry/build/publish_lidar/prefix_override:/usr/lib/python3/dist-packages/colcon_core/task/python/colcon_distutils_commands:/home/halit/raspberry/install/publish_lidar/lib/python3.12/site-packages:${PYTHONPATH} /usr/bin/python3 -W ignore:setup.py install is deprecated -W ignore:easy_install command is deprecated setup.py egg_info --egg-base ../../build/publish_lidar build --build-base /home/halit/raspberry/build/publish_lidar/build install --record /home/halit/raspberry/build/publish_lidar/install.log --single-version-externally-managed install_data
[0.863s] running egg_info
[0.876s] writing ../../build/publish_lidar/publish_lidar.egg-info/PKG-INFO
[0.877s] writing dependency_links to ../../build/publish_lidar/publish_lidar.egg-info/dependency_links.txt
[0.877s] writing entry points to ../../build/publish_lidar/publish_lidar.egg-info/entry_points.txt
[0.877s] writing requirements to ../../build/publish_lidar/publish_lidar.egg-info/requires.txt
[0.877s] writing top-level names to ../../build/publish_lidar/publish_lidar.egg-info/top_level.txt
[0.902s] reading manifest file '../../build/publish_lidar/publish_lidar.egg-info/SOURCES.txt'
[0.902s] writing manifest file '../../build/publish_lidar/publish_lidar.egg-info/SOURCES.txt'
[0.902s] running build
[0.902s] running build_py
[0.902s] running install
[0.907s] running install_lib
[0.920s] running install_data
[0.920s] running install_egg_info
[0.935s] removing '/home/halit/raspberry/install/publish_lidar/lib/python3.12/site-packages/publish_lidar-0.0.0-py3.12.egg-info' (and everything under it)
[0.936s] Copying ../../build/publish_lidar/publish_lidar.egg-info to /home/halit/raspberry/install/publish_lidar/lib/python3.12/site-packages/publish_lidar-0.0.0-py3.12.egg-info
[0.937s] running install_scripts
[1.021s] Installing get_scan_from_raspbery script to /home/halit/raspberry/install/publish_lidar/lib/publish_lidar
[1.022s] writing list of installed files to '/home/halit/raspberry/build/publish_lidar/install.log'
[1.042s] Invoked command in '/home/halit/raspberry/src/publish_lidar' returned '0': PYTHONPATH=/home/halit/raspberry/build/publish_lidar/prefix_override:/usr/lib/python3/dist-packages/colcon_core/task/python/colcon_distutils_commands:/home/halit/raspberry/install/publish_lidar/lib/python3.12/site-packages:${PYTHONPATH} /usr/bin/python3 -W ignore:setup.py install is deprecated -W ignore:easy_install command is deprecated setup.py egg_info --egg-base ../../build/publish_lidar build --build-base /home/halit/raspberry/build/publish_lidar/build install --record /home/halit/raspberry/build/publish_lidar/install.log --single-version-externally-managed install_data
