[0.680s] Invoking command in '/home/halit/raspberry/src/publish_odom': PYTHONPATH=/home/halit/raspberry/build/publish_odom/prefix_override:/usr/lib/python3/dist-packages/colcon_core/task/python/colcon_distutils_commands:/home/halit/raspberry/install/publish_odom/lib/python3.12/site-packages:${PYTHONPATH} /usr/bin/python3 -W ignore:setup.py install is deprecated -W ignore:easy_install command is deprecated setup.py egg_info --egg-base ../../build/publish_odom build --build-base /home/halit/raspberry/build/publish_odom/build install --record /home/halit/raspberry/build/publish_odom/install.log --single-version-externally-managed install_data
[0.857s] running egg_info
[0.870s] writing ../../build/publish_odom/publish_odom.egg-info/PKG-INFO
[0.870s] writing dependency_links to ../../build/publish_odom/publish_odom.egg-info/dependency_links.txt
[0.871s] writing entry points to ../../build/publish_odom/publish_odom.egg-info/entry_points.txt
[0.871s] writing requirements to ../../build/publish_odom/publish_odom.egg-info/requires.txt
[0.871s] writing top-level names to ../../build/publish_odom/publish_odom.egg-info/top_level.txt
[0.896s] reading manifest file '../../build/publish_odom/publish_odom.egg-info/SOURCES.txt'
[0.897s] writing manifest file '../../build/publish_odom/publish_odom.egg-info/SOURCES.txt'
[0.897s] running build
[0.897s] running build_py
[0.897s] copying publish_odom/get_odometry_from_rasbery.py -> /home/halit/raspberry/build/publish_odom/build/lib/publish_odom
[0.897s] running install
[0.902s] running install_lib
[0.914s] copying /home/halit/raspberry/build/publish_odom/build/lib/publish_odom/get_odometry_from_rasbery.py -> /home/halit/raspberry/install/publish_odom/lib/python3.12/site-packages/publish_odom
[0.915s] byte-compiling /home/halit/raspberry/install/publish_odom/lib/python3.12/site-packages/publish_odom/get_odometry_from_rasbery.py to get_odometry_from_rasbery.cpython-312.pyc
[0.917s] running install_data
[0.917s] running install_egg_info
[0.930s] removing '/home/halit/raspberry/install/publish_odom/lib/python3.12/site-packages/publish_odom-0.0.0-py3.12.egg-info' (and everything under it)
[0.931s] Copying ../../build/publish_odom/publish_odom.egg-info to /home/halit/raspberry/install/publish_odom/lib/python3.12/site-packages/publish_odom-0.0.0-py3.12.egg-info
[0.932s] running install_scripts
[1.017s] Installing get_odometry_from_rasbery script to /home/halit/raspberry/install/publish_odom/lib/publish_odom
[1.018s] writing list of installed files to '/home/halit/raspberry/build/publish_odom/install.log'
[1.046s] Invoked command in '/home/halit/raspberry/src/publish_odom' returned '0': PYTHONPATH=/home/halit/raspberry/build/publish_odom/prefix_override:/usr/lib/python3/dist-packages/colcon_core/task/python/colcon_distutils_commands:/home/halit/raspberry/install/publish_odom/lib/python3.12/site-packages:${PYTHONPATH} /usr/bin/python3 -W ignore:setup.py install is deprecated -W ignore:easy_install command is deprecated setup.py egg_info --egg-base ../../build/publish_odom build --build-base /home/halit/raspberry/build/publish_odom/build install --record /home/halit/raspberry/build/publish_odom/install.log --single-version-externally-managed install_data
