[1.312s] Invoking command in '/home/halit/acrome_mini_robot/build/publish_lidar': PYTHONPATH=/home/halit/acrome_mini_robot/build/publish_lidar/prefix_override:/usr/lib/python3/dist-packages/colcon_core/task/python/colcon_distutils_commands:/home/halit/acrome_mini_robot/install/publish_lidar/lib/python3.12/site-packages:${PYTHONPATH} /usr/bin/python3 -W ignore:setup.py install is deprecated -W ignore:easy_install command is deprecated setup.py develop --uninstall --editable --build-directory /home/halit/acrome_mini_robot/build/publish_lidar/build
[1.595s] running develop
[1.766s] Removing /home/halit/acrome_mini_robot/install/publish_lidar/lib/python3.12/site-packages/publish-lidar.egg-link (link to .)
[1.794s] Invoked command in '/home/halit/acrome_mini_robot/build/publish_lidar' returned '0': PYTHONPATH=/home/halit/acrome_mini_robot/build/publish_lidar/prefix_override:/usr/lib/python3/dist-packages/colcon_core/task/python/colcon_distutils_commands:/home/halit/acrome_mini_robot/install/publish_lidar/lib/python3.12/site-packages:${PYTHONPATH} /usr/bin/python3 -W ignore:setup.py install is deprecated -W ignore:easy_install command is deprecated setup.py develop --uninstall --editable --build-directory /home/halit/acrome_mini_robot/build/publish_lidar/build
[1.795s] Invoking command in '/home/halit/acrome_mini_robot/src/publish_lidar': PYTHONPATH=/home/halit/acrome_mini_robot/build/publish_lidar/prefix_override:/usr/lib/python3/dist-packages/colcon_core/task/python/colcon_distutils_commands:/home/halit/acrome_mini_robot/install/publish_lidar/lib/python3.12/site-packages:${PYTHONPATH} /usr/bin/python3 -W ignore:setup.py install is deprecated -W ignore:easy_install command is deprecated setup.py egg_info --egg-base ../../build/publish_lidar build --build-base /home/halit/acrome_mini_robot/build/publish_lidar/build install --record /home/halit/acrome_mini_robot/build/publish_lidar/install.log --single-version-externally-managed install_data --force
[2.023s] running egg_info
[2.041s] writing ../../build/publish_lidar/publish_lidar.egg-info/PKG-INFO
[2.041s] writing dependency_links to ../../build/publish_lidar/publish_lidar.egg-info/dependency_links.txt
[2.041s] writing entry points to ../../build/publish_lidar/publish_lidar.egg-info/entry_points.txt
[2.041s] writing requirements to ../../build/publish_lidar/publish_lidar.egg-info/requires.txt
[2.041s] writing top-level names to ../../build/publish_lidar/publish_lidar.egg-info/top_level.txt
[2.075s] reading manifest file '../../build/publish_lidar/publish_lidar.egg-info/SOURCES.txt'
[2.076s] writing manifest file '../../build/publish_lidar/publish_lidar.egg-info/SOURCES.txt'
[2.076s] running build
[2.077s] running build_py
[2.077s] copying publish_lidar/get_scan_from_raspbery.py -> /home/halit/acrome_mini_robot/build/publish_lidar/build/lib/publish_lidar
[2.077s] running install
[2.082s] running install_lib
[2.098s] creating /home/halit/acrome_mini_robot/install/publish_lidar/lib/python3.12/site-packages/publish_lidar
[2.099s] copying /home/halit/acrome_mini_robot/build/publish_lidar/build/lib/publish_lidar/get_scan_from_raspbery.py -> /home/halit/acrome_mini_robot/install/publish_lidar/lib/python3.12/site-packages/publish_lidar
[2.099s] copying /home/halit/acrome_mini_robot/build/publish_lidar/build/lib/publish_lidar/__init__.py -> /home/halit/acrome_mini_robot/install/publish_lidar/lib/python3.12/site-packages/publish_lidar
[2.099s] byte-compiling /home/halit/acrome_mini_robot/install/publish_lidar/lib/python3.12/site-packages/publish_lidar/get_scan_from_raspbery.py to get_scan_from_raspbery.cpython-312.pyc
[2.100s] byte-compiling /home/halit/acrome_mini_robot/install/publish_lidar/lib/python3.12/site-packages/publish_lidar/__init__.py to __init__.cpython-312.pyc
[2.101s] running install_data
[2.101s] copying resource/publish_lidar -> /home/halit/acrome_mini_robot/install/publish_lidar/share/ament_index/resource_index/packages
[2.101s] copying package.xml -> /home/halit/acrome_mini_robot/install/publish_lidar/share/publish_lidar
[2.102s] running install_egg_info
[2.118s] Copying ../../build/publish_lidar/publish_lidar.egg-info to /home/halit/acrome_mini_robot/install/publish_lidar/lib/python3.12/site-packages/publish_lidar-0.0.0-py3.12.egg-info
[2.120s] running install_scripts
[2.231s] Installing get_scan_from_raspbery script to /home/halit/acrome_mini_robot/install/publish_lidar/lib/publish_lidar
[2.231s] writing list of installed files to '/home/halit/acrome_mini_robot/build/publish_lidar/install.log'
[2.271s] Invoked command in '/home/halit/acrome_mini_robot/src/publish_lidar' returned '0': PYTHONPATH=/home/halit/acrome_mini_robot/build/publish_lidar/prefix_override:/usr/lib/python3/dist-packages/colcon_core/task/python/colcon_distutils_commands:/home/halit/acrome_mini_robot/install/publish_lidar/lib/python3.12/site-packages:${PYTHONPATH} /usr/bin/python3 -W ignore:setup.py install is deprecated -W ignore:easy_install command is deprecated setup.py egg_info --egg-base ../../build/publish_lidar build --build-base /home/halit/acrome_mini_robot/build/publish_lidar/build install --record /home/halit/acrome_mini_robot/build/publish_lidar/install.log --single-version-externally-managed install_data --force
