[0.858s] Invoking command in '/home/halit/raspberry/src/publish_odom': PYTHONPATH=/home/halit/raspberry/build/publish_odom/prefix_override:/usr/lib/python3/dist-packages/colcon_core/task/python/colcon_distutils_commands:/home/halit/raspberry/install/publish_odom/lib/python3.12/site-packages:${PYTHONPATH} /usr/bin/python3 -W ignore:setup.py install is deprecated -W ignore:easy_install command is deprecated setup.py egg_info --egg-base ../../build/publish_odom build --build-base /home/halit/raspberry/build/publish_odom/build install --record /home/halit/raspberry/build/publish_odom/install.log --single-version-externally-managed install_data
[1.044s] running egg_info
[1.045s] creating ../../build/publish_odom/publish_odom.egg-info
[1.058s] writing ../../build/publish_odom/publish_odom.egg-info/PKG-INFO
[1.058s] writing dependency_links to ../../build/publish_odom/publish_odom.egg-info/dependency_links.txt
[1.058s] writing requirements to ../../build/publish_odom/publish_odom.egg-info/requires.txt
[1.059s] writing top-level names to ../../build/publish_odom/publish_odom.egg-info/top_level.txt
[1.059s] writing manifest file '../../build/publish_odom/publish_odom.egg-info/SOURCES.txt'
[1.085s] reading manifest file '../../build/publish_odom/publish_odom.egg-info/SOURCES.txt'
[1.086s] writing manifest file '../../build/publish_odom/publish_odom.egg-info/SOURCES.txt'
[1.086s] running build
[1.086s] running build_py
[1.086s] creating /home/halit/raspberry/build/publish_odom/build
[1.086s] creating /home/halit/raspberry/build/publish_odom/build/lib
[1.087s] creating /home/halit/raspberry/build/publish_odom/build/lib/publish_odom
[1.087s] copying publish_odom/odom_topic.py -> /home/halit/raspberry/build/publish_odom/build/lib/publish_odom
[1.087s] copying publish_odom/get_odometry_from_rasbery.py -> /home/halit/raspberry/build/publish_odom/build/lib/publish_odom
[1.087s] copying publish_odom/__init__.py -> /home/halit/raspberry/build/publish_odom/build/lib/publish_odom
[1.087s] running install
[1.092s] running install_lib
[1.104s] creating /home/halit/raspberry/install/publish_odom/lib/python3.12/site-packages/publish_odom
[1.104s] copying /home/halit/raspberry/build/publish_odom/build/lib/publish_odom/odom_topic.py -> /home/halit/raspberry/install/publish_odom/lib/python3.12/site-packages/publish_odom
[1.105s] copying /home/halit/raspberry/build/publish_odom/build/lib/publish_odom/get_odometry_from_rasbery.py -> /home/halit/raspberry/install/publish_odom/lib/python3.12/site-packages/publish_odom
[1.105s] copying /home/halit/raspberry/build/publish_odom/build/lib/publish_odom/__init__.py -> /home/halit/raspberry/install/publish_odom/lib/python3.12/site-packages/publish_odom
[1.105s] byte-compiling /home/halit/raspberry/install/publish_odom/lib/python3.12/site-packages/publish_odom/odom_topic.py to odom_topic.cpython-312.pyc
[1.106s] byte-compiling /home/halit/raspberry/install/publish_odom/lib/python3.12/site-packages/publish_odom/get_odometry_from_rasbery.py to get_odometry_from_rasbery.cpython-312.pyc
[1.107s] byte-compiling /home/halit/raspberry/install/publish_odom/lib/python3.12/site-packages/publish_odom/__init__.py to __init__.cpython-312.pyc
[1.107s] running install_data
[1.108s] creating /home/halit/raspberry/install/publish_odom/share/ament_index
[1.108s] creating /home/halit/raspberry/install/publish_odom/share/ament_index/resource_index
[1.108s] creating /home/halit/raspberry/install/publish_odom/share/ament_index/resource_index/packages
[1.108s] copying resource/publish_odom -> /home/halit/raspberry/install/publish_odom/share/ament_index/resource_index/packages
[1.108s] copying package.xml -> /home/halit/raspberry/install/publish_odom/share/publish_odom
[1.108s] running install_egg_info
[1.121s] Copying ../../build/publish_odom/publish_odom.egg-info to /home/halit/raspberry/install/publish_odom/lib/python3.12/site-packages/publish_odom-0.0.0-py3.12.egg-info
[1.122s] running install_scripts
[1.213s] writing list of installed files to '/home/halit/raspberry/build/publish_odom/install.log'
[1.231s] Invoked command in '/home/halit/raspberry/src/publish_odom' returned '0': PYTHONPATH=/home/halit/raspberry/build/publish_odom/prefix_override:/usr/lib/python3/dist-packages/colcon_core/task/python/colcon_distutils_commands:/home/halit/raspberry/install/publish_odom/lib/python3.12/site-packages:${PYTHONPATH} /usr/bin/python3 -W ignore:setup.py install is deprecated -W ignore:easy_install command is deprecated setup.py egg_info --egg-base ../../build/publish_odom build --build-base /home/halit/raspberry/build/publish_odom/build install --record /home/halit/raspberry/build/publish_odom/install.log --single-version-externally-managed install_data
