[1.303s] Invoking command in '/home/halit/acrome_mini_robot/build/publish_odom': PYTHONPATH=/home/halit/acrome_mini_robot/build/publish_odom/prefix_override:/usr/lib/python3/dist-packages/colcon_core/task/python/colcon_distutils_commands:/home/halit/acrome_mini_robot/install/publish_odom/lib/python3.12/site-packages:${PYTHONPATH} /usr/bin/python3 -W ignore:setup.py install is deprecated -W ignore:easy_install command is deprecated setup.py develop --uninstall --editable --build-directory /home/halit/acrome_mini_robot/build/publish_odom/build
[1.568s] running develop
[1.743s] Removing /home/halit/acrome_mini_robot/install/publish_odom/lib/python3.12/site-packages/publish-odom.egg-link (link to .)
[1.772s] Invoked command in '/home/halit/acrome_mini_robot/build/publish_odom' returned '0': PYTHONPATH=/home/halit/acrome_mini_robot/build/publish_odom/prefix_override:/usr/lib/python3/dist-packages/colcon_core/task/python/colcon_distutils_commands:/home/halit/acrome_mini_robot/install/publish_odom/lib/python3.12/site-packages:${PYTHONPATH} /usr/bin/python3 -W ignore:setup.py install is deprecated -W ignore:easy_install command is deprecated setup.py develop --uninstall --editable --build-directory /home/halit/acrome_mini_robot/build/publish_odom/build
[1.772s] Invoking command in '/home/halit/acrome_mini_robot/src/publish_odom': PYTHONPATH=/home/halit/acrome_mini_robot/build/publish_odom/prefix_override:/usr/lib/python3/dist-packages/colcon_core/task/python/colcon_distutils_commands:/home/halit/acrome_mini_robot/install/publish_odom/lib/python3.12/site-packages:${PYTHONPATH} /usr/bin/python3 -W ignore:setup.py install is deprecated -W ignore:easy_install command is deprecated setup.py egg_info --egg-base ../../build/publish_odom build --build-base /home/halit/acrome_mini_robot/build/publish_odom/build install --record /home/halit/acrome_mini_robot/build/publish_odom/install.log --single-version-externally-managed install_data --force
[2.001s] running egg_info
[2.016s] writing ../../build/publish_odom/publish_odom.egg-info/PKG-INFO
[2.017s] writing dependency_links to ../../build/publish_odom/publish_odom.egg-info/dependency_links.txt
[2.017s] writing entry points to ../../build/publish_odom/publish_odom.egg-info/entry_points.txt
[2.017s] writing requirements to ../../build/publish_odom/publish_odom.egg-info/requires.txt
[2.017s] writing top-level names to ../../build/publish_odom/publish_odom.egg-info/top_level.txt
[2.050s] reading manifest file '../../build/publish_odom/publish_odom.egg-info/SOURCES.txt'
[2.052s] writing manifest file '../../build/publish_odom/publish_odom.egg-info/SOURCES.txt'
[2.052s] running build
[2.052s] running build_py
[2.053s] running install
[2.057s] running install_lib
[2.073s] creating /home/halit/acrome_mini_robot/install/publish_odom/lib/python3.12/site-packages/publish_odom
[2.074s] copying /home/halit/acrome_mini_robot/build/publish_odom/build/lib/publish_odom/get_odometry_from_rasbery.py -> /home/halit/acrome_mini_robot/install/publish_odom/lib/python3.12/site-packages/publish_odom
[2.074s] copying /home/halit/acrome_mini_robot/build/publish_odom/build/lib/publish_odom/__init__.py -> /home/halit/acrome_mini_robot/install/publish_odom/lib/python3.12/site-packages/publish_odom
[2.075s] byte-compiling /home/halit/acrome_mini_robot/install/publish_odom/lib/python3.12/site-packages/publish_odom/get_odometry_from_rasbery.py to get_odometry_from_rasbery.cpython-312.pyc
[2.077s] byte-compiling /home/halit/acrome_mini_robot/install/publish_odom/lib/python3.12/site-packages/publish_odom/__init__.py to __init__.cpython-312.pyc
[2.077s] running install_data
[2.077s] copying resource/publish_odom -> /home/halit/acrome_mini_robot/install/publish_odom/share/ament_index/resource_index/packages
[2.077s] copying package.xml -> /home/halit/acrome_mini_robot/install/publish_odom/share/publish_odom
[2.077s] running install_egg_info
[2.094s] Copying ../../build/publish_odom/publish_odom.egg-info to /home/halit/acrome_mini_robot/install/publish_odom/lib/python3.12/site-packages/publish_odom-0.0.0-py3.12.egg-info
[2.096s] running install_scripts
[2.207s] Installing get_odometry_from_rasbery script to /home/halit/acrome_mini_robot/install/publish_odom/lib/publish_odom
[2.207s] writing list of installed files to '/home/halit/acrome_mini_robot/build/publish_odom/install.log'
[2.235s] Invoked command in '/home/halit/acrome_mini_robot/src/publish_odom' returned '0': PYTHONPATH=/home/halit/acrome_mini_robot/build/publish_odom/prefix_override:/usr/lib/python3/dist-packages/colcon_core/task/python/colcon_distutils_commands:/home/halit/acrome_mini_robot/install/publish_odom/lib/python3.12/site-packages:${PYTHONPATH} /usr/bin/python3 -W ignore:setup.py install is deprecated -W ignore:easy_install command is deprecated setup.py egg_info --egg-base ../../build/publish_odom build --build-base /home/halit/acrome_mini_robot/build/publish_odom/build install --record /home/halit/acrome_mini_robot/build/publish_odom/install.log --single-version-externally-managed install_data --force
