[1.663s] Invoking command in '/home/halit/acrome_mini_robot/src/set_slam': PYTHONPATH=/home/halit/acrome_mini_robot/build/set_slam/prefix_override:/usr/lib/python3/dist-packages/colcon_core/task/python/colcon_distutils_commands:/home/halit/acrome_mini_robot/install/set_slam/lib/python3.12/site-packages:${PYTHONPATH} /usr/bin/python3 -W ignore:setup.py install is deprecated -W ignore:easy_install command is deprecated setup.py egg_info --egg-base ../../build/set_slam build --build-base /home/halit/acrome_mini_robot/build/set_slam/build install --record /home/halit/acrome_mini_robot/build/set_slam/install.log --single-version-externally-managed install_data
[1.909s] running egg_info
[1.934s] writing ../../build/set_slam/set_slam.egg-info/PKG-INFO
[1.935s] writing dependency_links to ../../build/set_slam/set_slam.egg-info/dependency_links.txt
[1.936s] writing entry points to ../../build/set_slam/set_slam.egg-info/entry_points.txt
[1.936s] writing requirements to ../../build/set_slam/set_slam.egg-info/requires.txt
[1.936s] writing top-level names to ../../build/set_slam/set_slam.egg-info/top_level.txt
[1.969s] reading manifest file '../../build/set_slam/set_slam.egg-info/SOURCES.txt'
[1.975s] writing manifest file '../../build/set_slam/set_slam.egg-info/SOURCES.txt'
[1.976s] running build
[1.976s] running build_py
[1.976s] running install
[1.983s] running install_lib
[2.001s] running install_data
[2.001s] copying urdf/acrome_mini_robot.xacro -> /home/halit/acrome_mini_robot/install/set_slam/share/set_slam/urdf
[2.007s] running install_egg_info
[2.025s] removing '/home/halit/acrome_mini_robot/install/set_slam/lib/python3.12/site-packages/set_slam-0.0.0-py3.12.egg-info' (and everything under it)
[2.025s] Copying ../../build/set_slam/set_slam.egg-info to /home/halit/acrome_mini_robot/install/set_slam/lib/python3.12/site-packages/set_slam-0.0.0-py3.12.egg-info
[2.027s] running install_scripts
[2.142s] Installing odom_to_tf_broadcaster script to /home/halit/acrome_mini_robot/install/set_slam/lib/set_slam
[2.144s] writing list of installed files to '/home/halit/acrome_mini_robot/build/set_slam/install.log'
[2.167s] Invoked command in '/home/halit/acrome_mini_robot/src/set_slam' returned '0': PYTHONPATH=/home/halit/acrome_mini_robot/build/set_slam/prefix_override:/usr/lib/python3/dist-packages/colcon_core/task/python/colcon_distutils_commands:/home/halit/acrome_mini_robot/install/set_slam/lib/python3.12/site-packages:${PYTHONPATH} /usr/bin/python3 -W ignore:setup.py install is deprecated -W ignore:easy_install command is deprecated setup.py egg_info --egg-base ../../build/set_slam build --build-base /home/halit/acrome_mini_robot/build/set_slam/build install --record /home/halit/acrome_mini_robot/build/set_slam/install.log --single-version-externally-managed install_data
