running egg_info
creating ../../build/publish_odom/publish_odom.egg-info
writing ../../build/publish_odom/publish_odom.egg-info/PKG-INFO
writing dependency_links to ../../build/publish_odom/publish_odom.egg-info/dependency_links.txt
writing entry points to ../../build/publish_odom/publish_odom.egg-info/entry_points.txt
writing requirements to ../../build/publish_odom/publish_odom.egg-info/requires.txt
writing top-level names to ../../build/publish_odom/publish_odom.egg-info/top_level.txt
writing manifest file '../../build/publish_odom/publish_odom.egg-info/SOURCES.txt'
reading manifest file '../../build/publish_odom/publish_odom.egg-info/SOURCES.txt'
writing manifest file '../../build/publish_odom/publish_odom.egg-info/SOURCES.txt'
running build
running build_py
creating /home/halit/acrome_mini_robot/build/publish_odom/build
creating /home/halit/acrome_mini_robot/build/publish_odom/build/lib
creating /home/halit/acrome_mini_robot/build/publish_odom/build/lib/publish_odom
copying publish_odom/get_odometry_from_rasbery.py -> /home/halit/acrome_mini_robot/build/publish_odom/build/lib/publish_odom
copying publish_odom/__init__.py -> /home/halit/acrome_mini_robot/build/publish_odom/build/lib/publish_odom
running install
running install_lib
creating /home/halit/acrome_mini_robot/install/publish_odom/lib/python3.12/site-packages/publish_odom
copying /home/halit/acrome_mini_robot/build/publish_odom/build/lib/publish_odom/get_odometry_from_rasbery.py -> /home/halit/acrome_mini_robot/install/publish_odom/lib/python3.12/site-packages/publish_odom
copying /home/halit/acrome_mini_robot/build/publish_odom/build/lib/publish_odom/__init__.py -> /home/halit/acrome_mini_robot/install/publish_odom/lib/python3.12/site-packages/publish_odom
byte-compiling /home/halit/acrome_mini_robot/install/publish_odom/lib/python3.12/site-packages/publish_odom/get_odometry_from_rasbery.py to get_odometry_from_rasbery.cpython-312.pyc
byte-compiling /home/halit/acrome_mini_robot/install/publish_odom/lib/python3.12/site-packages/publish_odom/__init__.py to __init__.cpython-312.pyc
running install_data
creating /home/halit/acrome_mini_robot/install/publish_odom/share/ament_index
creating /home/halit/acrome_mini_robot/install/publish_odom/share/ament_index/resource_index
creating /home/halit/acrome_mini_robot/install/publish_odom/share/ament_index/resource_index/packages
copying resource/publish_odom -> /home/halit/acrome_mini_robot/install/publish_odom/share/ament_index/resource_index/packages
copying package.xml -> /home/halit/acrome_mini_robot/install/publish_odom/share/publish_odom
running install_egg_info
Copying ../../build/publish_odom/publish_odom.egg-info to /home/halit/acrome_mini_robot/install/publish_odom/lib/python3.12/site-packages/publish_odom-0.0.0-py3.12.egg-info
running install_scripts
Installing get_odometry_from_rasbery script to /home/halit/acrome_mini_robot/install/publish_odom/lib/publish_odom
writing list of installed files to '/home/halit/acrome_mini_robot/build/publish_odom/install.log'
