running egg_info
writing ../../build/set_slam/set_slam.egg-info/PKG-INFO
writing dependency_links to ../../build/set_slam/set_slam.egg-info/dependency_links.txt
writing entry points to ../../build/set_slam/set_slam.egg-info/entry_points.txt
writing requirements to ../../build/set_slam/set_slam.egg-info/requires.txt
writing top-level names to ../../build/set_slam/set_slam.egg-info/top_level.txt
reading manifest file '../../build/set_slam/set_slam.egg-info/SOURCES.txt'
writing manifest file '../../build/set_slam/set_slam.egg-info/SOURCES.txt'
running build
running build_py
running install
running install_lib
running install_data
copying set_slam/launch/teleop.py -> /home/halit/acrome_mini_robot/install/set_slam/share/set_slam/launch
copying set_slam/launch/display.launch.py -> /home/halit/acrome_mini_robot/install/set_slam/share/set_slam/launch
copying set_slam/launch/slam_launch.py -> /home/halit/acrome_mini_robot/install/set_slam/share/set_slam/launch
copying worlds/empty_with_ground.sdf -> /home/halit/acrome_mini_robot/install/set_slam/share/set_slam/worlds
running install_egg_info
removing '/home/halit/acrome_mini_robot/install/set_slam/lib/python3.12/site-packages/set_slam-0.0.0-py3.12.egg-info' (and everything under it)
Copying ../../build/set_slam/set_slam.egg-info to /home/halit/acrome_mini_robot/install/set_slam/lib/python3.12/site-packages/set_slam-0.0.0-py3.12.egg-info
running install_scripts
Installing odom_to_tf_broadcaster script to /home/halit/acrome_mini_robot/install/set_slam/lib/set_slam
writing list of installed files to '/home/halit/acrome_mini_robot/build/set_slam/install.log'
