[0.842s] Invoking command in '/home/halit/acrome_mini_robot/src/set_slam': PYTHONPATH=/home/halit/acrome_mini_robot/build/set_slam/prefix_override:/usr/lib/python3/dist-packages/colcon_core/task/python/colcon_distutils_commands:/home/halit/acrome_mini_robot/install/set_slam/lib/python3.12/site-packages:${PYTHONPATH} /usr/bin/python3 -W ignore:setup.py install is deprecated -W ignore:easy_install command is deprecated setup.py egg_info --egg-base ../../build/set_slam build --build-base /home/halit/acrome_mini_robot/build/set_slam/build install --record /home/halit/acrome_mini_robot/build/set_slam/install.log --single-version-externally-managed install_data
[1.022s] running egg_info
[1.034s] writing ../../build/set_slam/set_slam.egg-info/PKG-INFO
[1.035s] writing dependency_links to ../../build/set_slam/set_slam.egg-info/dependency_links.txt
[1.035s] writing entry points to ../../build/set_slam/set_slam.egg-info/entry_points.txt
[1.035s] writing requirements to ../../build/set_slam/set_slam.egg-info/requires.txt
[1.035s] writing top-level names to ../../build/set_slam/set_slam.egg-info/top_level.txt
[1.061s] reading manifest file '../../build/set_slam/set_slam.egg-info/SOURCES.txt'
[1.063s] writing manifest file '../../build/set_slam/set_slam.egg-info/SOURCES.txt'
[1.063s] running build
[1.063s] running build_py
[1.063s] running install
[1.067s] running install_lib
[1.081s] running install_data
[1.081s] copying set_slam/launch/teleop.py -> /home/halit/acrome_mini_robot/install/set_slam/share/set_slam/launch
[1.082s] copying set_slam/launch/display.launch.py -> /home/halit/acrome_mini_robot/install/set_slam/share/set_slam/launch
[1.083s] creating /home/halit/acrome_mini_robot/install/set_slam/share/set_slam/nodes
[1.084s] copying nodes/odometry_publisher.py -> /home/halit/acrome_mini_robot/install/set_slam/share/set_slam/nodes
[1.084s] running install_egg_info
[1.098s] removing '/home/halit/acrome_mini_robot/install/set_slam/lib/python3.12/site-packages/set_slam-0.0.0-py3.12.egg-info' (and everything under it)
[1.099s] Copying ../../build/set_slam/set_slam.egg-info to /home/halit/acrome_mini_robot/install/set_slam/lib/python3.12/site-packages/set_slam-0.0.0-py3.12.egg-info
[1.100s] running install_scripts
[1.183s] Installing odom_to_tf_broadcaster script to /home/halit/acrome_mini_robot/install/set_slam/lib/set_slam
[1.184s] writing list of installed files to '/home/halit/acrome_mini_robot/build/set_slam/install.log'
[1.203s] Invoked command in '/home/halit/acrome_mini_robot/src/set_slam' returned '0': PYTHONPATH=/home/halit/acrome_mini_robot/build/set_slam/prefix_override:/usr/lib/python3/dist-packages/colcon_core/task/python/colcon_distutils_commands:/home/halit/acrome_mini_robot/install/set_slam/lib/python3.12/site-packages:${PYTHONPATH} /usr/bin/python3 -W ignore:setup.py install is deprecated -W ignore:easy_install command is deprecated setup.py egg_info --egg-base ../../build/set_slam build --build-base /home/halit/acrome_mini_robot/build/set_slam/build install --record /home/halit/acrome_mini_robot/build/set_slam/install.log --single-version-externally-managed install_data
