[1.235s] Invoking command in '/home/halit/raspberry/src/set_slam': PYTHONPATH=/home/halit/raspberry/build/set_slam/prefix_override:/usr/lib/python3/dist-packages/colcon_core/task/python/colcon_distutils_commands:/home/halit/raspberry/install/set_slam/lib/python3.12/site-packages:${PYTHONPATH} /usr/bin/python3 -W ignore:setup.py install is deprecated -W ignore:easy_install command is deprecated setup.py egg_info --egg-base ../../build/set_slam build --build-base /home/halit/raspberry/build/set_slam/build install --record /home/halit/raspberry/build/set_slam/install.log --single-version-externally-managed install_data
[1.455s] running egg_info
[1.455s] creating ../../build/set_slam/set_slam.egg-info
[1.471s] writing ../../build/set_slam/set_slam.egg-info/PKG-INFO
[1.472s] writing dependency_links to ../../build/set_slam/set_slam.egg-info/dependency_links.txt
[1.472s] writing entry points to ../../build/set_slam/set_slam.egg-info/entry_points.txt
[1.473s] writing requirements to ../../build/set_slam/set_slam.egg-info/requires.txt
[1.473s] writing top-level names to ../../build/set_slam/set_slam.egg-info/top_level.txt
[1.473s] writing manifest file '../../build/set_slam/set_slam.egg-info/SOURCES.txt'
[1.509s] reading manifest file '../../build/set_slam/set_slam.egg-info/SOURCES.txt'
[1.510s] writing manifest file '../../build/set_slam/set_slam.egg-info/SOURCES.txt'
[1.510s] running build
[1.510s] running build_py
[1.510s] creating /home/halit/raspberry/build/set_slam/build
[1.510s] creating /home/halit/raspberry/build/set_slam/build/lib
[1.510s] creating /home/halit/raspberry/build/set_slam/build/lib/set_slam
[1.510s] copying set_slam/__init__.py -> /home/halit/raspberry/build/set_slam/build/lib/set_slam
[1.511s] running install
[1.517s] running install_lib
[1.534s] creating /home/halit/raspberry/install/set_slam/lib/python3.12/site-packages/set_slam
[1.535s] copying /home/halit/raspberry/build/set_slam/build/lib/set_slam/__init__.py -> /home/halit/raspberry/install/set_slam/lib/python3.12/site-packages/set_slam
[1.535s] byte-compiling /home/halit/raspberry/install/set_slam/lib/python3.12/site-packages/set_slam/__init__.py to __init__.cpython-312.pyc
[1.536s] running install_data
[1.537s] creating /home/halit/raspberry/install/set_slam/share/ament_index
[1.537s] creating /home/halit/raspberry/install/set_slam/share/ament_index/resource_index
[1.537s] creating /home/halit/raspberry/install/set_slam/share/ament_index/resource_index/packages
[1.537s] copying resource/set_slam -> /home/halit/raspberry/install/set_slam/share/ament_index/resource_index/packages
[1.537s] copying package.xml -> /home/halit/raspberry/install/set_slam/share/set_slam
[1.537s] running install_egg_info
[1.553s] Copying ../../build/set_slam/set_slam.egg-info to /home/halit/raspberry/install/set_slam/lib/python3.12/site-packages/set_slam-0.0.0-py3.12.egg-info
[1.555s] running install_scripts
[1.661s] Installing slam_launch script to /home/halit/raspberry/install/set_slam/lib/set_slam
[1.661s] writing list of installed files to '/home/halit/raspberry/build/set_slam/install.log'
[1.702s] Invoked command in '/home/halit/raspberry/src/set_slam' returned '0': PYTHONPATH=/home/halit/raspberry/build/set_slam/prefix_override:/usr/lib/python3/dist-packages/colcon_core/task/python/colcon_distutils_commands:/home/halit/raspberry/install/set_slam/lib/python3.12/site-packages:${PYTHONPATH} /usr/bin/python3 -W ignore:setup.py install is deprecated -W ignore:easy_install command is deprecated setup.py egg_info --egg-base ../../build/set_slam build --build-base /home/halit/raspberry/build/set_slam/build install --record /home/halit/raspberry/build/set_slam/install.log --single-version-externally-managed install_data
