[0.588s] Invoking command in '/home/halit/acrome_mini_robot/src/set_slam': PYTHONPATH=/home/halit/acrome_mini_robot/build/set_slam/prefix_override:/usr/lib/python3/dist-packages/colcon_core/task/python/colcon_distutils_commands:/home/halit/acrome_mini_robot/install/set_slam/lib/python3.12/site-packages:${PYTHONPATH} /usr/bin/python3 -W ignore:setup.py install is deprecated -W ignore:easy_install command is deprecated setup.py egg_info --egg-base ../../build/set_slam build --build-base /home/halit/acrome_mini_robot/build/set_slam/build install --record /home/halit/acrome_mini_robot/build/set_slam/install.log --single-version-externally-managed install_data
[0.776s] running egg_info
[0.789s] writing ../../build/set_slam/set_slam.egg-info/PKG-INFO
[0.789s] writing dependency_links to ../../build/set_slam/set_slam.egg-info/dependency_links.txt
[0.789s] writing entry points to ../../build/set_slam/set_slam.egg-info/entry_points.txt
[0.790s] writing requirements to ../../build/set_slam/set_slam.egg-info/requires.txt
[0.790s] writing top-level names to ../../build/set_slam/set_slam.egg-info/top_level.txt
[0.817s] reading manifest file '../../build/set_slam/set_slam.egg-info/SOURCES.txt'
[0.817s] writing manifest file '../../build/set_slam/set_slam.egg-info/SOURCES.txt'
[0.817s] running build
[0.817s] running build_py
[0.818s] running install
[0.823s] running install_lib
[0.836s] running install_data
[0.836s] copying config/controllers_params.yaml -> /home/halit/acrome_mini_robot/install/set_slam/share/set_slam/config
[0.836s] running install_egg_info
[0.851s] removing '/home/halit/acrome_mini_robot/install/set_slam/lib/python3.12/site-packages/set_slam-0.0.0-py3.12.egg-info' (and everything under it)
[0.851s] Copying ../../build/set_slam/set_slam.egg-info to /home/halit/acrome_mini_robot/install/set_slam/lib/python3.12/site-packages/set_slam-0.0.0-py3.12.egg-info
[0.852s] running install_scripts
[0.945s] Installing odom_to_tf_broadcaster script to /home/halit/acrome_mini_robot/install/set_slam/lib/set_slam
[0.945s] writing list of installed files to '/home/halit/acrome_mini_robot/build/set_slam/install.log'
[0.965s] Invoked command in '/home/halit/acrome_mini_robot/src/set_slam' returned '0': PYTHONPATH=/home/halit/acrome_mini_robot/build/set_slam/prefix_override:/usr/lib/python3/dist-packages/colcon_core/task/python/colcon_distutils_commands:/home/halit/acrome_mini_robot/install/set_slam/lib/python3.12/site-packages:${PYTHONPATH} /usr/bin/python3 -W ignore:setup.py install is deprecated -W ignore:easy_install command is deprecated setup.py egg_info --egg-base ../../build/set_slam build --build-base /home/halit/acrome_mini_robot/build/set_slam/build install --record /home/halit/acrome_mini_robot/build/set_slam/install.log --single-version-externally-managed install_data
