/home/halit/acrome_mini_robot/install/set_slam/lib/python3.12/site-packages/set_slam/__init__.py
/home/halit/acrome_mini_robot/install/set_slam/lib/python3.12/site-packages/set_slam/nodes/odom_to_tf_broadcaster.py
/home/halit/acrome_mini_robot/install/set_slam/lib/python3.12/site-packages/set_slam/nodes/__init__.py
/home/halit/acrome_mini_robot/install/set_slam/lib/python3.12/site-packages/set_slam/__pycache__/__init__.cpython-312.pyc
/home/halit/acrome_mini_robot/install/set_slam/lib/python3.12/site-packages/set_slam/nodes/__pycache__/odom_to_tf_broadcaster.cpython-312.pyc
/home/halit/acrome_mini_robot/install/set_slam/lib/python3.12/site-packages/set_slam/nodes/__pycache__/__init__.cpython-312.pyc
/home/halit/acrome_mini_robot/install/set_slam/share/ament_index/resource_index/packages/set_slam
/home/halit/acrome_mini_robot/install/set_slam/share/set_slam/package.xml
/home/halit/acrome_mini_robot/install/set_slam/share/set_slam/launch/teleop.py
/home/halit/acrome_mini_robot/install/set_slam/share/set_slam/launch/display.launch.py
/home/halit/acrome_mini_robot/install/set_slam/share/set_slam/launch/slam_launch.py
/home/halit/acrome_mini_robot/install/set_slam/share/set_slam/config/controllers_params.yaml
/home/halit/acrome_mini_robot/install/set_slam/share/set_slam/config/mapper_params_online_sync.yaml
/home/halit/acrome_mini_robot/install/set_slam/share/set_slam/config/ekf.yaml
/home/halit/acrome_mini_robot/install/set_slam/share/set_slam/urdf/acrome_mini_robot.xacro
/home/halit/acrome_mini_robot/install/set_slam/share/set_slam/meshes/base_link.stl
/home/halit/acrome_mini_robot/install/set_slam/share/set_slam/meshes/left_wheel.stl
/home/halit/acrome_mini_robot/install/set_slam/share/set_slam/meshes/right_wheel.stl
/home/halit/acrome_mini_robot/install/set_slam/share/set_slam/worlds/empty_with_ground.sdf
/home/halit/acrome_mini_robot/install/set_slam/share/set_slam/rviz/fixed.rviz
/home/halit/acrome_mini_robot/install/set_slam/lib/python3.12/site-packages/set_slam-0.0.0-py3.12.egg-info/entry_points.txt
/home/halit/acrome_mini_robot/install/set_slam/lib/python3.12/site-packages/set_slam-0.0.0-py3.12.egg-info/zip-safe
/home/halit/acrome_mini_robot/install/set_slam/lib/python3.12/site-packages/set_slam-0.0.0-py3.12.egg-info/PKG-INFO
/home/halit/acrome_mini_robot/install/set_slam/lib/python3.12/site-packages/set_slam-0.0.0-py3.12.egg-info/requires.txt
/home/halit/acrome_mini_robot/install/set_slam/lib/python3.12/site-packages/set_slam-0.0.0-py3.12.egg-info/top_level.txt
/home/halit/acrome_mini_robot/install/set_slam/lib/python3.12/site-packages/set_slam-0.0.0-py3.12.egg-info/dependency_links.txt
/home/halit/acrome_mini_robot/install/set_slam/lib/python3.12/site-packages/set_slam-0.0.0-py3.12.egg-info/SOURCES.txt
/home/halit/acrome_mini_robot/install/set_slam/lib/set_slam/odom_to_tf_broadcaster
