[1.006s] Invoking command in '/home/halit/acrome_mini_robot/src/publish_odom': PYTHONPATH=/home/halit/acrome_mini_robot/build/publish_odom/prefix_override:/usr/lib/python3/dist-packages/colcon_core/task/python/colcon_distutils_commands:/home/halit/acrome_mini_robot/install/publish_odom/lib/python3.12/site-packages:${PYTHONPATH} /usr/bin/python3 -W ignore:setup.py install is deprecated -W ignore:easy_install command is deprecated setup.py egg_info --egg-base ../../build/publish_odom build --build-base /home/halit/acrome_mini_robot/build/publish_odom/build install --record /home/halit/acrome_mini_robot/build/publish_odom/install.log --single-version-externally-managed install_data
[1.198s] running egg_info
[1.212s] writing ../../build/publish_odom/publish_odom.egg-info/PKG-INFO
[1.212s] writing dependency_links to ../../build/publish_odom/publish_odom.egg-info/dependency_links.txt
[1.212s] writing entry points to ../../build/publish_odom/publish_odom.egg-info/entry_points.txt
[1.213s] writing requirements to ../../build/publish_odom/publish_odom.egg-info/requires.txt
[1.213s] writing top-level names to ../../build/publish_odom/publish_odom.egg-info/top_level.txt
[1.240s] reading manifest file '../../build/publish_odom/publish_odom.egg-info/SOURCES.txt'
[1.241s] writing manifest file '../../build/publish_odom/publish_odom.egg-info/SOURCES.txt'
[1.241s] running build
[1.241s] running build_py
[1.241s] copying publish_odom/get_odometry_from_rasbery.py -> /home/halit/acrome_mini_robot/build/publish_odom/build/lib/publish_odom
[1.241s] running install
[1.246s] running install_lib
[1.260s] copying /home/halit/acrome_mini_robot/build/publish_odom/build/lib/publish_odom/get_odometry_from_rasbery.py -> /home/halit/acrome_mini_robot/install/publish_odom/lib/python3.12/site-packages/publish_odom
[1.260s] byte-compiling /home/halit/acrome_mini_robot/install/publish_odom/lib/python3.12/site-packages/publish_odom/get_odometry_from_rasbery.py to get_odometry_from_rasbery.cpython-312.pyc
[1.261s] running install_data
[1.261s] running install_egg_info
[1.276s] removing '/home/halit/acrome_mini_robot/install/publish_odom/lib/python3.12/site-packages/publish_odom-0.0.0-py3.12.egg-info' (and everything under it)
[1.277s] Copying ../../build/publish_odom/publish_odom.egg-info to /home/halit/acrome_mini_robot/install/publish_odom/lib/python3.12/site-packages/publish_odom-0.0.0-py3.12.egg-info
[1.277s] running install_scripts
[1.367s] Installing get_odometry_from_rasbery script to /home/halit/acrome_mini_robot/install/publish_odom/lib/publish_odom
[1.367s] writing list of installed files to '/home/halit/acrome_mini_robot/build/publish_odom/install.log'
[1.392s] Invoked command in '/home/halit/acrome_mini_robot/src/publish_odom' returned '0': PYTHONPATH=/home/halit/acrome_mini_robot/build/publish_odom/prefix_override:/usr/lib/python3/dist-packages/colcon_core/task/python/colcon_distutils_commands:/home/halit/acrome_mini_robot/install/publish_odom/lib/python3.12/site-packages:${PYTHONPATH} /usr/bin/python3 -W ignore:setup.py install is deprecated -W ignore:easy_install command is deprecated setup.py egg_info --egg-base ../../build/publish_odom build --build-base /home/halit/acrome_mini_robot/build/publish_odom/build install --record /home/halit/acrome_mini_robot/build/publish_odom/install.log --single-version-externally-managed install_data
