[0.156s] Invoking command in '/home/halit/acrome_mini_robot/build/rf2o_laser_odometry': CMAKE_PREFIX_PATH=${CMAKE_PREFIX_PATH}:/home/halit/acrome_mini_robot/install/set_slam:/home/halit/acrome_mini_robot/install/publish_lidar:/opt/ros/jazzy /usr/bin/cmake /home/halit/acrome_mini_robot/src/rf2o_laser_odometry -DAMENT_CMAKE_SYMLINK_INSTALL=1 -DCMAKE_INSTALL_PREFIX=/home/halit/acrome_mini_robot/install/rf2o_laser_odometry
[0.165s] -- Found ament_cmake: 2.5.4 (/opt/ros/jazzy/share/ament_cmake/cmake)
[0.327s] -- Override CMake install command with custom implementation using symlinks instead of copying resources
[0.327s] -- Found rclcpp: 28.1.11 (/opt/ros/jazzy/share/rclcpp/cmake)
[0.442s] -- Found rosidl_generator_c: 4.6.6 (/opt/ros/jazzy/share/rosidl_generator_c/cmake)
[0.448s] -- Found rosidl_generator_cpp: 4.6.6 (/opt/ros/jazzy/share/rosidl_generator_cpp/cmake)
[0.457s] -- Using all available rosidl_typesupport_c: rosidl_typesupport_fastrtps_c;rosidl_typesupport_introspection_c
[0.467s] -- Using all available rosidl_typesupport_cpp: rosidl_typesupport_fastrtps_cpp;rosidl_typesupport_introspection_cpp
[0.515s] -- Found rmw_implementation_cmake: 7.3.2 (/opt/ros/jazzy/share/rmw_implementation_cmake/cmake)
[0.515s] -- Found rmw_fastrtps_cpp: 8.4.3 (/opt/ros/jazzy/share/rmw_fastrtps_cpp/cmake)
[0.675s] -- Using RMW implementation 'rmw_fastrtps_cpp' as default
[0.801s] -- Found std_msgs: 5.3.6 (/opt/ros/jazzy/share/std_msgs/cmake)
[0.811s] -- Found geometry_msgs: 5.3.6 (/opt/ros/jazzy/share/geometry_msgs/cmake)
[0.822s] -- Found tf2_geometry_msgs: 0.36.14 (/opt/ros/jazzy/share/tf2_geometry_msgs/cmake)
[0.825s] -- Found eigen3_cmake_module: 0.3.0 (/opt/ros/jazzy/share/eigen3_cmake_module/cmake)
[0.826s] -- Ensuring Eigen3 include directory is part of orocos-kdl CMake target
[0.917s] -- Found sensor_msgs: 5.3.6 (/opt/ros/jazzy/share/sensor_msgs/cmake)
[0.935s] -- Found nav_msgs: 5.3.6 (/opt/ros/jazzy/share/nav_msgs/cmake)
[1.040s] -- Configuring done (0.9s)
[1.057s] -- Generating done (0.0s)
[1.060s] -- Build files have been written to: /home/halit/acrome_mini_robot/build/rf2o_laser_odometry
[1.067s] Invoked command in '/home/halit/acrome_mini_robot/build/rf2o_laser_odometry' returned '0': CMAKE_PREFIX_PATH=${CMAKE_PREFIX_PATH}:/home/halit/acrome_mini_robot/install/set_slam:/home/halit/acrome_mini_robot/install/publish_lidar:/opt/ros/jazzy /usr/bin/cmake /home/halit/acrome_mini_robot/src/rf2o_laser_odometry -DAMENT_CMAKE_SYMLINK_INSTALL=1 -DCMAKE_INSTALL_PREFIX=/home/halit/acrome_mini_robot/install/rf2o_laser_odometry
[1.069s] Invoking command in '/home/halit/acrome_mini_robot/build/rf2o_laser_odometry': CMAKE_PREFIX_PATH=${CMAKE_PREFIX_PATH}:/home/halit/acrome_mini_robot/install/set_slam:/home/halit/acrome_mini_robot/install/publish_lidar:/opt/ros/jazzy /usr/bin/cmake --build /home/halit/acrome_mini_robot/build/rf2o_laser_odometry -- -j4 -l4
[1.119s] [ 40%] Built target rf2o_laser_odometry
[1.128s] [ 60%] [32m[1mLinking CXX executable rf2o_laser_odometry_node[0m
[1.768s] [100%] Built target rf2o_laser_odometry_node
[1.776s] Invoked command in '/home/halit/acrome_mini_robot/build/rf2o_laser_odometry' returned '0': CMAKE_PREFIX_PATH=${CMAKE_PREFIX_PATH}:/home/halit/acrome_mini_robot/install/set_slam:/home/halit/acrome_mini_robot/install/publish_lidar:/opt/ros/jazzy /usr/bin/cmake --build /home/halit/acrome_mini_robot/build/rf2o_laser_odometry -- -j4 -l4
[1.783s] Invoking command in '/home/halit/acrome_mini_robot/build/rf2o_laser_odometry': CMAKE_PREFIX_PATH=${CMAKE_PREFIX_PATH}:/home/halit/acrome_mini_robot/install/set_slam:/home/halit/acrome_mini_robot/install/publish_lidar:/opt/ros/jazzy /usr/bin/cmake --install /home/halit/acrome_mini_robot/build/rf2o_laser_odometry
[1.788s] -- Install configuration: ""
[1.788s] -- Execute custom install script
[1.788s] -- Symlinking: /home/halit/acrome_mini_robot/install/rf2o_laser_odometry/lib/rf2o_laser_odometry/rf2o_laser_odometry_node
[1.796s] -- Symlinking: /home/halit/acrome_mini_robot/install/rf2o_laser_odometry/share/rf2o_laser_odometry/launch/rf2o_laser_odometry.launch.py
[1.802s] -- Symlinking: /home/halit/acrome_mini_robot/install/rf2o_laser_odometry/share/ament_index/resource_index/package_run_dependencies/rf2o_laser_odometry
[1.808s] -- Symlinking: /home/halit/acrome_mini_robot/install/rf2o_laser_odometry/share/ament_index/resource_index/parent_prefix_path/rf2o_laser_odometry
[1.814s] -- Symlinking: /home/halit/acrome_mini_robot/install/rf2o_laser_odometry/share/rf2o_laser_odometry/environment/ament_prefix_path.sh
[1.820s] -- Symlinking: /home/halit/acrome_mini_robot/install/rf2o_laser_odometry/share/rf2o_laser_odometry/environment/ament_prefix_path.dsv
[1.826s] -- Symlinking: /home/halit/acrome_mini_robot/install/rf2o_laser_odometry/share/rf2o_laser_odometry/environment/path.sh
[1.832s] -- Symlinking: /home/halit/acrome_mini_robot/install/rf2o_laser_odometry/share/rf2o_laser_odometry/environment/path.dsv
[1.838s] -- Symlinking: /home/halit/acrome_mini_robot/install/rf2o_laser_odometry/share/rf2o_laser_odometry/local_setup.bash
[1.844s] -- Symlinking: /home/halit/acrome_mini_robot/install/rf2o_laser_odometry/share/rf2o_laser_odometry/local_setup.sh
[1.850s] -- Symlinking: /home/halit/acrome_mini_robot/install/rf2o_laser_odometry/share/rf2o_laser_odometry/local_setup.zsh
[1.856s] -- Symlinking: /home/halit/acrome_mini_robot/install/rf2o_laser_odometry/share/rf2o_laser_odometry/local_setup.dsv
[1.861s] -- Symlinking: /home/halit/acrome_mini_robot/install/rf2o_laser_odometry/share/rf2o_laser_odometry/package.dsv
[1.868s] -- Symlinking: /home/halit/acrome_mini_robot/install/rf2o_laser_odometry/share/ament_index/resource_index/packages/rf2o_laser_odometry
[1.874s] -- Symlinking: /home/halit/acrome_mini_robot/install/rf2o_laser_odometry/share/rf2o_laser_odometry/cmake/rf2o_laser_odometryConfig.cmake
[1.880s] -- Symlinking: /home/halit/acrome_mini_robot/install/rf2o_laser_odometry/share/rf2o_laser_odometry/cmake/rf2o_laser_odometryConfig-version.cmake
[1.886s] -- Symlinking: /home/halit/acrome_mini_robot/install/rf2o_laser_odometry/share/rf2o_laser_odometry/package.xml
[1.893s] Invoked command in '/home/halit/acrome_mini_robot/build/rf2o_laser_odometry' returned '0': CMAKE_PREFIX_PATH=${CMAKE_PREFIX_PATH}:/home/halit/acrome_mini_robot/install/set_slam:/home/halit/acrome_mini_robot/install/publish_lidar:/opt/ros/jazzy /usr/bin/cmake --install /home/halit/acrome_mini_robot/build/rf2o_laser_odometry
