[0.897s] DEBUG:colcon:Command line arguments: ['/usr/bin/colcon', 'build']
[0.897s] DEBUG:colcon:Parsed command line arguments: Namespace(log_base=None, log_level=None, verb_name='build', build_base='build', install_base='install', merge_install=False, symlink_install=False, test_result_base=None, continue_on_error=False, executor='parallel', parallel_workers=4, event_handlers=None, ignore_user_meta=False, metas=['./colcon.meta'], base_paths=['.'], packages_ignore=None, packages_ignore_regex=None, paths=None, packages_up_to=None, packages_up_to_regex=None, packages_above=None, packages_above_and_dependencies=None, packages_above_depth=None, packages_select_by_dep=None, packages_skip_by_dep=None, packages_skip_up_to=None, packages_select_build_failed=False, packages_skip_build_finished=False, packages_select_test_failures=False, packages_skip_test_passed=False, packages_select=None, packages_skip=None, packages_select_regex=None, packages_skip_regex=None, packages_start=None, packages_end=None, allow_overriding=[], cmake_args=None, cmake_target=None, cmake_target_skip_unavailable=False, cmake_clean_cache=False, cmake_clean_first=False, cmake_force_configure=False, ament_cmake_args=None, catkin_cmake_args=None, catkin_skip_building_tests=False, mixin_files=None, mixin=None, verb_parser=<colcon_mixin.mixin.mixin_argument.MixinArgumentDecorator object at 0x7bfdac38af60>, verb_extension=<colcon_core.verb.build.BuildVerb object at 0x7bfdac38aba0>, main=<bound method BuildVerb.main of <colcon_core.verb.build.BuildVerb object at 0x7bfdac38aba0>>, mixin_verb=('build',))
[1.035s] Level 1:colcon.colcon_core.package_discovery:discover_packages(colcon_meta) check parameters
[1.035s] Level 1:colcon.colcon_core.package_discovery:discover_packages(recursive) check parameters
[1.036s] Level 1:colcon.colcon_core.package_discovery:discover_packages(ignore) check parameters
[1.036s] Level 1:colcon.colcon_core.package_discovery:discover_packages(path) check parameters
[1.036s] Level 1:colcon.colcon_core.package_discovery:discover_packages(colcon_meta) discover
[1.036s] Level 1:colcon.colcon_core.package_discovery:discover_packages(recursive) discover
[1.036s] INFO:colcon.colcon_core.package_discovery:Crawling recursively for packages in '/home/halit/acrome_mini_robot'
[1.036s] Level 1:colcon.colcon_core.package_identification:_identify(.) by extensions ['ignore', 'ignore_ament_install']
[1.036s] Level 1:colcon.colcon_core.package_identification:_identify(.) by extension 'ignore'
[1.036s] Level 1:colcon.colcon_core.package_identification:_identify(.) by extension 'ignore_ament_install'
[1.036s] Level 1:colcon.colcon_core.package_identification:_identify(.) by extensions ['colcon_pkg']
[1.036s] Level 1:colcon.colcon_core.package_identification:_identify(.) by extension 'colcon_pkg'
[1.036s] Level 1:colcon.colcon_core.package_identification:_identify(.) by extensions ['colcon_meta']
[1.036s] Level 1:colcon.colcon_core.package_identification:_identify(.) by extension 'colcon_meta'
[1.036s] Level 1:colcon.colcon_core.package_identification:_identify(.) by extensions ['ros']
[1.036s] Level 1:colcon.colcon_core.package_identification:_identify(.) by extension 'ros'
[1.097s] Level 1:colcon.colcon_core.package_identification:_identify(.) by extensions ['cmake', 'python']
[1.097s] Level 1:colcon.colcon_core.package_identification:_identify(.) by extension 'cmake'
[1.097s] Level 1:colcon.colcon_core.package_identification:_identify(.) by extension 'python'
[1.097s] Level 1:colcon.colcon_core.package_identification:_identify(.) by extensions ['python_setup_py']
[1.097s] Level 1:colcon.colcon_core.package_identification:_identify(.) by extension 'python_setup_py'
[1.097s] Level 1:colcon.colcon_core.package_identification:_identify(__pycache__) by extensions ['ignore', 'ignore_ament_install']
[1.098s] Level 1:colcon.colcon_core.package_identification:_identify(__pycache__) by extension 'ignore'
[1.098s] Level 1:colcon.colcon_core.package_identification:_identify(__pycache__) by extension 'ignore_ament_install'
[1.098s] Level 1:colcon.colcon_core.package_identification:_identify(__pycache__) by extensions ['colcon_pkg']
[1.098s] Level 1:colcon.colcon_core.package_identification:_identify(__pycache__) by extension 'colcon_pkg'
[1.098s] Level 1:colcon.colcon_core.package_identification:_identify(__pycache__) by extensions ['colcon_meta']
[1.098s] Level 1:colcon.colcon_core.package_identification:_identify(__pycache__) by extension 'colcon_meta'
[1.098s] Level 1:colcon.colcon_core.package_identification:_identify(__pycache__) by extensions ['ros']
[1.098s] Level 1:colcon.colcon_core.package_identification:_identify(__pycache__) by extension 'ros'
[1.098s] Level 1:colcon.colcon_core.package_identification:_identify(__pycache__) by extensions ['cmake', 'python']
[1.098s] Level 1:colcon.colcon_core.package_identification:_identify(__pycache__) by extension 'cmake'
[1.098s] Level 1:colcon.colcon_core.package_identification:_identify(__pycache__) by extension 'python'
[1.098s] Level 1:colcon.colcon_core.package_identification:_identify(__pycache__) by extensions ['python_setup_py']
[1.098s] Level 1:colcon.colcon_core.package_identification:_identify(__pycache__) by extension 'python_setup_py'
[1.099s] Level 1:colcon.colcon_core.package_identification:_identify(build) by extensions ['ignore', 'ignore_ament_install']
[1.099s] Level 1:colcon.colcon_core.package_identification:_identify(build) by extension 'ignore'
[1.099s] Level 1:colcon.colcon_core.package_identification:_identify(build) ignored
[1.099s] Level 1:colcon.colcon_core.package_identification:_identify(files that in raspbery) by extensions ['ignore', 'ignore_ament_install']
[1.099s] Level 1:colcon.colcon_core.package_identification:_identify(files that in raspbery) by extension 'ignore'
[1.099s] Level 1:colcon.colcon_core.package_identification:_identify(files that in raspbery) by extension 'ignore_ament_install'
[1.099s] Level 1:colcon.colcon_core.package_identification:_identify(files that in raspbery) by extensions ['colcon_pkg']
[1.099s] Level 1:colcon.colcon_core.package_identification:_identify(files that in raspbery) by extension 'colcon_pkg'
[1.099s] Level 1:colcon.colcon_core.package_identification:_identify(files that in raspbery) by extensions ['colcon_meta']
[1.099s] Level 1:colcon.colcon_core.package_identification:_identify(files that in raspbery) by extension 'colcon_meta'
[1.099s] Level 1:colcon.colcon_core.package_identification:_identify(files that in raspbery) by extensions ['ros']
[1.099s] Level 1:colcon.colcon_core.package_identification:_identify(files that in raspbery) by extension 'ros'
[1.099s] Level 1:colcon.colcon_core.package_identification:_identify(files that in raspbery) by extensions ['cmake', 'python']
[1.099s] Level 1:colcon.colcon_core.package_identification:_identify(files that in raspbery) by extension 'cmake'
[1.099s] Level 1:colcon.colcon_core.package_identification:_identify(files that in raspbery) by extension 'python'
[1.099s] Level 1:colcon.colcon_core.package_identification:_identify(files that in raspbery) by extensions ['python_setup_py']
[1.099s] Level 1:colcon.colcon_core.package_identification:_identify(files that in raspbery) by extension 'python_setup_py'
[1.100s] Level 1:colcon.colcon_core.package_identification:_identify(files that in windows) by extensions ['ignore', 'ignore_ament_install']
[1.100s] Level 1:colcon.colcon_core.package_identification:_identify(files that in windows) by extension 'ignore'
[1.100s] Level 1:colcon.colcon_core.package_identification:_identify(files that in windows) by extension 'ignore_ament_install'
[1.100s] Level 1:colcon.colcon_core.package_identification:_identify(files that in windows) by extensions ['colcon_pkg']
[1.100s] Level 1:colcon.colcon_core.package_identification:_identify(files that in windows) by extension 'colcon_pkg'
[1.100s] Level 1:colcon.colcon_core.package_identification:_identify(files that in windows) by extensions ['colcon_meta']
[1.100s] Level 1:colcon.colcon_core.package_identification:_identify(files that in windows) by extension 'colcon_meta'
[1.100s] Level 1:colcon.colcon_core.package_identification:_identify(files that in windows) by extensions ['ros']
[1.100s] Level 1:colcon.colcon_core.package_identification:_identify(files that in windows) by extension 'ros'
[1.100s] Level 1:colcon.colcon_core.package_identification:_identify(files that in windows) by extensions ['cmake', 'python']
[1.100s] Level 1:colcon.colcon_core.package_identification:_identify(files that in windows) by extension 'cmake'
[1.101s] Level 1:colcon.colcon_core.package_identification:_identify(files that in windows) by extension 'python'
[1.101s] Level 1:colcon.colcon_core.package_identification:_identify(files that in windows) by extensions ['python_setup_py']
[1.101s] Level 1:colcon.colcon_core.package_identification:_identify(files that in windows) by extension 'python_setup_py'
[1.101s] Level 1:colcon.colcon_core.package_identification:_identify(install) by extensions ['ignore', 'ignore_ament_install']
[1.101s] Level 1:colcon.colcon_core.package_identification:_identify(install) by extension 'ignore'
[1.101s] Level 1:colcon.colcon_core.package_identification:_identify(install) ignored
[1.101s] Level 1:colcon.colcon_core.package_identification:_identify(log) by extensions ['ignore', 'ignore_ament_install']
[1.101s] Level 1:colcon.colcon_core.package_identification:_identify(log) by extension 'ignore'
[1.102s] Level 1:colcon.colcon_core.package_identification:_identify(log) ignored
[1.102s] Level 1:colcon.colcon_core.package_identification:_identify(src) by extensions ['ignore', 'ignore_ament_install']
[1.102s] Level 1:colcon.colcon_core.package_identification:_identify(src) by extension 'ignore'
[1.102s] Level 1:colcon.colcon_core.package_identification:_identify(src) by extension 'ignore_ament_install'
[1.102s] Level 1:colcon.colcon_core.package_identification:_identify(src) by extensions ['colcon_pkg']
[1.102s] Level 1:colcon.colcon_core.package_identification:_identify(src) by extension 'colcon_pkg'
[1.102s] Level 1:colcon.colcon_core.package_identification:_identify(src) by extensions ['colcon_meta']
[1.102s] Level 1:colcon.colcon_core.package_identification:_identify(src) by extension 'colcon_meta'
[1.102s] Level 1:colcon.colcon_core.package_identification:_identify(src) by extensions ['ros']
[1.102s] Level 1:colcon.colcon_core.package_identification:_identify(src) by extension 'ros'
[1.102s] Level 1:colcon.colcon_core.package_identification:_identify(src) by extensions ['cmake', 'python']
[1.102s] Level 1:colcon.colcon_core.package_identification:_identify(src) by extension 'cmake'
[1.102s] Level 1:colcon.colcon_core.package_identification:_identify(src) by extension 'python'
[1.103s] Level 1:colcon.colcon_core.package_identification:_identify(src) by extensions ['python_setup_py']
[1.103s] Level 1:colcon.colcon_core.package_identification:_identify(src) by extension 'python_setup_py'
[1.103s] Level 1:colcon.colcon_core.package_identification:_identify(src/publish_lidar) by extensions ['ignore', 'ignore_ament_install']
[1.103s] Level 1:colcon.colcon_core.package_identification:_identify(src/publish_lidar) by extension 'ignore'
[1.103s] Level 1:colcon.colcon_core.package_identification:_identify(src/publish_lidar) by extension 'ignore_ament_install'
[1.103s] Level 1:colcon.colcon_core.package_identification:_identify(src/publish_lidar) by extensions ['colcon_pkg']
[1.103s] Level 1:colcon.colcon_core.package_identification:_identify(src/publish_lidar) by extension 'colcon_pkg'
[1.103s] Level 1:colcon.colcon_core.package_identification:_identify(src/publish_lidar) by extensions ['colcon_meta']
[1.103s] Level 1:colcon.colcon_core.package_identification:_identify(src/publish_lidar) by extension 'colcon_meta'
[1.103s] Level 1:colcon.colcon_core.package_identification:_identify(src/publish_lidar) by extensions ['ros']
[1.104s] Level 1:colcon.colcon_core.package_identification:_identify(src/publish_lidar) by extension 'ros'
[1.109s] DEBUG:colcon.colcon_core.package_identification:Package 'src/publish_lidar' with type 'ros.ament_python' and name 'publish_lidar'
[1.109s] Level 1:colcon.colcon_core.package_identification:_identify(src/publish_odom) by extensions ['ignore', 'ignore_ament_install']
[1.109s] Level 1:colcon.colcon_core.package_identification:_identify(src/publish_odom) by extension 'ignore'
[1.109s] Level 1:colcon.colcon_core.package_identification:_identify(src/publish_odom) by extension 'ignore_ament_install'
[1.109s] Level 1:colcon.colcon_core.package_identification:_identify(src/publish_odom) by extensions ['colcon_pkg']
[1.109s] Level 1:colcon.colcon_core.package_identification:_identify(src/publish_odom) by extension 'colcon_pkg'
[1.109s] Level 1:colcon.colcon_core.package_identification:_identify(src/publish_odom) by extensions ['colcon_meta']
[1.109s] Level 1:colcon.colcon_core.package_identification:_identify(src/publish_odom) by extension 'colcon_meta'
[1.109s] Level 1:colcon.colcon_core.package_identification:_identify(src/publish_odom) by extensions ['ros']
[1.109s] Level 1:colcon.colcon_core.package_identification:_identify(src/publish_odom) by extension 'ros'
[1.110s] DEBUG:colcon.colcon_core.package_identification:Package 'src/publish_odom' with type 'ros.ament_python' and name 'publish_odom'
[1.110s] Level 1:colcon.colcon_core.package_identification:_identify(src/rf2o_laser_odometry) by extensions ['ignore', 'ignore_ament_install']
[1.110s] Level 1:colcon.colcon_core.package_identification:_identify(src/rf2o_laser_odometry) by extension 'ignore'
[1.111s] Level 1:colcon.colcon_core.package_identification:_identify(src/rf2o_laser_odometry) by extension 'ignore_ament_install'
[1.111s] Level 1:colcon.colcon_core.package_identification:_identify(src/rf2o_laser_odometry) by extensions ['colcon_pkg']
[1.111s] Level 1:colcon.colcon_core.package_identification:_identify(src/rf2o_laser_odometry) by extension 'colcon_pkg'
[1.111s] Level 1:colcon.colcon_core.package_identification:_identify(src/rf2o_laser_odometry) by extensions ['colcon_meta']
[1.111s] Level 1:colcon.colcon_core.package_identification:_identify(src/rf2o_laser_odometry) by extension 'colcon_meta'
[1.111s] Level 1:colcon.colcon_core.package_identification:_identify(src/rf2o_laser_odometry) by extensions ['ros']
[1.111s] Level 1:colcon.colcon_core.package_identification:_identify(src/rf2o_laser_odometry) by extension 'ros'
[1.112s] DEBUG:colcon.colcon_core.package_identification:Package 'src/rf2o_laser_odometry' with type 'ros.ament_cmake' and name 'rf2o_laser_odometry'
[1.112s] Level 1:colcon.colcon_core.package_identification:_identify(src/set_slam) by extensions ['ignore', 'ignore_ament_install']
[1.112s] Level 1:colcon.colcon_core.package_identification:_identify(src/set_slam) by extension 'ignore'
[1.112s] Level 1:colcon.colcon_core.package_identification:_identify(src/set_slam) by extension 'ignore_ament_install'
[1.112s] Level 1:colcon.colcon_core.package_identification:_identify(src/set_slam) by extensions ['colcon_pkg']
[1.112s] Level 1:colcon.colcon_core.package_identification:_identify(src/set_slam) by extension 'colcon_pkg'
[1.112s] Level 1:colcon.colcon_core.package_identification:_identify(src/set_slam) by extensions ['colcon_meta']
[1.112s] Level 1:colcon.colcon_core.package_identification:_identify(src/set_slam) by extension 'colcon_meta'
[1.113s] Level 1:colcon.colcon_core.package_identification:_identify(src/set_slam) by extensions ['ros']
[1.113s] Level 1:colcon.colcon_core.package_identification:_identify(src/set_slam) by extension 'ros'
[1.114s] DEBUG:colcon.colcon_core.package_identification:Package 'src/set_slam' with type 'ros.ament_python' and name 'set_slam'
[1.114s] Level 1:colcon.colcon_core.package_discovery:discover_packages(recursive) using defaults
[1.114s] Level 1:colcon.colcon_core.package_discovery:discover_packages(ignore) discover
[1.114s] Level 1:colcon.colcon_core.package_discovery:discover_packages(ignore) using defaults
[1.114s] Level 1:colcon.colcon_core.package_discovery:discover_packages(path) discover
[1.114s] Level 1:colcon.colcon_core.package_discovery:discover_packages(path) using defaults
[1.155s] Level 1:colcon.colcon_core.package_discovery:discover_packages(prefix_path) check parameters
[1.155s] Level 1:colcon.colcon_core.package_discovery:discover_packages(prefix_path) discover
[1.163s] DEBUG:colcon.colcon_installed_package_information.package_discovery:Found 4 installed packages in /home/halit/acrome_mini_robot/install
[1.164s] DEBUG:colcon.colcon_installed_package_information.package_discovery:Found 1 installed packages in /home/halit/acrome_ws/install
[1.168s] DEBUG:colcon.colcon_installed_package_information.package_discovery:Found 388 installed packages in /opt/ros/jazzy
[1.170s] Level 1:colcon.colcon_core.package_discovery:discover_packages(prefix_path) using defaults
[1.488s] Level 5:colcon.colcon_core.verb:set package 'publish_lidar' build argument 'cmake_args' from command line to 'None'
[1.488s] Level 5:colcon.colcon_core.verb:set package 'publish_lidar' build argument 'cmake_target' from command line to 'None'
[1.488s] Level 5:colcon.colcon_core.verb:set package 'publish_lidar' build argument 'cmake_target_skip_unavailable' from command line to 'False'
[1.488s] Level 5:colcon.colcon_core.verb:set package 'publish_lidar' build argument 'cmake_clean_cache' from command line to 'False'
[1.488s] Level 5:colcon.colcon_core.verb:set package 'publish_lidar' build argument 'cmake_clean_first' from command line to 'False'
[1.488s] Level 5:colcon.colcon_core.verb:set package 'publish_lidar' build argument 'cmake_force_configure' from command line to 'False'
[1.488s] Level 5:colcon.colcon_core.verb:set package 'publish_lidar' build argument 'ament_cmake_args' from command line to 'None'
[1.488s] Level 5:colcon.colcon_core.verb:set package 'publish_lidar' build argument 'catkin_cmake_args' from command line to 'None'
[1.488s] Level 5:colcon.colcon_core.verb:set package 'publish_lidar' build argument 'catkin_skip_building_tests' from command line to 'False'
[1.488s] DEBUG:colcon.colcon_core.verb:Building package 'publish_lidar' with the following arguments: {'ament_cmake_args': None, 'build_base': '/home/halit/acrome_mini_robot/build/publish_lidar', 'catkin_cmake_args': None, 'catkin_skip_building_tests': False, 'cmake_args': None, 'cmake_clean_cache': False, 'cmake_clean_first': False, 'cmake_force_configure': False, 'cmake_target': None, 'cmake_target_skip_unavailable': False, 'install_base': '/home/halit/acrome_mini_robot/install/publish_lidar', 'merge_install': False, 'path': '/home/halit/acrome_mini_robot/src/publish_lidar', 'symlink_install': False, 'test_result_base': None}
[1.488s] Level 5:colcon.colcon_core.verb:set package 'publish_odom' build argument 'cmake_args' from command line to 'None'
[1.488s] Level 5:colcon.colcon_core.verb:set package 'publish_odom' build argument 'cmake_target' from command line to 'None'
[1.488s] Level 5:colcon.colcon_core.verb:set package 'publish_odom' build argument 'cmake_target_skip_unavailable' from command line to 'False'
[1.488s] Level 5:colcon.colcon_core.verb:set package 'publish_odom' build argument 'cmake_clean_cache' from command line to 'False'
[1.488s] Level 5:colcon.colcon_core.verb:set package 'publish_odom' build argument 'cmake_clean_first' from command line to 'False'
[1.488s] Level 5:colcon.colcon_core.verb:set package 'publish_odom' build argument 'cmake_force_configure' from command line to 'False'
[1.488s] Level 5:colcon.colcon_core.verb:set package 'publish_odom' build argument 'ament_cmake_args' from command line to 'None'
[1.488s] Level 5:colcon.colcon_core.verb:set package 'publish_odom' build argument 'catkin_cmake_args' from command line to 'None'
[1.489s] Level 5:colcon.colcon_core.verb:set package 'publish_odom' build argument 'catkin_skip_building_tests' from command line to 'False'
[1.489s] DEBUG:colcon.colcon_core.verb:Building package 'publish_odom' with the following arguments: {'ament_cmake_args': None, 'build_base': '/home/halit/acrome_mini_robot/build/publish_odom', 'catkin_cmake_args': None, 'catkin_skip_building_tests': False, 'cmake_args': None, 'cmake_clean_cache': False, 'cmake_clean_first': False, 'cmake_force_configure': False, 'cmake_target': None, 'cmake_target_skip_unavailable': False, 'install_base': '/home/halit/acrome_mini_robot/install/publish_odom', 'merge_install': False, 'path': '/home/halit/acrome_mini_robot/src/publish_odom', 'symlink_install': False, 'test_result_base': None}
[1.489s] Level 5:colcon.colcon_core.verb:set package 'rf2o_laser_odometry' build argument 'cmake_args' from command line to 'None'
[1.489s] Level 5:colcon.colcon_core.verb:set package 'rf2o_laser_odometry' build argument 'cmake_target' from command line to 'None'
[1.489s] Level 5:colcon.colcon_core.verb:set package 'rf2o_laser_odometry' build argument 'cmake_target_skip_unavailable' from command line to 'False'
[1.489s] Level 5:colcon.colcon_core.verb:set package 'rf2o_laser_odometry' build argument 'cmake_clean_cache' from command line to 'False'
[1.489s] Level 5:colcon.colcon_core.verb:set package 'rf2o_laser_odometry' build argument 'cmake_clean_first' from command line to 'False'
[1.489s] Level 5:colcon.colcon_core.verb:set package 'rf2o_laser_odometry' build argument 'cmake_force_configure' from command line to 'False'
[1.489s] Level 5:colcon.colcon_core.verb:set package 'rf2o_laser_odometry' build argument 'ament_cmake_args' from command line to 'None'
[1.489s] Level 5:colcon.colcon_core.verb:set package 'rf2o_laser_odometry' build argument 'catkin_cmake_args' from command line to 'None'
[1.489s] Level 5:colcon.colcon_core.verb:set package 'rf2o_laser_odometry' build argument 'catkin_skip_building_tests' from command line to 'False'
[1.489s] DEBUG:colcon.colcon_core.verb:Building package 'rf2o_laser_odometry' with the following arguments: {'ament_cmake_args': None, 'build_base': '/home/halit/acrome_mini_robot/build/rf2o_laser_odometry', 'catkin_cmake_args': None, 'catkin_skip_building_tests': False, 'cmake_args': None, 'cmake_clean_cache': False, 'cmake_clean_first': False, 'cmake_force_configure': False, 'cmake_target': None, 'cmake_target_skip_unavailable': False, 'install_base': '/home/halit/acrome_mini_robot/install/rf2o_laser_odometry', 'merge_install': False, 'path': '/home/halit/acrome_mini_robot/src/rf2o_laser_odometry', 'symlink_install': False, 'test_result_base': None}
[1.489s] Level 5:colcon.colcon_core.verb:set package 'set_slam' build argument 'cmake_args' from command line to 'None'
[1.489s] Level 5:colcon.colcon_core.verb:set package 'set_slam' build argument 'cmake_target' from command line to 'None'
[1.489s] Level 5:colcon.colcon_core.verb:set package 'set_slam' build argument 'cmake_target_skip_unavailable' from command line to 'False'
[1.489s] Level 5:colcon.colcon_core.verb:set package 'set_slam' build argument 'cmake_clean_cache' from command line to 'False'
[1.489s] Level 5:colcon.colcon_core.verb:set package 'set_slam' build argument 'cmake_clean_first' from command line to 'False'
[1.489s] Level 5:colcon.colcon_core.verb:set package 'set_slam' build argument 'cmake_force_configure' from command line to 'False'
[1.489s] Level 5:colcon.colcon_core.verb:set package 'set_slam' build argument 'ament_cmake_args' from command line to 'None'
[1.489s] Level 5:colcon.colcon_core.verb:set package 'set_slam' build argument 'catkin_cmake_args' from command line to 'None'
[1.489s] Level 5:colcon.colcon_core.verb:set package 'set_slam' build argument 'catkin_skip_building_tests' from command line to 'False'
[1.489s] DEBUG:colcon.colcon_core.verb:Building package 'set_slam' with the following arguments: {'ament_cmake_args': None, 'build_base': '/home/halit/acrome_mini_robot/build/set_slam', 'catkin_cmake_args': None, 'catkin_skip_building_tests': False, 'cmake_args': None, 'cmake_clean_cache': False, 'cmake_clean_first': False, 'cmake_force_configure': False, 'cmake_target': None, 'cmake_target_skip_unavailable': False, 'install_base': '/home/halit/acrome_mini_robot/install/set_slam', 'merge_install': False, 'path': '/home/halit/acrome_mini_robot/src/set_slam', 'symlink_install': False, 'test_result_base': None}
[1.489s] INFO:colcon.colcon_core.executor:Executing jobs using 'parallel' executor
[1.490s] DEBUG:colcon.colcon_parallel_executor.executor.parallel:run_until_complete
[1.491s] INFO:colcon.colcon_ros.task.ament_python.build:Building ROS package in '/home/halit/acrome_mini_robot/src/publish_lidar' with build type 'ament_python'
[1.491s] Level 1:colcon.colcon_core.shell:create_environment_hook('publish_lidar', 'ament_prefix_path')
[1.508s] INFO:colcon.colcon_core.plugin_system:Skipping extension 'colcon_core.shell.bat': Not used on non-Windows systems
[1.508s] INFO:colcon.colcon_core.shell:Creating environment hook '/home/halit/acrome_mini_robot/install/publish_lidar/share/publish_lidar/hook/ament_prefix_path.ps1'
[1.509s] INFO:colcon.colcon_core.shell:Creating environment descriptor '/home/halit/acrome_mini_robot/install/publish_lidar/share/publish_lidar/hook/ament_prefix_path.dsv'
[1.510s] INFO:colcon.colcon_core.shell:Creating environment hook '/home/halit/acrome_mini_robot/install/publish_lidar/share/publish_lidar/hook/ament_prefix_path.sh'
[1.511s] INFO:colcon.colcon_core.shell:Skip shell extension 'powershell' for command environment: Not usable outside of PowerShell
[1.511s] DEBUG:colcon.colcon_core.shell:Skip shell extension 'dsv' for command environment
[1.515s] INFO:colcon.colcon_ros.task.ament_python.build:Building ROS package in '/home/halit/acrome_mini_robot/src/publish_odom' with build type 'ament_python'
[1.515s] Level 1:colcon.colcon_core.shell:create_environment_hook('publish_odom', 'ament_prefix_path')
[1.516s] INFO:colcon.colcon_core.shell:Creating environment hook '/home/halit/acrome_mini_robot/install/publish_odom/share/publish_odom/hook/ament_prefix_path.ps1'
[1.518s] INFO:colcon.colcon_core.shell:Creating environment descriptor '/home/halit/acrome_mini_robot/install/publish_odom/share/publish_odom/hook/ament_prefix_path.dsv'
[1.518s] INFO:colcon.colcon_core.shell:Creating environment hook '/home/halit/acrome_mini_robot/install/publish_odom/share/publish_odom/hook/ament_prefix_path.sh'
[1.519s] INFO:colcon.colcon_core.shell:Skip shell extension 'powershell' for command environment: Not usable outside of PowerShell
[1.519s] DEBUG:colcon.colcon_core.shell:Skip shell extension 'dsv' for command environment
[1.523s] INFO:colcon.colcon_ros.task.ament_cmake.build:Building ROS package in '/home/halit/acrome_mini_robot/src/rf2o_laser_odometry' with build type 'ament_cmake'
[1.523s] INFO:colcon.colcon_cmake.task.cmake.build:Building CMake package in '/home/halit/acrome_mini_robot/src/rf2o_laser_odometry'
[1.523s] INFO:colcon.colcon_core.shell:Skip shell extension 'powershell' for command environment: Not usable outside of PowerShell
[1.523s] DEBUG:colcon.colcon_core.shell:Skip shell extension 'dsv' for command environment
[1.527s] INFO:colcon.colcon_ros.task.ament_python.build:Building ROS package in '/home/halit/acrome_mini_robot/src/set_slam' with build type 'ament_python'
[1.527s] Level 1:colcon.colcon_core.shell:create_environment_hook('set_slam', 'ament_prefix_path')
[1.528s] INFO:colcon.colcon_core.shell:Creating environment hook '/home/halit/acrome_mini_robot/install/set_slam/share/set_slam/hook/ament_prefix_path.ps1'
[1.528s] INFO:colcon.colcon_core.shell:Creating environment descriptor '/home/halit/acrome_mini_robot/install/set_slam/share/set_slam/hook/ament_prefix_path.dsv'
[1.528s] INFO:colcon.colcon_core.shell:Creating environment hook '/home/halit/acrome_mini_robot/install/set_slam/share/set_slam/hook/ament_prefix_path.sh'
[1.529s] INFO:colcon.colcon_core.shell:Skip shell extension 'powershell' for command environment: Not usable outside of PowerShell
[1.529s] DEBUG:colcon.colcon_core.shell:Skip shell extension 'dsv' for command environment
[1.785s] INFO:colcon.colcon_core.task.python.build:Building Python package in '/home/halit/acrome_mini_robot/src/publish_lidar'
[1.785s] INFO:colcon.colcon_core.shell:Skip shell extension 'powershell' for command environment: Not usable outside of PowerShell
[1.785s] DEBUG:colcon.colcon_core.shell:Skip shell extension 'dsv' for command environment
[1.793s] DEBUG:colcon.colcon_core.event_handler.log_command:Invoking command in '/home/halit/acrome_mini_robot/build/rf2o_laser_odometry': CMAKE_PREFIX_PATH=${CMAKE_PREFIX_PATH}:/home/halit/acrome_mini_robot/install/set_slam:/home/halit/acrome_mini_robot/install/publish_odom:/home/halit/acrome_mini_robot/install/publish_lidar:/opt/ros/jazzy /usr/bin/cmake --build /home/halit/acrome_mini_robot/build/rf2o_laser_odometry -- -j4 -l4
[2.001s] INFO:colcon.colcon_core.task.python.build:Building Python package in '/home/halit/acrome_mini_robot/src/set_slam'
[2.001s] INFO:colcon.colcon_core.shell:Skip shell extension 'powershell' for command environment: Not usable outside of PowerShell
[2.001s] DEBUG:colcon.colcon_core.shell:Skip shell extension 'dsv' for command environment
[2.212s] INFO:colcon.colcon_core.task.python.build:Building Python package in '/home/halit/acrome_mini_robot/src/publish_odom'
[2.213s] INFO:colcon.colcon_core.shell:Skip shell extension 'powershell' for command environment: Not usable outside of PowerShell
[2.213s] DEBUG:colcon.colcon_core.shell:Skip shell extension 'dsv' for command environment
[2.231s] DEBUG:colcon.colcon_core.event_handler.log_command:Invoked command in '/home/halit/acrome_mini_robot/build/rf2o_laser_odometry' returned '0': CMAKE_PREFIX_PATH=${CMAKE_PREFIX_PATH}:/home/halit/acrome_mini_robot/install/set_slam:/home/halit/acrome_mini_robot/install/publish_odom:/home/halit/acrome_mini_robot/install/publish_lidar:/opt/ros/jazzy /usr/bin/cmake --build /home/halit/acrome_mini_robot/build/rf2o_laser_odometry -- -j4 -l4
[2.259s] DEBUG:colcon.colcon_core.event_handler.log_command:Invoking command in '/home/halit/acrome_mini_robot/build/rf2o_laser_odometry': CMAKE_PREFIX_PATH=${CMAKE_PREFIX_PATH}:/home/halit/acrome_mini_robot/install/set_slam:/home/halit/acrome_mini_robot/install/publish_odom:/home/halit/acrome_mini_robot/install/publish_lidar:/opt/ros/jazzy /usr/bin/cmake --install /home/halit/acrome_mini_robot/build/rf2o_laser_odometry
[2.297s] Level 1:colcon.colcon_core.environment:create_environment_scripts_only(rf2o_laser_odometry)
[2.300s] DEBUG:colcon.colcon_core.event_handler.log_command:Invoked command in '/home/halit/acrome_mini_robot/build/rf2o_laser_odometry' returned '0': CMAKE_PREFIX_PATH=${CMAKE_PREFIX_PATH}:/home/halit/acrome_mini_robot/install/set_slam:/home/halit/acrome_mini_robot/install/publish_odom:/home/halit/acrome_mini_robot/install/publish_lidar:/opt/ros/jazzy /usr/bin/cmake --install /home/halit/acrome_mini_robot/build/rf2o_laser_odometry
[2.309s] Level 1:colcon.colcon_core.environment:checking '/home/halit/acrome_mini_robot/install/rf2o_laser_odometry' for CMake module files
[2.310s] Level 1:colcon.colcon_core.environment:checking '/home/halit/acrome_mini_robot/install/rf2o_laser_odometry' for CMake config files
[2.310s] Level 1:colcon.colcon_core.shell:create_environment_hook('rf2o_laser_odometry', 'cmake_prefix_path')
[2.310s] INFO:colcon.colcon_core.shell:Creating environment hook '/home/halit/acrome_mini_robot/install/rf2o_laser_odometry/share/rf2o_laser_odometry/hook/cmake_prefix_path.ps1'
[2.310s] INFO:colcon.colcon_core.shell:Creating environment descriptor '/home/halit/acrome_mini_robot/install/rf2o_laser_odometry/share/rf2o_laser_odometry/hook/cmake_prefix_path.dsv'
[2.311s] INFO:colcon.colcon_core.shell:Creating environment hook '/home/halit/acrome_mini_robot/install/rf2o_laser_odometry/share/rf2o_laser_odometry/hook/cmake_prefix_path.sh'
[2.312s] Level 1:colcon.colcon_core.environment:checking '/home/halit/acrome_mini_robot/install/rf2o_laser_odometry/lib'
[2.312s] Level 1:colcon.colcon_core.environment:checking '/home/halit/acrome_mini_robot/install/rf2o_laser_odometry/bin'
[2.312s] Level 1:colcon.colcon_core.environment:checking '/home/halit/acrome_mini_robot/install/rf2o_laser_odometry/lib/pkgconfig/rf2o_laser_odometry.pc'
[2.312s] Level 1:colcon.colcon_core.environment:checking '/home/halit/acrome_mini_robot/install/rf2o_laser_odometry/lib/python3.12/site-packages'
[2.312s] Level 1:colcon.colcon_core.environment:checking '/home/halit/acrome_mini_robot/install/rf2o_laser_odometry/bin'
[2.312s] INFO:colcon.colcon_core.shell:Creating package script '/home/halit/acrome_mini_robot/install/rf2o_laser_odometry/share/rf2o_laser_odometry/package.ps1'
[2.313s] INFO:colcon.colcon_core.shell:Creating package descriptor '/home/halit/acrome_mini_robot/install/rf2o_laser_odometry/share/rf2o_laser_odometry/package.dsv'
[2.314s] INFO:colcon.colcon_core.shell:Creating package script '/home/halit/acrome_mini_robot/install/rf2o_laser_odometry/share/rf2o_laser_odometry/package.sh'
[2.316s] INFO:colcon.colcon_core.shell:Creating package script '/home/halit/acrome_mini_robot/install/rf2o_laser_odometry/share/rf2o_laser_odometry/package.bash'
[2.317s] INFO:colcon.colcon_core.shell:Creating package script '/home/halit/acrome_mini_robot/install/rf2o_laser_odometry/share/rf2o_laser_odometry/package.zsh'
[2.318s] Level 1:colcon.colcon_core.environment:create_file_with_runtime_dependencies(/home/halit/acrome_mini_robot/install/rf2o_laser_odometry/share/colcon-core/packages/rf2o_laser_odometry)
[2.318s] Level 1:colcon.colcon_core.environment:create_environment_scripts_only(rf2o_laser_odometry)
[2.318s] Level 1:colcon.colcon_core.environment:checking '/home/halit/acrome_mini_robot/install/rf2o_laser_odometry' for CMake module files
[2.319s] Level 1:colcon.colcon_core.environment:checking '/home/halit/acrome_mini_robot/install/rf2o_laser_odometry' for CMake config files
[2.319s] Level 1:colcon.colcon_core.shell:create_environment_hook('rf2o_laser_odometry', 'cmake_prefix_path')
[2.319s] INFO:colcon.colcon_core.shell:Creating environment hook '/home/halit/acrome_mini_robot/install/rf2o_laser_odometry/share/rf2o_laser_odometry/hook/cmake_prefix_path.ps1'
[2.320s] INFO:colcon.colcon_core.shell:Creating environment descriptor '/home/halit/acrome_mini_robot/install/rf2o_laser_odometry/share/rf2o_laser_odometry/hook/cmake_prefix_path.dsv'
[2.320s] INFO:colcon.colcon_core.shell:Creating environment hook '/home/halit/acrome_mini_robot/install/rf2o_laser_odometry/share/rf2o_laser_odometry/hook/cmake_prefix_path.sh'
[2.321s] Level 1:colcon.colcon_core.environment:checking '/home/halit/acrome_mini_robot/install/rf2o_laser_odometry/lib'
[2.321s] Level 1:colcon.colcon_core.environment:checking '/home/halit/acrome_mini_robot/install/rf2o_laser_odometry/bin'
[2.321s] Level 1:colcon.colcon_core.environment:checking '/home/halit/acrome_mini_robot/install/rf2o_laser_odometry/lib/pkgconfig/rf2o_laser_odometry.pc'
[2.321s] Level 1:colcon.colcon_core.environment:checking '/home/halit/acrome_mini_robot/install/rf2o_laser_odometry/lib/python3.12/site-packages'
[2.321s] Level 1:colcon.colcon_core.environment:checking '/home/halit/acrome_mini_robot/install/rf2o_laser_odometry/bin'
[2.321s] INFO:colcon.colcon_core.shell:Creating package script '/home/halit/acrome_mini_robot/install/rf2o_laser_odometry/share/rf2o_laser_odometry/package.ps1'
[2.322s] INFO:colcon.colcon_core.shell:Creating package descriptor '/home/halit/acrome_mini_robot/install/rf2o_laser_odometry/share/rf2o_laser_odometry/package.dsv'
[2.322s] INFO:colcon.colcon_core.shell:Creating package script '/home/halit/acrome_mini_robot/install/rf2o_laser_odometry/share/rf2o_laser_odometry/package.sh'
[2.323s] INFO:colcon.colcon_core.shell:Creating package script '/home/halit/acrome_mini_robot/install/rf2o_laser_odometry/share/rf2o_laser_odometry/package.bash'
[2.323s] INFO:colcon.colcon_core.shell:Creating package script '/home/halit/acrome_mini_robot/install/rf2o_laser_odometry/share/rf2o_laser_odometry/package.zsh'
[2.324s] Level 1:colcon.colcon_core.environment:create_file_with_runtime_dependencies(/home/halit/acrome_mini_robot/install/rf2o_laser_odometry/share/colcon-core/packages/rf2o_laser_odometry)
[3.152s] DEBUG:colcon.colcon_core.event_handler.log_command:Invoking command in '/home/halit/acrome_mini_robot/src/publish_lidar': PYTHONPATH=/home/halit/acrome_mini_robot/build/publish_lidar/prefix_override:/usr/lib/python3/dist-packages/colcon_core/task/python/colcon_distutils_commands:/home/halit/acrome_mini_robot/install/publish_lidar/lib/python3.12/site-packages:${PYTHONPATH} /usr/bin/python3 -W ignore:setup.py install is deprecated -W ignore:easy_install command is deprecated setup.py egg_info --egg-base ../../build/publish_lidar build --build-base /home/halit/acrome_mini_robot/build/publish_lidar/build install --record /home/halit/acrome_mini_robot/build/publish_lidar/install.log --single-version-externally-managed install_data
[3.156s] DEBUG:colcon.colcon_core.event_handler.log_command:Invoking command in '/home/halit/acrome_mini_robot/src/publish_odom': PYTHONPATH=/home/halit/acrome_mini_robot/build/publish_odom/prefix_override:/usr/lib/python3/dist-packages/colcon_core/task/python/colcon_distutils_commands:/home/halit/acrome_mini_robot/install/publish_odom/lib/python3.12/site-packages:${PYTHONPATH} /usr/bin/python3 -W ignore:setup.py install is deprecated -W ignore:easy_install command is deprecated setup.py egg_info --egg-base ../../build/publish_odom build --build-base /home/halit/acrome_mini_robot/build/publish_odom/build install --record /home/halit/acrome_mini_robot/build/publish_odom/install.log --single-version-externally-managed install_data
[3.157s] DEBUG:colcon.colcon_core.event_handler.log_command:Invoking command in '/home/halit/acrome_mini_robot/src/set_slam': PYTHONPATH=/home/halit/acrome_mini_robot/build/set_slam/prefix_override:/usr/lib/python3/dist-packages/colcon_core/task/python/colcon_distutils_commands:/home/halit/acrome_mini_robot/install/set_slam/lib/python3.12/site-packages:${PYTHONPATH} /usr/bin/python3 -W ignore:setup.py install is deprecated -W ignore:easy_install command is deprecated setup.py egg_info --egg-base ../../build/set_slam build --build-base /home/halit/acrome_mini_robot/build/set_slam/build install --record /home/halit/acrome_mini_robot/build/set_slam/install.log --single-version-externally-managed install_data
[3.653s] Level 1:colcon.colcon_core.environment:checking '/home/halit/acrome_mini_robot/install/set_slam' for CMake module files
[3.654s] DEBUG:colcon.colcon_core.event_handler.log_command:Invoked command in '/home/halit/acrome_mini_robot/src/set_slam' returned '0': PYTHONPATH=/home/halit/acrome_mini_robot/build/set_slam/prefix_override:/usr/lib/python3/dist-packages/colcon_core/task/python/colcon_distutils_commands:/home/halit/acrome_mini_robot/install/set_slam/lib/python3.12/site-packages:${PYTHONPATH} /usr/bin/python3 -W ignore:setup.py install is deprecated -W ignore:easy_install command is deprecated setup.py egg_info --egg-base ../../build/set_slam build --build-base /home/halit/acrome_mini_robot/build/set_slam/build install --record /home/halit/acrome_mini_robot/build/set_slam/install.log --single-version-externally-managed install_data
[3.654s] Level 1:colcon.colcon_core.environment:checking '/home/halit/acrome_mini_robot/install/set_slam' for CMake config files
[3.655s] Level 1:colcon.colcon_core.environment:checking '/home/halit/acrome_mini_robot/install/set_slam/lib'
[3.655s] Level 1:colcon.colcon_core.environment:checking '/home/halit/acrome_mini_robot/install/set_slam/bin'
[3.655s] Level 1:colcon.colcon_core.environment:checking '/home/halit/acrome_mini_robot/install/set_slam/lib/pkgconfig/set_slam.pc'
[3.655s] Level 1:colcon.colcon_core.environment:checking '/home/halit/acrome_mini_robot/install/set_slam/lib/python3.12/site-packages'
[3.655s] Level 1:colcon.colcon_core.shell:create_environment_hook('set_slam', 'pythonpath')
[3.655s] INFO:colcon.colcon_core.shell:Creating environment hook '/home/halit/acrome_mini_robot/install/set_slam/share/set_slam/hook/pythonpath.ps1'
[3.662s] INFO:colcon.colcon_core.shell:Creating environment descriptor '/home/halit/acrome_mini_robot/install/set_slam/share/set_slam/hook/pythonpath.dsv'
[3.663s] INFO:colcon.colcon_core.shell:Creating environment hook '/home/halit/acrome_mini_robot/install/set_slam/share/set_slam/hook/pythonpath.sh'
[3.663s] Level 1:colcon.colcon_core.environment:checking '/home/halit/acrome_mini_robot/install/set_slam/bin'
[3.663s] Level 1:colcon.colcon_core.environment:create_environment_scripts_only(set_slam)
[3.663s] INFO:colcon.colcon_core.shell:Creating package script '/home/halit/acrome_mini_robot/install/set_slam/share/set_slam/package.ps1'
[3.664s] INFO:colcon.colcon_core.shell:Creating package descriptor '/home/halit/acrome_mini_robot/install/set_slam/share/set_slam/package.dsv'
[3.664s] INFO:colcon.colcon_core.shell:Creating package script '/home/halit/acrome_mini_robot/install/set_slam/share/set_slam/package.sh'
[3.665s] INFO:colcon.colcon_core.shell:Creating package script '/home/halit/acrome_mini_robot/install/set_slam/share/set_slam/package.bash'
[3.665s] INFO:colcon.colcon_core.shell:Creating package script '/home/halit/acrome_mini_robot/install/set_slam/share/set_slam/package.zsh'
[3.665s] Level 1:colcon.colcon_core.environment:create_file_with_runtime_dependencies(/home/halit/acrome_mini_robot/install/set_slam/share/colcon-core/packages/set_slam)
[3.667s] Level 1:colcon.colcon_core.environment:checking '/home/halit/acrome_mini_robot/install/publish_odom' for CMake module files
[3.668s] DEBUG:colcon.colcon_core.event_handler.log_command:Invoked command in '/home/halit/acrome_mini_robot/src/publish_odom' returned '0': PYTHONPATH=/home/halit/acrome_mini_robot/build/publish_odom/prefix_override:/usr/lib/python3/dist-packages/colcon_core/task/python/colcon_distutils_commands:/home/halit/acrome_mini_robot/install/publish_odom/lib/python3.12/site-packages:${PYTHONPATH} /usr/bin/python3 -W ignore:setup.py install is deprecated -W ignore:easy_install command is deprecated setup.py egg_info --egg-base ../../build/publish_odom build --build-base /home/halit/acrome_mini_robot/build/publish_odom/build install --record /home/halit/acrome_mini_robot/build/publish_odom/install.log --single-version-externally-managed install_data
[3.668s] Level 1:colcon.colcon_core.environment:checking '/home/halit/acrome_mini_robot/install/publish_odom' for CMake config files
[3.669s] Level 1:colcon.colcon_core.environment:checking '/home/halit/acrome_mini_robot/install/publish_odom/lib'
[3.669s] Level 1:colcon.colcon_core.environment:checking '/home/halit/acrome_mini_robot/install/publish_odom/bin'
[3.669s] Level 1:colcon.colcon_core.environment:checking '/home/halit/acrome_mini_robot/install/publish_odom/lib/pkgconfig/publish_odom.pc'
[3.669s] Level 1:colcon.colcon_core.environment:checking '/home/halit/acrome_mini_robot/install/publish_odom/lib/python3.12/site-packages'
[3.669s] Level 1:colcon.colcon_core.shell:create_environment_hook('publish_odom', 'pythonpath')
[3.670s] INFO:colcon.colcon_core.shell:Creating environment hook '/home/halit/acrome_mini_robot/install/publish_odom/share/publish_odom/hook/pythonpath.ps1'
[3.670s] INFO:colcon.colcon_core.shell:Creating environment descriptor '/home/halit/acrome_mini_robot/install/publish_odom/share/publish_odom/hook/pythonpath.dsv'
[3.670s] INFO:colcon.colcon_core.shell:Creating environment hook '/home/halit/acrome_mini_robot/install/publish_odom/share/publish_odom/hook/pythonpath.sh'
[3.671s] Level 1:colcon.colcon_core.environment:checking '/home/halit/acrome_mini_robot/install/publish_odom/bin'
[3.671s] Level 1:colcon.colcon_core.environment:create_environment_scripts_only(publish_odom)
[3.671s] INFO:colcon.colcon_core.shell:Creating package script '/home/halit/acrome_mini_robot/install/publish_odom/share/publish_odom/package.ps1'
[3.672s] INFO:colcon.colcon_core.shell:Creating package descriptor '/home/halit/acrome_mini_robot/install/publish_odom/share/publish_odom/package.dsv'
[3.673s] INFO:colcon.colcon_core.shell:Creating package script '/home/halit/acrome_mini_robot/install/publish_odom/share/publish_odom/package.sh'
[3.673s] INFO:colcon.colcon_core.shell:Creating package script '/home/halit/acrome_mini_robot/install/publish_odom/share/publish_odom/package.bash'
[3.673s] INFO:colcon.colcon_core.shell:Creating package script '/home/halit/acrome_mini_robot/install/publish_odom/share/publish_odom/package.zsh'
[3.674s] Level 1:colcon.colcon_core.environment:create_file_with_runtime_dependencies(/home/halit/acrome_mini_robot/install/publish_odom/share/colcon-core/packages/publish_odom)
[3.674s] Level 1:colcon.colcon_core.environment:checking '/home/halit/acrome_mini_robot/install/publish_lidar' for CMake module files
[3.675s] Level 1:colcon.colcon_core.environment:checking '/home/halit/acrome_mini_robot/install/publish_lidar' for CMake config files
[3.676s] DEBUG:colcon.colcon_core.event_handler.log_command:Invoked command in '/home/halit/acrome_mini_robot/src/publish_lidar' returned '0': PYTHONPATH=/home/halit/acrome_mini_robot/build/publish_lidar/prefix_override:/usr/lib/python3/dist-packages/colcon_core/task/python/colcon_distutils_commands:/home/halit/acrome_mini_robot/install/publish_lidar/lib/python3.12/site-packages:${PYTHONPATH} /usr/bin/python3 -W ignore:setup.py install is deprecated -W ignore:easy_install command is deprecated setup.py egg_info --egg-base ../../build/publish_lidar build --build-base /home/halit/acrome_mini_robot/build/publish_lidar/build install --record /home/halit/acrome_mini_robot/build/publish_lidar/install.log --single-version-externally-managed install_data
[3.676s] Level 1:colcon.colcon_core.environment:checking '/home/halit/acrome_mini_robot/install/publish_lidar/lib'
[3.676s] Level 1:colcon.colcon_core.environment:checking '/home/halit/acrome_mini_robot/install/publish_lidar/bin'
[3.676s] Level 1:colcon.colcon_core.environment:checking '/home/halit/acrome_mini_robot/install/publish_lidar/lib/pkgconfig/publish_lidar.pc'
[3.677s] Level 1:colcon.colcon_core.environment:checking '/home/halit/acrome_mini_robot/install/publish_lidar/lib/python3.12/site-packages'
[3.677s] Level 1:colcon.colcon_core.shell:create_environment_hook('publish_lidar', 'pythonpath')
[3.677s] INFO:colcon.colcon_core.shell:Creating environment hook '/home/halit/acrome_mini_robot/install/publish_lidar/share/publish_lidar/hook/pythonpath.ps1'
[3.677s] INFO:colcon.colcon_core.shell:Creating environment descriptor '/home/halit/acrome_mini_robot/install/publish_lidar/share/publish_lidar/hook/pythonpath.dsv'
[3.678s] INFO:colcon.colcon_core.shell:Creating environment hook '/home/halit/acrome_mini_robot/install/publish_lidar/share/publish_lidar/hook/pythonpath.sh'
[3.678s] Level 1:colcon.colcon_core.environment:checking '/home/halit/acrome_mini_robot/install/publish_lidar/bin'
[3.678s] Level 1:colcon.colcon_core.environment:create_environment_scripts_only(publish_lidar)
[3.678s] INFO:colcon.colcon_core.shell:Creating package script '/home/halit/acrome_mini_robot/install/publish_lidar/share/publish_lidar/package.ps1'
[3.679s] INFO:colcon.colcon_core.shell:Creating package descriptor '/home/halit/acrome_mini_robot/install/publish_lidar/share/publish_lidar/package.dsv'
[3.679s] INFO:colcon.colcon_core.shell:Creating package script '/home/halit/acrome_mini_robot/install/publish_lidar/share/publish_lidar/package.sh'
[3.680s] INFO:colcon.colcon_core.shell:Creating package script '/home/halit/acrome_mini_robot/install/publish_lidar/share/publish_lidar/package.bash'
[3.680s] INFO:colcon.colcon_core.shell:Creating package script '/home/halit/acrome_mini_robot/install/publish_lidar/share/publish_lidar/package.zsh'
[3.680s] Level 1:colcon.colcon_core.environment:create_file_with_runtime_dependencies(/home/halit/acrome_mini_robot/install/publish_lidar/share/colcon-core/packages/publish_lidar)
[3.681s] DEBUG:colcon.colcon_parallel_executor.executor.parallel:closing loop
[3.681s] DEBUG:colcon.colcon_parallel_executor.executor.parallel:loop closed
[3.682s] DEBUG:colcon.colcon_parallel_executor.executor.parallel:run_until_complete finished with '0'
[3.682s] DEBUG:colcon.colcon_core.event_reactor:joining thread
[3.741s] INFO:colcon.colcon_core.plugin_system:Skipping extension 'colcon_notification.desktop_notification.notify_send': Could not find 'notify-send'
[3.742s] INFO:colcon.colcon_core.plugin_system:Skipping extension 'colcon_notification.desktop_notification.terminal_notifier': Not used on non-Darwin systems
[3.742s] INFO:colcon.colcon_core.plugin_system:Skipping extension 'colcon_notification.desktop_notification.win32': Not used on non-Windows systems
[3.742s] INFO:colcon.colcon_notification.desktop_notification:Sending desktop notification using 'notify2'
[3.751s] DEBUG:colcon.colcon_notification.desktop_notification.notify2:Failed to initialize notify2: org.freedesktop.DBus.Error.ServiceUnknown: The name org.freedesktop.Notifications was not provided by any .service files
[3.751s] DEBUG:colcon.colcon_core.event_reactor:joined thread
[3.751s] INFO:colcon.colcon_core.shell:Creating prefix script '/home/halit/acrome_mini_robot/install/local_setup.ps1'
[3.753s] INFO:colcon.colcon_core.shell:Creating prefix util module '/home/halit/acrome_mini_robot/install/_local_setup_util_ps1.py'
[3.754s] INFO:colcon.colcon_core.shell:Creating prefix chain script '/home/halit/acrome_mini_robot/install/setup.ps1'
[3.755s] INFO:colcon.colcon_core.shell:Creating prefix script '/home/halit/acrome_mini_robot/install/local_setup.sh'
[3.756s] INFO:colcon.colcon_core.shell:Creating prefix util module '/home/halit/acrome_mini_robot/install/_local_setup_util_sh.py'
[3.756s] INFO:colcon.colcon_core.shell:Creating prefix chain script '/home/halit/acrome_mini_robot/install/setup.sh'
[3.758s] INFO:colcon.colcon_core.shell:Creating prefix script '/home/halit/acrome_mini_robot/install/local_setup.bash'
[3.758s] INFO:colcon.colcon_core.shell:Creating prefix chain script '/home/halit/acrome_mini_robot/install/setup.bash'
[3.759s] INFO:colcon.colcon_core.shell:Creating prefix script '/home/halit/acrome_mini_robot/install/local_setup.zsh'
[3.760s] INFO:colcon.colcon_core.shell:Creating prefix chain script '/home/halit/acrome_mini_robot/install/setup.zsh'
