[0.257s] DEBUG:colcon:Command line arguments: ['/usr/bin/colcon', 'build']
[0.257s] DEBUG:colcon:Parsed command line arguments: Namespace(log_base=None, log_level=None, verb_name='build', build_base='build', install_base='install', merge_install=False, symlink_install=False, test_result_base=None, continue_on_error=False, executor='parallel', parallel_workers=4, event_handlers=None, ignore_user_meta=False, metas=['./colcon.meta'], base_paths=['.'], packages_ignore=None, packages_ignore_regex=None, paths=None, packages_up_to=None, packages_up_to_regex=None, packages_above=None, packages_above_and_dependencies=None, packages_above_depth=None, packages_select_by_dep=None, packages_skip_by_dep=None, packages_skip_up_to=None, packages_select_build_failed=False, packages_skip_build_finished=False, packages_select_test_failures=False, packages_skip_test_passed=False, packages_select=None, packages_skip=None, packages_select_regex=None, packages_skip_regex=None, packages_start=None, packages_end=None, allow_overriding=[], cmake_args=None, cmake_target=None, cmake_target_skip_unavailable=False, cmake_clean_cache=False, cmake_clean_first=False, cmake_force_configure=False, ament_cmake_args=None, catkin_cmake_args=None, catkin_skip_building_tests=False, mixin_files=None, mixin=None, verb_parser=<colcon_mixin.mixin.mixin_argument.MixinArgumentDecorator object at 0x749eccb93080>, verb_extension=<colcon_core.verb.build.BuildVerb object at 0x749eccb92e10>, main=<bound method BuildVerb.main of <colcon_core.verb.build.BuildVerb object at 0x749eccb92e10>>, mixin_verb=('build',))
[0.312s] Level 1:colcon.colcon_core.package_discovery:discover_packages(colcon_meta) check parameters
[0.312s] Level 1:colcon.colcon_core.package_discovery:discover_packages(recursive) check parameters
[0.312s] Level 1:colcon.colcon_core.package_discovery:discover_packages(ignore) check parameters
[0.312s] Level 1:colcon.colcon_core.package_discovery:discover_packages(path) check parameters
[0.312s] Level 1:colcon.colcon_core.package_discovery:discover_packages(colcon_meta) discover
[0.313s] Level 1:colcon.colcon_core.package_discovery:discover_packages(recursive) discover
[0.313s] INFO:colcon.colcon_core.package_discovery:Crawling recursively for packages in '/home/halit/acrome_mini_robot'
[0.313s] Level 1:colcon.colcon_core.package_identification:_identify(.) by extensions ['ignore', 'ignore_ament_install']
[0.313s] Level 1:colcon.colcon_core.package_identification:_identify(.) by extension 'ignore'
[0.313s] Level 1:colcon.colcon_core.package_identification:_identify(.) by extension 'ignore_ament_install'
[0.313s] Level 1:colcon.colcon_core.package_identification:_identify(.) by extensions ['colcon_pkg']
[0.313s] Level 1:colcon.colcon_core.package_identification:_identify(.) by extension 'colcon_pkg'
[0.313s] Level 1:colcon.colcon_core.package_identification:_identify(.) by extensions ['colcon_meta']
[0.313s] Level 1:colcon.colcon_core.package_identification:_identify(.) by extension 'colcon_meta'
[0.313s] Level 1:colcon.colcon_core.package_identification:_identify(.) by extensions ['ros']
[0.313s] Level 1:colcon.colcon_core.package_identification:_identify(.) by extension 'ros'
[0.343s] Level 1:colcon.colcon_core.package_identification:_identify(.) by extensions ['cmake', 'python']
[0.343s] Level 1:colcon.colcon_core.package_identification:_identify(.) by extension 'cmake'
[0.343s] Level 1:colcon.colcon_core.package_identification:_identify(.) by extension 'python'
[0.343s] Level 1:colcon.colcon_core.package_identification:_identify(.) by extensions ['python_setup_py']
[0.343s] Level 1:colcon.colcon_core.package_identification:_identify(.) by extension 'python_setup_py'
[0.343s] Level 1:colcon.colcon_core.package_identification:_identify(__pycache__) by extensions ['ignore', 'ignore_ament_install']
[0.343s] Level 1:colcon.colcon_core.package_identification:_identify(__pycache__) by extension 'ignore'
[0.343s] Level 1:colcon.colcon_core.package_identification:_identify(__pycache__) by extension 'ignore_ament_install'
[0.344s] Level 1:colcon.colcon_core.package_identification:_identify(__pycache__) by extensions ['colcon_pkg']
[0.344s] Level 1:colcon.colcon_core.package_identification:_identify(__pycache__) by extension 'colcon_pkg'
[0.344s] Level 1:colcon.colcon_core.package_identification:_identify(__pycache__) by extensions ['colcon_meta']
[0.344s] Level 1:colcon.colcon_core.package_identification:_identify(__pycache__) by extension 'colcon_meta'
[0.344s] Level 1:colcon.colcon_core.package_identification:_identify(__pycache__) by extensions ['ros']
[0.344s] Level 1:colcon.colcon_core.package_identification:_identify(__pycache__) by extension 'ros'
[0.344s] Level 1:colcon.colcon_core.package_identification:_identify(__pycache__) by extensions ['cmake', 'python']
[0.344s] Level 1:colcon.colcon_core.package_identification:_identify(__pycache__) by extension 'cmake'
[0.344s] Level 1:colcon.colcon_core.package_identification:_identify(__pycache__) by extension 'python'
[0.344s] Level 1:colcon.colcon_core.package_identification:_identify(__pycache__) by extensions ['python_setup_py']
[0.344s] Level 1:colcon.colcon_core.package_identification:_identify(__pycache__) by extension 'python_setup_py'
[0.344s] Level 1:colcon.colcon_core.package_identification:_identify(build) by extensions ['ignore', 'ignore_ament_install']
[0.344s] Level 1:colcon.colcon_core.package_identification:_identify(build) by extension 'ignore'
[0.344s] Level 1:colcon.colcon_core.package_identification:_identify(build) ignored
[0.344s] Level 1:colcon.colcon_core.package_identification:_identify(files that in raspbery) by extensions ['ignore', 'ignore_ament_install']
[0.345s] Level 1:colcon.colcon_core.package_identification:_identify(files that in raspbery) by extension 'ignore'
[0.345s] Level 1:colcon.colcon_core.package_identification:_identify(files that in raspbery) by extension 'ignore_ament_install'
[0.345s] Level 1:colcon.colcon_core.package_identification:_identify(files that in raspbery) by extensions ['colcon_pkg']
[0.345s] Level 1:colcon.colcon_core.package_identification:_identify(files that in raspbery) by extension 'colcon_pkg'
[0.345s] Level 1:colcon.colcon_core.package_identification:_identify(files that in raspbery) by extensions ['colcon_meta']
[0.345s] Level 1:colcon.colcon_core.package_identification:_identify(files that in raspbery) by extension 'colcon_meta'
[0.345s] Level 1:colcon.colcon_core.package_identification:_identify(files that in raspbery) by extensions ['ros']
[0.345s] Level 1:colcon.colcon_core.package_identification:_identify(files that in raspbery) by extension 'ros'
[0.345s] Level 1:colcon.colcon_core.package_identification:_identify(files that in raspbery) by extensions ['cmake', 'python']
[0.345s] Level 1:colcon.colcon_core.package_identification:_identify(files that in raspbery) by extension 'cmake'
[0.345s] Level 1:colcon.colcon_core.package_identification:_identify(files that in raspbery) by extension 'python'
[0.345s] Level 1:colcon.colcon_core.package_identification:_identify(files that in raspbery) by extensions ['python_setup_py']
[0.345s] Level 1:colcon.colcon_core.package_identification:_identify(files that in raspbery) by extension 'python_setup_py'
[0.345s] Level 1:colcon.colcon_core.package_identification:_identify(files that in windows) by extensions ['ignore', 'ignore_ament_install']
[0.345s] Level 1:colcon.colcon_core.package_identification:_identify(files that in windows) by extension 'ignore'
[0.345s] Level 1:colcon.colcon_core.package_identification:_identify(files that in windows) by extension 'ignore_ament_install'
[0.345s] Level 1:colcon.colcon_core.package_identification:_identify(files that in windows) by extensions ['colcon_pkg']
[0.346s] Level 1:colcon.colcon_core.package_identification:_identify(files that in windows) by extension 'colcon_pkg'
[0.346s] Level 1:colcon.colcon_core.package_identification:_identify(files that in windows) by extensions ['colcon_meta']
[0.346s] Level 1:colcon.colcon_core.package_identification:_identify(files that in windows) by extension 'colcon_meta'
[0.346s] Level 1:colcon.colcon_core.package_identification:_identify(files that in windows) by extensions ['ros']
[0.346s] Level 1:colcon.colcon_core.package_identification:_identify(files that in windows) by extension 'ros'
[0.346s] Level 1:colcon.colcon_core.package_identification:_identify(files that in windows) by extensions ['cmake', 'python']
[0.346s] Level 1:colcon.colcon_core.package_identification:_identify(files that in windows) by extension 'cmake'
[0.346s] Level 1:colcon.colcon_core.package_identification:_identify(files that in windows) by extension 'python'
[0.346s] Level 1:colcon.colcon_core.package_identification:_identify(files that in windows) by extensions ['python_setup_py']
[0.346s] Level 1:colcon.colcon_core.package_identification:_identify(files that in windows) by extension 'python_setup_py'
[0.346s] Level 1:colcon.colcon_core.package_identification:_identify(install) by extensions ['ignore', 'ignore_ament_install']
[0.346s] Level 1:colcon.colcon_core.package_identification:_identify(install) by extension 'ignore'
[0.346s] Level 1:colcon.colcon_core.package_identification:_identify(install) ignored
[0.346s] Level 1:colcon.colcon_core.package_identification:_identify(log) by extensions ['ignore', 'ignore_ament_install']
[0.346s] Level 1:colcon.colcon_core.package_identification:_identify(log) by extension 'ignore'
[0.346s] Level 1:colcon.colcon_core.package_identification:_identify(log) ignored
[0.346s] Level 1:colcon.colcon_core.package_identification:_identify(src) by extensions ['ignore', 'ignore_ament_install']
[0.346s] Level 1:colcon.colcon_core.package_identification:_identify(src) by extension 'ignore'
[0.347s] Level 1:colcon.colcon_core.package_identification:_identify(src) by extension 'ignore_ament_install'
[0.347s] Level 1:colcon.colcon_core.package_identification:_identify(src) by extensions ['colcon_pkg']
[0.347s] Level 1:colcon.colcon_core.package_identification:_identify(src) by extension 'colcon_pkg'
[0.347s] Level 1:colcon.colcon_core.package_identification:_identify(src) by extensions ['colcon_meta']
[0.347s] Level 1:colcon.colcon_core.package_identification:_identify(src) by extension 'colcon_meta'
[0.347s] Level 1:colcon.colcon_core.package_identification:_identify(src) by extensions ['ros']
[0.347s] Level 1:colcon.colcon_core.package_identification:_identify(src) by extension 'ros'
[0.347s] Level 1:colcon.colcon_core.package_identification:_identify(src) by extensions ['cmake', 'python']
[0.347s] Level 1:colcon.colcon_core.package_identification:_identify(src) by extension 'cmake'
[0.347s] Level 1:colcon.colcon_core.package_identification:_identify(src) by extension 'python'
[0.347s] Level 1:colcon.colcon_core.package_identification:_identify(src) by extensions ['python_setup_py']
[0.347s] Level 1:colcon.colcon_core.package_identification:_identify(src) by extension 'python_setup_py'
[0.347s] Level 1:colcon.colcon_core.package_identification:_identify(src/publish_lidar) by extensions ['ignore', 'ignore_ament_install']
[0.347s] Level 1:colcon.colcon_core.package_identification:_identify(src/publish_lidar) by extension 'ignore'
[0.347s] Level 1:colcon.colcon_core.package_identification:_identify(src/publish_lidar) by extension 'ignore_ament_install'
[0.347s] Level 1:colcon.colcon_core.package_identification:_identify(src/publish_lidar) by extensions ['colcon_pkg']
[0.347s] Level 1:colcon.colcon_core.package_identification:_identify(src/publish_lidar) by extension 'colcon_pkg'
[0.347s] Level 1:colcon.colcon_core.package_identification:_identify(src/publish_lidar) by extensions ['colcon_meta']
[0.347s] Level 1:colcon.colcon_core.package_identification:_identify(src/publish_lidar) by extension 'colcon_meta'
[0.347s] Level 1:colcon.colcon_core.package_identification:_identify(src/publish_lidar) by extensions ['ros']
[0.347s] Level 1:colcon.colcon_core.package_identification:_identify(src/publish_lidar) by extension 'ros'
[0.350s] DEBUG:colcon.colcon_core.package_identification:Package 'src/publish_lidar' with type 'ros.ament_python' and name 'publish_lidar'
[0.350s] Level 1:colcon.colcon_core.package_identification:_identify(src/publish_odom) by extensions ['ignore', 'ignore_ament_install']
[0.351s] Level 1:colcon.colcon_core.package_identification:_identify(src/publish_odom) by extension 'ignore'
[0.351s] Level 1:colcon.colcon_core.package_identification:_identify(src/publish_odom) by extension 'ignore_ament_install'
[0.351s] Level 1:colcon.colcon_core.package_identification:_identify(src/publish_odom) by extensions ['colcon_pkg']
[0.351s] Level 1:colcon.colcon_core.package_identification:_identify(src/publish_odom) by extension 'colcon_pkg'
[0.351s] Level 1:colcon.colcon_core.package_identification:_identify(src/publish_odom) by extensions ['colcon_meta']
[0.351s] Level 1:colcon.colcon_core.package_identification:_identify(src/publish_odom) by extension 'colcon_meta'
[0.351s] Level 1:colcon.colcon_core.package_identification:_identify(src/publish_odom) by extensions ['ros']
[0.351s] Level 1:colcon.colcon_core.package_identification:_identify(src/publish_odom) by extension 'ros'
[0.351s] DEBUG:colcon.colcon_core.package_identification:Package 'src/publish_odom' with type 'ros.ament_python' and name 'publish_odom'
[0.351s] Level 1:colcon.colcon_core.package_identification:_identify(src/rf2o_laser_odometry) by extensions ['ignore', 'ignore_ament_install']
[0.352s] Level 1:colcon.colcon_core.package_identification:_identify(src/rf2o_laser_odometry) by extension 'ignore'
[0.352s] Level 1:colcon.colcon_core.package_identification:_identify(src/rf2o_laser_odometry) by extension 'ignore_ament_install'
[0.352s] Level 1:colcon.colcon_core.package_identification:_identify(src/rf2o_laser_odometry) by extensions ['colcon_pkg']
[0.352s] Level 1:colcon.colcon_core.package_identification:_identify(src/rf2o_laser_odometry) by extension 'colcon_pkg'
[0.352s] Level 1:colcon.colcon_core.package_identification:_identify(src/rf2o_laser_odometry) by extensions ['colcon_meta']
[0.352s] Level 1:colcon.colcon_core.package_identification:_identify(src/rf2o_laser_odometry) by extension 'colcon_meta'
[0.352s] Level 1:colcon.colcon_core.package_identification:_identify(src/rf2o_laser_odometry) by extensions ['ros']
[0.352s] Level 1:colcon.colcon_core.package_identification:_identify(src/rf2o_laser_odometry) by extension 'ros'
[0.353s] DEBUG:colcon.colcon_core.package_identification:Package 'src/rf2o_laser_odometry' with type 'ros.ament_cmake' and name 'rf2o_laser_odometry'
[0.353s] Level 1:colcon.colcon_core.package_identification:_identify(src/set_slam) by extensions ['ignore', 'ignore_ament_install']
[0.353s] Level 1:colcon.colcon_core.package_identification:_identify(src/set_slam) by extension 'ignore'
[0.353s] Level 1:colcon.colcon_core.package_identification:_identify(src/set_slam) by extension 'ignore_ament_install'
[0.353s] Level 1:colcon.colcon_core.package_identification:_identify(src/set_slam) by extensions ['colcon_pkg']
[0.353s] Level 1:colcon.colcon_core.package_identification:_identify(src/set_slam) by extension 'colcon_pkg'
[0.353s] Level 1:colcon.colcon_core.package_identification:_identify(src/set_slam) by extensions ['colcon_meta']
[0.353s] Level 1:colcon.colcon_core.package_identification:_identify(src/set_slam) by extension 'colcon_meta'
[0.353s] Level 1:colcon.colcon_core.package_identification:_identify(src/set_slam) by extensions ['ros']
[0.353s] Level 1:colcon.colcon_core.package_identification:_identify(src/set_slam) by extension 'ros'
[0.354s] DEBUG:colcon.colcon_core.package_identification:Package 'src/set_slam' with type 'ros.ament_python' and name 'set_slam'
[0.354s] Level 1:colcon.colcon_core.package_discovery:discover_packages(recursive) using defaults
[0.354s] Level 1:colcon.colcon_core.package_discovery:discover_packages(ignore) discover
[0.354s] Level 1:colcon.colcon_core.package_discovery:discover_packages(ignore) using defaults
[0.354s] Level 1:colcon.colcon_core.package_discovery:discover_packages(path) discover
[0.354s] Level 1:colcon.colcon_core.package_discovery:discover_packages(path) using defaults
[0.380s] Level 1:colcon.colcon_core.package_discovery:discover_packages(prefix_path) check parameters
[0.380s] Level 1:colcon.colcon_core.package_discovery:discover_packages(prefix_path) discover
[0.385s] DEBUG:colcon.colcon_installed_package_information.package_discovery:Found 4 installed packages in /home/halit/acrome_mini_robot/install
[0.385s] DEBUG:colcon.colcon_installed_package_information.package_discovery:Found 1 installed packages in /home/halit/acrome_ws/install
[0.387s] DEBUG:colcon.colcon_installed_package_information.package_discovery:Found 388 installed packages in /opt/ros/jazzy
[0.389s] Level 1:colcon.colcon_core.package_discovery:discover_packages(prefix_path) using defaults
[0.475s] Level 5:colcon.colcon_core.verb:set package 'publish_lidar' build argument 'cmake_args' from command line to 'None'
[0.475s] Level 5:colcon.colcon_core.verb:set package 'publish_lidar' build argument 'cmake_target' from command line to 'None'
[0.475s] Level 5:colcon.colcon_core.verb:set package 'publish_lidar' build argument 'cmake_target_skip_unavailable' from command line to 'False'
[0.475s] Level 5:colcon.colcon_core.verb:set package 'publish_lidar' build argument 'cmake_clean_cache' from command line to 'False'
[0.475s] Level 5:colcon.colcon_core.verb:set package 'publish_lidar' build argument 'cmake_clean_first' from command line to 'False'
[0.475s] Level 5:colcon.colcon_core.verb:set package 'publish_lidar' build argument 'cmake_force_configure' from command line to 'False'
[0.475s] Level 5:colcon.colcon_core.verb:set package 'publish_lidar' build argument 'ament_cmake_args' from command line to 'None'
[0.475s] Level 5:colcon.colcon_core.verb:set package 'publish_lidar' build argument 'catkin_cmake_args' from command line to 'None'
[0.475s] Level 5:colcon.colcon_core.verb:set package 'publish_lidar' build argument 'catkin_skip_building_tests' from command line to 'False'
[0.475s] DEBUG:colcon.colcon_core.verb:Building package 'publish_lidar' with the following arguments: {'ament_cmake_args': None, 'build_base': '/home/halit/acrome_mini_robot/build/publish_lidar', 'catkin_cmake_args': None, 'catkin_skip_building_tests': False, 'cmake_args': None, 'cmake_clean_cache': False, 'cmake_clean_first': False, 'cmake_force_configure': False, 'cmake_target': None, 'cmake_target_skip_unavailable': False, 'install_base': '/home/halit/acrome_mini_robot/install/publish_lidar', 'merge_install': False, 'path': '/home/halit/acrome_mini_robot/src/publish_lidar', 'symlink_install': False, 'test_result_base': None}
[0.475s] Level 5:colcon.colcon_core.verb:set package 'publish_odom' build argument 'cmake_args' from command line to 'None'
[0.475s] Level 5:colcon.colcon_core.verb:set package 'publish_odom' build argument 'cmake_target' from command line to 'None'
[0.475s] Level 5:colcon.colcon_core.verb:set package 'publish_odom' build argument 'cmake_target_skip_unavailable' from command line to 'False'
[0.475s] Level 5:colcon.colcon_core.verb:set package 'publish_odom' build argument 'cmake_clean_cache' from command line to 'False'
[0.476s] Level 5:colcon.colcon_core.verb:set package 'publish_odom' build argument 'cmake_clean_first' from command line to 'False'
[0.476s] Level 5:colcon.colcon_core.verb:set package 'publish_odom' build argument 'cmake_force_configure' from command line to 'False'
[0.476s] Level 5:colcon.colcon_core.verb:set package 'publish_odom' build argument 'ament_cmake_args' from command line to 'None'
[0.476s] Level 5:colcon.colcon_core.verb:set package 'publish_odom' build argument 'catkin_cmake_args' from command line to 'None'
[0.476s] Level 5:colcon.colcon_core.verb:set package 'publish_odom' build argument 'catkin_skip_building_tests' from command line to 'False'
[0.476s] DEBUG:colcon.colcon_core.verb:Building package 'publish_odom' with the following arguments: {'ament_cmake_args': None, 'build_base': '/home/halit/acrome_mini_robot/build/publish_odom', 'catkin_cmake_args': None, 'catkin_skip_building_tests': False, 'cmake_args': None, 'cmake_clean_cache': False, 'cmake_clean_first': False, 'cmake_force_configure': False, 'cmake_target': None, 'cmake_target_skip_unavailable': False, 'install_base': '/home/halit/acrome_mini_robot/install/publish_odom', 'merge_install': False, 'path': '/home/halit/acrome_mini_robot/src/publish_odom', 'symlink_install': False, 'test_result_base': None}
[0.476s] Level 5:colcon.colcon_core.verb:set package 'rf2o_laser_odometry' build argument 'cmake_args' from command line to 'None'
[0.476s] Level 5:colcon.colcon_core.verb:set package 'rf2o_laser_odometry' build argument 'cmake_target' from command line to 'None'
[0.476s] Level 5:colcon.colcon_core.verb:set package 'rf2o_laser_odometry' build argument 'cmake_target_skip_unavailable' from command line to 'False'
[0.476s] Level 5:colcon.colcon_core.verb:set package 'rf2o_laser_odometry' build argument 'cmake_clean_cache' from command line to 'False'
[0.476s] Level 5:colcon.colcon_core.verb:set package 'rf2o_laser_odometry' build argument 'cmake_clean_first' from command line to 'False'
[0.476s] Level 5:colcon.colcon_core.verb:set package 'rf2o_laser_odometry' build argument 'cmake_force_configure' from command line to 'False'
[0.476s] Level 5:colcon.colcon_core.verb:set package 'rf2o_laser_odometry' build argument 'ament_cmake_args' from command line to 'None'
[0.476s] Level 5:colcon.colcon_core.verb:set package 'rf2o_laser_odometry' build argument 'catkin_cmake_args' from command line to 'None'
[0.476s] Level 5:colcon.colcon_core.verb:set package 'rf2o_laser_odometry' build argument 'catkin_skip_building_tests' from command line to 'False'
[0.476s] DEBUG:colcon.colcon_core.verb:Building package 'rf2o_laser_odometry' with the following arguments: {'ament_cmake_args': None, 'build_base': '/home/halit/acrome_mini_robot/build/rf2o_laser_odometry', 'catkin_cmake_args': None, 'catkin_skip_building_tests': False, 'cmake_args': None, 'cmake_clean_cache': False, 'cmake_clean_first': False, 'cmake_force_configure': False, 'cmake_target': None, 'cmake_target_skip_unavailable': False, 'install_base': '/home/halit/acrome_mini_robot/install/rf2o_laser_odometry', 'merge_install': False, 'path': '/home/halit/acrome_mini_robot/src/rf2o_laser_odometry', 'symlink_install': False, 'test_result_base': None}
[0.476s] Level 5:colcon.colcon_core.verb:set package 'set_slam' build argument 'cmake_args' from command line to 'None'
[0.476s] Level 5:colcon.colcon_core.verb:set package 'set_slam' build argument 'cmake_target' from command line to 'None'
[0.476s] Level 5:colcon.colcon_core.verb:set package 'set_slam' build argument 'cmake_target_skip_unavailable' from command line to 'False'
[0.476s] Level 5:colcon.colcon_core.verb:set package 'set_slam' build argument 'cmake_clean_cache' from command line to 'False'
[0.476s] Level 5:colcon.colcon_core.verb:set package 'set_slam' build argument 'cmake_clean_first' from command line to 'False'
[0.476s] Level 5:colcon.colcon_core.verb:set package 'set_slam' build argument 'cmake_force_configure' from command line to 'False'
[0.476s] Level 5:colcon.colcon_core.verb:set package 'set_slam' build argument 'ament_cmake_args' from command line to 'None'
[0.476s] Level 5:colcon.colcon_core.verb:set package 'set_slam' build argument 'catkin_cmake_args' from command line to 'None'
[0.476s] Level 5:colcon.colcon_core.verb:set package 'set_slam' build argument 'catkin_skip_building_tests' from command line to 'False'
[0.476s] DEBUG:colcon.colcon_core.verb:Building package 'set_slam' with the following arguments: {'ament_cmake_args': None, 'build_base': '/home/halit/acrome_mini_robot/build/set_slam', 'catkin_cmake_args': None, 'catkin_skip_building_tests': False, 'cmake_args': None, 'cmake_clean_cache': False, 'cmake_clean_first': False, 'cmake_force_configure': False, 'cmake_target': None, 'cmake_target_skip_unavailable': False, 'install_base': '/home/halit/acrome_mini_robot/install/set_slam', 'merge_install': False, 'path': '/home/halit/acrome_mini_robot/src/set_slam', 'symlink_install': False, 'test_result_base': None}
[0.476s] INFO:colcon.colcon_core.executor:Executing jobs using 'parallel' executor
[0.477s] DEBUG:colcon.colcon_parallel_executor.executor.parallel:run_until_complete
[0.477s] INFO:colcon.colcon_ros.task.ament_python.build:Building ROS package in '/home/halit/acrome_mini_robot/src/publish_lidar' with build type 'ament_python'
[0.477s] Level 1:colcon.colcon_core.shell:create_environment_hook('publish_lidar', 'ament_prefix_path')
[0.483s] INFO:colcon.colcon_core.plugin_system:Skipping extension 'colcon_core.shell.bat': Not used on non-Windows systems
[0.483s] INFO:colcon.colcon_core.shell:Creating environment hook '/home/halit/acrome_mini_robot/install/publish_lidar/share/publish_lidar/hook/ament_prefix_path.ps1'
[0.484s] INFO:colcon.colcon_core.shell:Creating environment descriptor '/home/halit/acrome_mini_robot/install/publish_lidar/share/publish_lidar/hook/ament_prefix_path.dsv'
[0.485s] INFO:colcon.colcon_core.shell:Creating environment hook '/home/halit/acrome_mini_robot/install/publish_lidar/share/publish_lidar/hook/ament_prefix_path.sh'
[0.485s] INFO:colcon.colcon_core.shell:Skip shell extension 'powershell' for command environment: Not usable outside of PowerShell
[0.485s] DEBUG:colcon.colcon_core.shell:Skip shell extension 'dsv' for command environment
[0.488s] INFO:colcon.colcon_ros.task.ament_python.build:Building ROS package in '/home/halit/acrome_mini_robot/src/publish_odom' with build type 'ament_python'
[0.489s] Level 1:colcon.colcon_core.shell:create_environment_hook('publish_odom', 'ament_prefix_path')
[0.489s] INFO:colcon.colcon_core.shell:Creating environment hook '/home/halit/acrome_mini_robot/install/publish_odom/share/publish_odom/hook/ament_prefix_path.ps1'
[0.490s] INFO:colcon.colcon_core.shell:Creating environment descriptor '/home/halit/acrome_mini_robot/install/publish_odom/share/publish_odom/hook/ament_prefix_path.dsv'
[0.490s] INFO:colcon.colcon_core.shell:Creating environment hook '/home/halit/acrome_mini_robot/install/publish_odom/share/publish_odom/hook/ament_prefix_path.sh'
[0.491s] INFO:colcon.colcon_core.shell:Skip shell extension 'powershell' for command environment: Not usable outside of PowerShell
[0.491s] DEBUG:colcon.colcon_core.shell:Skip shell extension 'dsv' for command environment
[0.493s] INFO:colcon.colcon_ros.task.ament_cmake.build:Building ROS package in '/home/halit/acrome_mini_robot/src/rf2o_laser_odometry' with build type 'ament_cmake'
[0.493s] INFO:colcon.colcon_cmake.task.cmake.build:Building CMake package in '/home/halit/acrome_mini_robot/src/rf2o_laser_odometry'
[0.493s] INFO:colcon.colcon_core.shell:Skip shell extension 'powershell' for command environment: Not usable outside of PowerShell
[0.494s] DEBUG:colcon.colcon_core.shell:Skip shell extension 'dsv' for command environment
[0.496s] INFO:colcon.colcon_ros.task.ament_python.build:Building ROS package in '/home/halit/acrome_mini_robot/src/set_slam' with build type 'ament_python'
[0.496s] Level 1:colcon.colcon_core.shell:create_environment_hook('set_slam', 'ament_prefix_path')
[0.496s] INFO:colcon.colcon_core.shell:Creating environment hook '/home/halit/acrome_mini_robot/install/set_slam/share/set_slam/hook/ament_prefix_path.ps1'
[0.497s] INFO:colcon.colcon_core.shell:Creating environment descriptor '/home/halit/acrome_mini_robot/install/set_slam/share/set_slam/hook/ament_prefix_path.dsv'
[0.497s] INFO:colcon.colcon_core.shell:Creating environment hook '/home/halit/acrome_mini_robot/install/set_slam/share/set_slam/hook/ament_prefix_path.sh'
[0.497s] INFO:colcon.colcon_core.shell:Skip shell extension 'powershell' for command environment: Not usable outside of PowerShell
[0.497s] DEBUG:colcon.colcon_core.shell:Skip shell extension 'dsv' for command environment
[0.676s] INFO:colcon.colcon_core.task.python.build:Building Python package in '/home/halit/acrome_mini_robot/src/publish_lidar'
[0.676s] INFO:colcon.colcon_core.shell:Skip shell extension 'powershell' for command environment: Not usable outside of PowerShell
[0.676s] DEBUG:colcon.colcon_core.shell:Skip shell extension 'dsv' for command environment
[0.842s] INFO:colcon.colcon_core.task.python.build:Building Python package in '/home/halit/acrome_mini_robot/src/publish_odom'
[0.842s] INFO:colcon.colcon_core.shell:Skip shell extension 'powershell' for command environment: Not usable outside of PowerShell
[0.842s] DEBUG:colcon.colcon_core.shell:Skip shell extension 'dsv' for command environment
[0.848s] DEBUG:colcon.colcon_core.event_handler.log_command:Invoking command in '/home/halit/acrome_mini_robot/build/rf2o_laser_odometry': CMAKE_PREFIX_PATH=${CMAKE_PREFIX_PATH}:/home/halit/acrome_mini_robot/install/set_slam:/home/halit/acrome_mini_robot/install/publish_odom:/home/halit/acrome_mini_robot/install/publish_lidar:/opt/ros/jazzy /usr/bin/cmake --build /home/halit/acrome_mini_robot/build/rf2o_laser_odometry -- -j4 -l4
[1.026s] INFO:colcon.colcon_core.task.python.build:Building Python package in '/home/halit/acrome_mini_robot/src/set_slam'
[1.026s] INFO:colcon.colcon_core.shell:Skip shell extension 'powershell' for command environment: Not usable outside of PowerShell
[1.026s] DEBUG:colcon.colcon_core.shell:Skip shell extension 'dsv' for command environment
[1.036s] DEBUG:colcon.colcon_core.event_handler.log_command:Invoked command in '/home/halit/acrome_mini_robot/build/rf2o_laser_odometry' returned '0': CMAKE_PREFIX_PATH=${CMAKE_PREFIX_PATH}:/home/halit/acrome_mini_robot/install/set_slam:/home/halit/acrome_mini_robot/install/publish_odom:/home/halit/acrome_mini_robot/install/publish_lidar:/opt/ros/jazzy /usr/bin/cmake --build /home/halit/acrome_mini_robot/build/rf2o_laser_odometry -- -j4 -l4
[1.047s] DEBUG:colcon.colcon_core.event_handler.log_command:Invoking command in '/home/halit/acrome_mini_robot/build/rf2o_laser_odometry': CMAKE_PREFIX_PATH=${CMAKE_PREFIX_PATH}:/home/halit/acrome_mini_robot/install/set_slam:/home/halit/acrome_mini_robot/install/publish_odom:/home/halit/acrome_mini_robot/install/publish_lidar:/opt/ros/jazzy /usr/bin/cmake --install /home/halit/acrome_mini_robot/build/rf2o_laser_odometry
[1.067s] Level 1:colcon.colcon_core.environment:create_environment_scripts_only(rf2o_laser_odometry)
[1.067s] DEBUG:colcon.colcon_core.event_handler.log_command:Invoked command in '/home/halit/acrome_mini_robot/build/rf2o_laser_odometry' returned '0': CMAKE_PREFIX_PATH=${CMAKE_PREFIX_PATH}:/home/halit/acrome_mini_robot/install/set_slam:/home/halit/acrome_mini_robot/install/publish_odom:/home/halit/acrome_mini_robot/install/publish_lidar:/opt/ros/jazzy /usr/bin/cmake --install /home/halit/acrome_mini_robot/build/rf2o_laser_odometry
[1.077s] Level 1:colcon.colcon_core.environment:checking '/home/halit/acrome_mini_robot/install/rf2o_laser_odometry' for CMake module files
[1.077s] Level 1:colcon.colcon_core.environment:checking '/home/halit/acrome_mini_robot/install/rf2o_laser_odometry' for CMake config files
[1.077s] Level 1:colcon.colcon_core.shell:create_environment_hook('rf2o_laser_odometry', 'cmake_prefix_path')
[1.078s] INFO:colcon.colcon_core.shell:Creating environment hook '/home/halit/acrome_mini_robot/install/rf2o_laser_odometry/share/rf2o_laser_odometry/hook/cmake_prefix_path.ps1'
[1.078s] INFO:colcon.colcon_core.shell:Creating environment descriptor '/home/halit/acrome_mini_robot/install/rf2o_laser_odometry/share/rf2o_laser_odometry/hook/cmake_prefix_path.dsv'
[1.078s] INFO:colcon.colcon_core.shell:Creating environment hook '/home/halit/acrome_mini_robot/install/rf2o_laser_odometry/share/rf2o_laser_odometry/hook/cmake_prefix_path.sh'
[1.079s] Level 1:colcon.colcon_core.environment:checking '/home/halit/acrome_mini_robot/install/rf2o_laser_odometry/lib'
[1.079s] Level 1:colcon.colcon_core.environment:checking '/home/halit/acrome_mini_robot/install/rf2o_laser_odometry/bin'
[1.079s] Level 1:colcon.colcon_core.environment:checking '/home/halit/acrome_mini_robot/install/rf2o_laser_odometry/lib/pkgconfig/rf2o_laser_odometry.pc'
[1.079s] Level 1:colcon.colcon_core.environment:checking '/home/halit/acrome_mini_robot/install/rf2o_laser_odometry/lib/python3.12/site-packages'
[1.079s] Level 1:colcon.colcon_core.environment:checking '/home/halit/acrome_mini_robot/install/rf2o_laser_odometry/bin'
[1.079s] INFO:colcon.colcon_core.shell:Creating package script '/home/halit/acrome_mini_robot/install/rf2o_laser_odometry/share/rf2o_laser_odometry/package.ps1'
[1.081s] INFO:colcon.colcon_core.shell:Creating package descriptor '/home/halit/acrome_mini_robot/install/rf2o_laser_odometry/share/rf2o_laser_odometry/package.dsv'
[1.081s] INFO:colcon.colcon_core.shell:Creating package script '/home/halit/acrome_mini_robot/install/rf2o_laser_odometry/share/rf2o_laser_odometry/package.sh'
[1.083s] INFO:colcon.colcon_core.shell:Creating package script '/home/halit/acrome_mini_robot/install/rf2o_laser_odometry/share/rf2o_laser_odometry/package.bash'
[1.083s] INFO:colcon.colcon_core.shell:Creating package script '/home/halit/acrome_mini_robot/install/rf2o_laser_odometry/share/rf2o_laser_odometry/package.zsh'
[1.084s] Level 1:colcon.colcon_core.environment:create_file_with_runtime_dependencies(/home/halit/acrome_mini_robot/install/rf2o_laser_odometry/share/colcon-core/packages/rf2o_laser_odometry)
[1.085s] Level 1:colcon.colcon_core.environment:create_environment_scripts_only(rf2o_laser_odometry)
[1.085s] Level 1:colcon.colcon_core.environment:checking '/home/halit/acrome_mini_robot/install/rf2o_laser_odometry' for CMake module files
[1.085s] Level 1:colcon.colcon_core.environment:checking '/home/halit/acrome_mini_robot/install/rf2o_laser_odometry' for CMake config files
[1.086s] Level 1:colcon.colcon_core.shell:create_environment_hook('rf2o_laser_odometry', 'cmake_prefix_path')
[1.086s] INFO:colcon.colcon_core.shell:Creating environment hook '/home/halit/acrome_mini_robot/install/rf2o_laser_odometry/share/rf2o_laser_odometry/hook/cmake_prefix_path.ps1'
[1.086s] INFO:colcon.colcon_core.shell:Creating environment descriptor '/home/halit/acrome_mini_robot/install/rf2o_laser_odometry/share/rf2o_laser_odometry/hook/cmake_prefix_path.dsv'
[1.086s] INFO:colcon.colcon_core.shell:Creating environment hook '/home/halit/acrome_mini_robot/install/rf2o_laser_odometry/share/rf2o_laser_odometry/hook/cmake_prefix_path.sh'
[1.087s] Level 1:colcon.colcon_core.environment:checking '/home/halit/acrome_mini_robot/install/rf2o_laser_odometry/lib'
[1.088s] Level 1:colcon.colcon_core.environment:checking '/home/halit/acrome_mini_robot/install/rf2o_laser_odometry/bin'
[1.088s] Level 1:colcon.colcon_core.environment:checking '/home/halit/acrome_mini_robot/install/rf2o_laser_odometry/lib/pkgconfig/rf2o_laser_odometry.pc'
[1.088s] Level 1:colcon.colcon_core.environment:checking '/home/halit/acrome_mini_robot/install/rf2o_laser_odometry/lib/python3.12/site-packages'
[1.088s] Level 1:colcon.colcon_core.environment:checking '/home/halit/acrome_mini_robot/install/rf2o_laser_odometry/bin'
[1.088s] INFO:colcon.colcon_core.shell:Creating package script '/home/halit/acrome_mini_robot/install/rf2o_laser_odometry/share/rf2o_laser_odometry/package.ps1'
[1.089s] INFO:colcon.colcon_core.shell:Creating package descriptor '/home/halit/acrome_mini_robot/install/rf2o_laser_odometry/share/rf2o_laser_odometry/package.dsv'
[1.090s] INFO:colcon.colcon_core.shell:Creating package script '/home/halit/acrome_mini_robot/install/rf2o_laser_odometry/share/rf2o_laser_odometry/package.sh'
[1.090s] INFO:colcon.colcon_core.shell:Creating package script '/home/halit/acrome_mini_robot/install/rf2o_laser_odometry/share/rf2o_laser_odometry/package.bash'
[1.091s] INFO:colcon.colcon_core.shell:Creating package script '/home/halit/acrome_mini_robot/install/rf2o_laser_odometry/share/rf2o_laser_odometry/package.zsh'
[1.091s] Level 1:colcon.colcon_core.environment:create_file_with_runtime_dependencies(/home/halit/acrome_mini_robot/install/rf2o_laser_odometry/share/colcon-core/packages/rf2o_laser_odometry)
[1.826s] DEBUG:colcon.colcon_core.event_handler.log_command:Invoking command in '/home/halit/acrome_mini_robot/src/publish_odom': PYTHONPATH=/home/halit/acrome_mini_robot/build/publish_odom/prefix_override:/usr/lib/python3/dist-packages/colcon_core/task/python/colcon_distutils_commands:/home/halit/acrome_mini_robot/install/publish_odom/lib/python3.12/site-packages:${PYTHONPATH} /usr/bin/python3 -W ignore:setup.py install is deprecated -W ignore:easy_install command is deprecated setup.py egg_info --egg-base ../../build/publish_odom build --build-base /home/halit/acrome_mini_robot/build/publish_odom/build install --record /home/halit/acrome_mini_robot/build/publish_odom/install.log --single-version-externally-managed install_data
[1.828s] DEBUG:colcon.colcon_core.event_handler.log_command:Invoking command in '/home/halit/acrome_mini_robot/src/publish_lidar': PYTHONPATH=/home/halit/acrome_mini_robot/build/publish_lidar/prefix_override:/usr/lib/python3/dist-packages/colcon_core/task/python/colcon_distutils_commands:/home/halit/acrome_mini_robot/install/publish_lidar/lib/python3.12/site-packages:${PYTHONPATH} /usr/bin/python3 -W ignore:setup.py install is deprecated -W ignore:easy_install command is deprecated setup.py egg_info --egg-base ../../build/publish_lidar build --build-base /home/halit/acrome_mini_robot/build/publish_lidar/build install --record /home/halit/acrome_mini_robot/build/publish_lidar/install.log --single-version-externally-managed install_data
[1.832s] DEBUG:colcon.colcon_core.event_handler.log_command:Invoking command in '/home/halit/acrome_mini_robot/src/set_slam': PYTHONPATH=/home/halit/acrome_mini_robot/build/set_slam/prefix_override:/usr/lib/python3/dist-packages/colcon_core/task/python/colcon_distutils_commands:/home/halit/acrome_mini_robot/install/set_slam/lib/python3.12/site-packages:${PYTHONPATH} /usr/bin/python3 -W ignore:setup.py install is deprecated -W ignore:easy_install command is deprecated setup.py egg_info --egg-base ../../build/set_slam build --build-base /home/halit/acrome_mini_robot/build/set_slam/build install --record /home/halit/acrome_mini_robot/build/set_slam/install.log --single-version-externally-managed install_data
[2.314s] Level 1:colcon.colcon_core.environment:checking '/home/halit/acrome_mini_robot/install/set_slam' for CMake module files
[2.315s] Level 1:colcon.colcon_core.environment:checking '/home/halit/acrome_mini_robot/install/set_slam' for CMake config files
[2.315s] Level 1:colcon.colcon_core.environment:checking '/home/halit/acrome_mini_robot/install/set_slam/lib'
[2.315s] Level 1:colcon.colcon_core.environment:checking '/home/halit/acrome_mini_robot/install/set_slam/bin'
[2.315s] Level 1:colcon.colcon_core.environment:checking '/home/halit/acrome_mini_robot/install/set_slam/lib/pkgconfig/set_slam.pc'
[2.315s] Level 1:colcon.colcon_core.environment:checking '/home/halit/acrome_mini_robot/install/set_slam/lib/python3.12/site-packages'
[2.315s] Level 1:colcon.colcon_core.shell:create_environment_hook('set_slam', 'pythonpath')
[2.316s] INFO:colcon.colcon_core.shell:Creating environment hook '/home/halit/acrome_mini_robot/install/set_slam/share/set_slam/hook/pythonpath.ps1'
[2.316s] DEBUG:colcon.colcon_core.event_handler.log_command:Invoked command in '/home/halit/acrome_mini_robot/src/set_slam' returned '0': PYTHONPATH=/home/halit/acrome_mini_robot/build/set_slam/prefix_override:/usr/lib/python3/dist-packages/colcon_core/task/python/colcon_distutils_commands:/home/halit/acrome_mini_robot/install/set_slam/lib/python3.12/site-packages:${PYTHONPATH} /usr/bin/python3 -W ignore:setup.py install is deprecated -W ignore:easy_install command is deprecated setup.py egg_info --egg-base ../../build/set_slam build --build-base /home/halit/acrome_mini_robot/build/set_slam/build install --record /home/halit/acrome_mini_robot/build/set_slam/install.log --single-version-externally-managed install_data
[2.317s] INFO:colcon.colcon_core.shell:Creating environment descriptor '/home/halit/acrome_mini_robot/install/set_slam/share/set_slam/hook/pythonpath.dsv'
[2.317s] INFO:colcon.colcon_core.shell:Creating environment hook '/home/halit/acrome_mini_robot/install/set_slam/share/set_slam/hook/pythonpath.sh'
[2.318s] Level 1:colcon.colcon_core.environment:checking '/home/halit/acrome_mini_robot/install/set_slam/bin'
[2.318s] Level 1:colcon.colcon_core.environment:create_environment_scripts_only(set_slam)
[2.318s] INFO:colcon.colcon_core.shell:Creating package script '/home/halit/acrome_mini_robot/install/set_slam/share/set_slam/package.ps1'
[2.318s] INFO:colcon.colcon_core.shell:Creating package descriptor '/home/halit/acrome_mini_robot/install/set_slam/share/set_slam/package.dsv'
[2.319s] INFO:colcon.colcon_core.shell:Creating package script '/home/halit/acrome_mini_robot/install/set_slam/share/set_slam/package.sh'
[2.319s] INFO:colcon.colcon_core.shell:Creating package script '/home/halit/acrome_mini_robot/install/set_slam/share/set_slam/package.bash'
[2.319s] INFO:colcon.colcon_core.shell:Creating package script '/home/halit/acrome_mini_robot/install/set_slam/share/set_slam/package.zsh'
[2.319s] Level 1:colcon.colcon_core.environment:create_file_with_runtime_dependencies(/home/halit/acrome_mini_robot/install/set_slam/share/colcon-core/packages/set_slam)
[2.320s] Level 1:colcon.colcon_core.environment:checking '/home/halit/acrome_mini_robot/install/publish_odom' for CMake module files
[2.322s] Level 1:colcon.colcon_core.environment:checking '/home/halit/acrome_mini_robot/install/publish_odom' for CMake config files
[2.322s] DEBUG:colcon.colcon_core.event_handler.log_command:Invoked command in '/home/halit/acrome_mini_robot/src/publish_odom' returned '0': PYTHONPATH=/home/halit/acrome_mini_robot/build/publish_odom/prefix_override:/usr/lib/python3/dist-packages/colcon_core/task/python/colcon_distutils_commands:/home/halit/acrome_mini_robot/install/publish_odom/lib/python3.12/site-packages:${PYTHONPATH} /usr/bin/python3 -W ignore:setup.py install is deprecated -W ignore:easy_install command is deprecated setup.py egg_info --egg-base ../../build/publish_odom build --build-base /home/halit/acrome_mini_robot/build/publish_odom/build install --record /home/halit/acrome_mini_robot/build/publish_odom/install.log --single-version-externally-managed install_data
[2.323s] Level 1:colcon.colcon_core.environment:checking '/home/halit/acrome_mini_robot/install/publish_odom/lib'
[2.323s] Level 1:colcon.colcon_core.environment:checking '/home/halit/acrome_mini_robot/install/publish_odom/bin'
[2.323s] Level 1:colcon.colcon_core.environment:checking '/home/halit/acrome_mini_robot/install/publish_odom/lib/pkgconfig/publish_odom.pc'
[2.323s] Level 1:colcon.colcon_core.environment:checking '/home/halit/acrome_mini_robot/install/publish_odom/lib/python3.12/site-packages'
[2.323s] Level 1:colcon.colcon_core.shell:create_environment_hook('publish_odom', 'pythonpath')
[2.323s] INFO:colcon.colcon_core.shell:Creating environment hook '/home/halit/acrome_mini_robot/install/publish_odom/share/publish_odom/hook/pythonpath.ps1'
[2.324s] INFO:colcon.colcon_core.shell:Creating environment descriptor '/home/halit/acrome_mini_robot/install/publish_odom/share/publish_odom/hook/pythonpath.dsv'
[2.324s] INFO:colcon.colcon_core.shell:Creating environment hook '/home/halit/acrome_mini_robot/install/publish_odom/share/publish_odom/hook/pythonpath.sh'
[2.324s] Level 1:colcon.colcon_core.environment:checking '/home/halit/acrome_mini_robot/install/publish_odom/bin'
[2.324s] Level 1:colcon.colcon_core.environment:create_environment_scripts_only(publish_odom)
[2.325s] INFO:colcon.colcon_core.shell:Creating package script '/home/halit/acrome_mini_robot/install/publish_odom/share/publish_odom/package.ps1'
[2.325s] INFO:colcon.colcon_core.shell:Creating package descriptor '/home/halit/acrome_mini_robot/install/publish_odom/share/publish_odom/package.dsv'
[2.326s] INFO:colcon.colcon_core.shell:Creating package script '/home/halit/acrome_mini_robot/install/publish_odom/share/publish_odom/package.sh'
[2.326s] INFO:colcon.colcon_core.shell:Creating package script '/home/halit/acrome_mini_robot/install/publish_odom/share/publish_odom/package.bash'
[2.326s] INFO:colcon.colcon_core.shell:Creating package script '/home/halit/acrome_mini_robot/install/publish_odom/share/publish_odom/package.zsh'
[2.327s] Level 1:colcon.colcon_core.environment:create_file_with_runtime_dependencies(/home/halit/acrome_mini_robot/install/publish_odom/share/colcon-core/packages/publish_odom)
[2.335s] Level 1:colcon.colcon_core.environment:checking '/home/halit/acrome_mini_robot/install/publish_lidar' for CMake module files
[2.335s] DEBUG:colcon.colcon_core.event_handler.log_command:Invoked command in '/home/halit/acrome_mini_robot/src/publish_lidar' returned '0': PYTHONPATH=/home/halit/acrome_mini_robot/build/publish_lidar/prefix_override:/usr/lib/python3/dist-packages/colcon_core/task/python/colcon_distutils_commands:/home/halit/acrome_mini_robot/install/publish_lidar/lib/python3.12/site-packages:${PYTHONPATH} /usr/bin/python3 -W ignore:setup.py install is deprecated -W ignore:easy_install command is deprecated setup.py egg_info --egg-base ../../build/publish_lidar build --build-base /home/halit/acrome_mini_robot/build/publish_lidar/build install --record /home/halit/acrome_mini_robot/build/publish_lidar/install.log --single-version-externally-managed install_data
[2.336s] Level 1:colcon.colcon_core.environment:checking '/home/halit/acrome_mini_robot/install/publish_lidar' for CMake config files
[2.336s] Level 1:colcon.colcon_core.environment:checking '/home/halit/acrome_mini_robot/install/publish_lidar/lib'
[2.336s] Level 1:colcon.colcon_core.environment:checking '/home/halit/acrome_mini_robot/install/publish_lidar/bin'
[2.336s] Level 1:colcon.colcon_core.environment:checking '/home/halit/acrome_mini_robot/install/publish_lidar/lib/pkgconfig/publish_lidar.pc'
[2.336s] Level 1:colcon.colcon_core.environment:checking '/home/halit/acrome_mini_robot/install/publish_lidar/lib/python3.12/site-packages'
[2.337s] Level 1:colcon.colcon_core.shell:create_environment_hook('publish_lidar', 'pythonpath')
[2.337s] INFO:colcon.colcon_core.shell:Creating environment hook '/home/halit/acrome_mini_robot/install/publish_lidar/share/publish_lidar/hook/pythonpath.ps1'
[2.337s] INFO:colcon.colcon_core.shell:Creating environment descriptor '/home/halit/acrome_mini_robot/install/publish_lidar/share/publish_lidar/hook/pythonpath.dsv'
[2.337s] INFO:colcon.colcon_core.shell:Creating environment hook '/home/halit/acrome_mini_robot/install/publish_lidar/share/publish_lidar/hook/pythonpath.sh'
[2.338s] Level 1:colcon.colcon_core.environment:checking '/home/halit/acrome_mini_robot/install/publish_lidar/bin'
[2.338s] Level 1:colcon.colcon_core.environment:create_environment_scripts_only(publish_lidar)
[2.338s] INFO:colcon.colcon_core.shell:Creating package script '/home/halit/acrome_mini_robot/install/publish_lidar/share/publish_lidar/package.ps1'
[2.339s] INFO:colcon.colcon_core.shell:Creating package descriptor '/home/halit/acrome_mini_robot/install/publish_lidar/share/publish_lidar/package.dsv'
[2.339s] INFO:colcon.colcon_core.shell:Creating package script '/home/halit/acrome_mini_robot/install/publish_lidar/share/publish_lidar/package.sh'
[2.339s] INFO:colcon.colcon_core.shell:Creating package script '/home/halit/acrome_mini_robot/install/publish_lidar/share/publish_lidar/package.bash'
[2.340s] INFO:colcon.colcon_core.shell:Creating package script '/home/halit/acrome_mini_robot/install/publish_lidar/share/publish_lidar/package.zsh'
[2.340s] Level 1:colcon.colcon_core.environment:create_file_with_runtime_dependencies(/home/halit/acrome_mini_robot/install/publish_lidar/share/colcon-core/packages/publish_lidar)
[2.340s] DEBUG:colcon.colcon_parallel_executor.executor.parallel:closing loop
[2.341s] DEBUG:colcon.colcon_parallel_executor.executor.parallel:loop closed
[2.341s] DEBUG:colcon.colcon_parallel_executor.executor.parallel:run_until_complete finished with '0'
[2.341s] DEBUG:colcon.colcon_core.event_reactor:joining thread
[2.397s] INFO:colcon.colcon_core.plugin_system:Skipping extension 'colcon_notification.desktop_notification.notify_send': Could not find 'notify-send'
[2.397s] INFO:colcon.colcon_core.plugin_system:Skipping extension 'colcon_notification.desktop_notification.terminal_notifier': Not used on non-Darwin systems
[2.397s] INFO:colcon.colcon_core.plugin_system:Skipping extension 'colcon_notification.desktop_notification.win32': Not used on non-Windows systems
[2.397s] INFO:colcon.colcon_notification.desktop_notification:Sending desktop notification using 'notify2'
[2.399s] DEBUG:colcon.colcon_notification.desktop_notification.notify2:Failed to initialize notify2: org.freedesktop.DBus.Error.ServiceUnknown: The name org.freedesktop.Notifications was not provided by any .service files
[2.399s] DEBUG:colcon.colcon_core.event_reactor:joined thread
[2.400s] INFO:colcon.colcon_core.shell:Creating prefix script '/home/halit/acrome_mini_robot/install/local_setup.ps1'
[2.401s] INFO:colcon.colcon_core.shell:Creating prefix util module '/home/halit/acrome_mini_robot/install/_local_setup_util_ps1.py'
[2.402s] INFO:colcon.colcon_core.shell:Creating prefix chain script '/home/halit/acrome_mini_robot/install/setup.ps1'
[2.403s] INFO:colcon.colcon_core.shell:Creating prefix script '/home/halit/acrome_mini_robot/install/local_setup.sh'
[2.403s] INFO:colcon.colcon_core.shell:Creating prefix util module '/home/halit/acrome_mini_robot/install/_local_setup_util_sh.py'
[2.404s] INFO:colcon.colcon_core.shell:Creating prefix chain script '/home/halit/acrome_mini_robot/install/setup.sh'
[2.405s] INFO:colcon.colcon_core.shell:Creating prefix script '/home/halit/acrome_mini_robot/install/local_setup.bash'
[2.405s] INFO:colcon.colcon_core.shell:Creating prefix chain script '/home/halit/acrome_mini_robot/install/setup.bash'
[2.406s] INFO:colcon.colcon_core.shell:Creating prefix script '/home/halit/acrome_mini_robot/install/local_setup.zsh'
[2.406s] INFO:colcon.colcon_core.shell:Creating prefix chain script '/home/halit/acrome_mini_robot/install/setup.zsh'
