[0.555s] DEBUG:colcon:Command line arguments: ['/usr/bin/colcon', 'build']
[0.555s] DEBUG:colcon:Parsed command line arguments: Namespace(log_base=None, log_level=None, verb_name='build', build_base='build', install_base='install', merge_install=False, symlink_install=False, test_result_base=None, continue_on_error=False, executor='parallel', parallel_workers=4, event_handlers=None, ignore_user_meta=False, metas=['./colcon.meta'], base_paths=['.'], packages_ignore=None, packages_ignore_regex=None, paths=None, packages_up_to=None, packages_up_to_regex=None, packages_above=None, packages_above_and_dependencies=None, packages_above_depth=None, packages_select_by_dep=None, packages_skip_by_dep=None, packages_skip_up_to=None, packages_select_build_failed=False, packages_skip_build_finished=False, packages_select_test_failures=False, packages_skip_test_passed=False, packages_select=None, packages_skip=None, packages_select_regex=None, packages_skip_regex=None, packages_start=None, packages_end=None, allow_overriding=[], cmake_args=None, cmake_target=None, cmake_target_skip_unavailable=False, cmake_clean_cache=False, cmake_clean_first=False, cmake_force_configure=False, ament_cmake_args=None, catkin_cmake_args=None, catkin_skip_building_tests=False, mixin_files=None, mixin=None, verb_parser=<colcon_mixin.mixin.mixin_argument.MixinArgumentDecorator object at 0x748a71335b20>, verb_extension=<colcon_core.verb.build.BuildVerb object at 0x748a71186870>, main=<bound method BuildVerb.main of <colcon_core.verb.build.BuildVerb object at 0x748a71186870>>, mixin_verb=('build',))
[0.606s] Level 1:colcon.colcon_core.package_discovery:discover_packages(colcon_meta) check parameters
[0.606s] Level 1:colcon.colcon_core.package_discovery:discover_packages(recursive) check parameters
[0.606s] Level 1:colcon.colcon_core.package_discovery:discover_packages(ignore) check parameters
[0.606s] Level 1:colcon.colcon_core.package_discovery:discover_packages(path) check parameters
[0.606s] Level 1:colcon.colcon_core.package_discovery:discover_packages(colcon_meta) discover
[0.606s] Level 1:colcon.colcon_core.package_discovery:discover_packages(recursive) discover
[0.606s] INFO:colcon.colcon_core.package_discovery:Crawling recursively for packages in '/home/halit/raspberry'
[0.606s] Level 1:colcon.colcon_core.package_identification:_identify(.) by extensions ['ignore', 'ignore_ament_install']
[0.607s] Level 1:colcon.colcon_core.package_identification:_identify(.) by extension 'ignore'
[0.607s] Level 1:colcon.colcon_core.package_identification:_identify(.) by extension 'ignore_ament_install'
[0.607s] Level 1:colcon.colcon_core.package_identification:_identify(.) by extensions ['colcon_pkg']
[0.607s] Level 1:colcon.colcon_core.package_identification:_identify(.) by extension 'colcon_pkg'
[0.607s] Level 1:colcon.colcon_core.package_identification:_identify(.) by extensions ['colcon_meta']
[0.607s] Level 1:colcon.colcon_core.package_identification:_identify(.) by extension 'colcon_meta'
[0.607s] Level 1:colcon.colcon_core.package_identification:_identify(.) by extensions ['ros']
[0.607s] Level 1:colcon.colcon_core.package_identification:_identify(.) by extension 'ros'
[0.628s] Level 1:colcon.colcon_core.package_identification:_identify(.) by extensions ['cmake', 'python']
[0.628s] Level 1:colcon.colcon_core.package_identification:_identify(.) by extension 'cmake'
[0.628s] Level 1:colcon.colcon_core.package_identification:_identify(.) by extension 'python'
[0.628s] Level 1:colcon.colcon_core.package_identification:_identify(.) by extensions ['python_setup_py']
[0.628s] Level 1:colcon.colcon_core.package_identification:_identify(.) by extension 'python_setup_py'
[0.628s] Level 1:colcon.colcon_core.package_identification:_identify(__pycache__) by extensions ['ignore', 'ignore_ament_install']
[0.628s] Level 1:colcon.colcon_core.package_identification:_identify(__pycache__) by extension 'ignore'
[0.628s] Level 1:colcon.colcon_core.package_identification:_identify(__pycache__) by extension 'ignore_ament_install'
[0.628s] Level 1:colcon.colcon_core.package_identification:_identify(__pycache__) by extensions ['colcon_pkg']
[0.628s] Level 1:colcon.colcon_core.package_identification:_identify(__pycache__) by extension 'colcon_pkg'
[0.628s] Level 1:colcon.colcon_core.package_identification:_identify(__pycache__) by extensions ['colcon_meta']
[0.628s] Level 1:colcon.colcon_core.package_identification:_identify(__pycache__) by extension 'colcon_meta'
[0.628s] Level 1:colcon.colcon_core.package_identification:_identify(__pycache__) by extensions ['ros']
[0.628s] Level 1:colcon.colcon_core.package_identification:_identify(__pycache__) by extension 'ros'
[0.628s] Level 1:colcon.colcon_core.package_identification:_identify(__pycache__) by extensions ['cmake', 'python']
[0.628s] Level 1:colcon.colcon_core.package_identification:_identify(__pycache__) by extension 'cmake'
[0.628s] Level 1:colcon.colcon_core.package_identification:_identify(__pycache__) by extension 'python'
[0.628s] Level 1:colcon.colcon_core.package_identification:_identify(__pycache__) by extensions ['python_setup_py']
[0.628s] Level 1:colcon.colcon_core.package_identification:_identify(__pycache__) by extension 'python_setup_py'
[0.628s] Level 1:colcon.colcon_core.package_identification:_identify(build) by extensions ['ignore', 'ignore_ament_install']
[0.628s] Level 1:colcon.colcon_core.package_identification:_identify(build) by extension 'ignore'
[0.628s] Level 1:colcon.colcon_core.package_identification:_identify(build) ignored
[0.628s] Level 1:colcon.colcon_core.package_identification:_identify(install) by extensions ['ignore', 'ignore_ament_install']
[0.629s] Level 1:colcon.colcon_core.package_identification:_identify(install) by extension 'ignore'
[0.629s] Level 1:colcon.colcon_core.package_identification:_identify(install) ignored
[0.629s] Level 1:colcon.colcon_core.package_identification:_identify(log) by extensions ['ignore', 'ignore_ament_install']
[0.629s] Level 1:colcon.colcon_core.package_identification:_identify(log) by extension 'ignore'
[0.629s] Level 1:colcon.colcon_core.package_identification:_identify(log) ignored
[0.629s] Level 1:colcon.colcon_core.package_identification:_identify(rasberydekiler) by extensions ['ignore', 'ignore_ament_install']
[0.629s] Level 1:colcon.colcon_core.package_identification:_identify(rasberydekiler) by extension 'ignore'
[0.629s] Level 1:colcon.colcon_core.package_identification:_identify(rasberydekiler) by extension 'ignore_ament_install'
[0.629s] Level 1:colcon.colcon_core.package_identification:_identify(rasberydekiler) by extensions ['colcon_pkg']
[0.629s] Level 1:colcon.colcon_core.package_identification:_identify(rasberydekiler) by extension 'colcon_pkg'
[0.629s] Level 1:colcon.colcon_core.package_identification:_identify(rasberydekiler) by extensions ['colcon_meta']
[0.629s] Level 1:colcon.colcon_core.package_identification:_identify(rasberydekiler) by extension 'colcon_meta'
[0.629s] Level 1:colcon.colcon_core.package_identification:_identify(rasberydekiler) by extensions ['ros']
[0.629s] Level 1:colcon.colcon_core.package_identification:_identify(rasberydekiler) by extension 'ros'
[0.629s] Level 1:colcon.colcon_core.package_identification:_identify(rasberydekiler) by extensions ['cmake', 'python']
[0.629s] Level 1:colcon.colcon_core.package_identification:_identify(rasberydekiler) by extension 'cmake'
[0.629s] Level 1:colcon.colcon_core.package_identification:_identify(rasberydekiler) by extension 'python'
[0.629s] Level 1:colcon.colcon_core.package_identification:_identify(rasberydekiler) by extensions ['python_setup_py']
[0.629s] Level 1:colcon.colcon_core.package_identification:_identify(rasberydekiler) by extension 'python_setup_py'
[0.629s] Level 1:colcon.colcon_core.package_identification:_identify(src) by extensions ['ignore', 'ignore_ament_install']
[0.629s] Level 1:colcon.colcon_core.package_identification:_identify(src) by extension 'ignore'
[0.629s] Level 1:colcon.colcon_core.package_identification:_identify(src) by extension 'ignore_ament_install'
[0.629s] Level 1:colcon.colcon_core.package_identification:_identify(src) by extensions ['colcon_pkg']
[0.630s] Level 1:colcon.colcon_core.package_identification:_identify(src) by extension 'colcon_pkg'
[0.630s] Level 1:colcon.colcon_core.package_identification:_identify(src) by extensions ['colcon_meta']
[0.630s] Level 1:colcon.colcon_core.package_identification:_identify(src) by extension 'colcon_meta'
[0.630s] Level 1:colcon.colcon_core.package_identification:_identify(src) by extensions ['ros']
[0.630s] Level 1:colcon.colcon_core.package_identification:_identify(src) by extension 'ros'
[0.630s] Level 1:colcon.colcon_core.package_identification:_identify(src) by extensions ['cmake', 'python']
[0.630s] Level 1:colcon.colcon_core.package_identification:_identify(src) by extension 'cmake'
[0.630s] Level 1:colcon.colcon_core.package_identification:_identify(src) by extension 'python'
[0.630s] Level 1:colcon.colcon_core.package_identification:_identify(src) by extensions ['python_setup_py']
[0.630s] Level 1:colcon.colcon_core.package_identification:_identify(src) by extension 'python_setup_py'
[0.630s] Level 1:colcon.colcon_core.package_identification:_identify(src/publish_lidar) by extensions ['ignore', 'ignore_ament_install']
[0.630s] Level 1:colcon.colcon_core.package_identification:_identify(src/publish_lidar) by extension 'ignore'
[0.630s] Level 1:colcon.colcon_core.package_identification:_identify(src/publish_lidar) by extension 'ignore_ament_install'
[0.630s] Level 1:colcon.colcon_core.package_identification:_identify(src/publish_lidar) by extensions ['colcon_pkg']
[0.630s] Level 1:colcon.colcon_core.package_identification:_identify(src/publish_lidar) by extension 'colcon_pkg'
[0.630s] Level 1:colcon.colcon_core.package_identification:_identify(src/publish_lidar) by extensions ['colcon_meta']
[0.630s] Level 1:colcon.colcon_core.package_identification:_identify(src/publish_lidar) by extension 'colcon_meta'
[0.630s] Level 1:colcon.colcon_core.package_identification:_identify(src/publish_lidar) by extensions ['ros']
[0.630s] Level 1:colcon.colcon_core.package_identification:_identify(src/publish_lidar) by extension 'ros'
[0.634s] DEBUG:colcon.colcon_core.package_identification:Package 'src/publish_lidar' with type 'ros.ament_python' and name 'publish_lidar'
[0.634s] Level 1:colcon.colcon_core.package_identification:_identify(src/publish_odom) by extensions ['ignore', 'ignore_ament_install']
[0.634s] Level 1:colcon.colcon_core.package_identification:_identify(src/publish_odom) by extension 'ignore'
[0.634s] Level 1:colcon.colcon_core.package_identification:_identify(src/publish_odom) by extension 'ignore_ament_install'
[0.634s] Level 1:colcon.colcon_core.package_identification:_identify(src/publish_odom) by extensions ['colcon_pkg']
[0.634s] Level 1:colcon.colcon_core.package_identification:_identify(src/publish_odom) by extension 'colcon_pkg'
[0.634s] Level 1:colcon.colcon_core.package_identification:_identify(src/publish_odom) by extensions ['colcon_meta']
[0.634s] Level 1:colcon.colcon_core.package_identification:_identify(src/publish_odom) by extension 'colcon_meta'
[0.634s] Level 1:colcon.colcon_core.package_identification:_identify(src/publish_odom) by extensions ['ros']
[0.634s] Level 1:colcon.colcon_core.package_identification:_identify(src/publish_odom) by extension 'ros'
[0.635s] DEBUG:colcon.colcon_core.package_identification:Package 'src/publish_odom' with type 'ros.ament_python' and name 'publish_odom'
[0.637s] Level 1:colcon.colcon_core.package_discovery:discover_packages(recursive) using defaults
[0.637s] Level 1:colcon.colcon_core.package_discovery:discover_packages(ignore) discover
[0.637s] Level 1:colcon.colcon_core.package_discovery:discover_packages(ignore) using defaults
[0.637s] Level 1:colcon.colcon_core.package_discovery:discover_packages(path) discover
[0.637s] Level 1:colcon.colcon_core.package_discovery:discover_packages(path) using defaults
[0.673s] Level 1:colcon.colcon_core.package_discovery:discover_packages(prefix_path) check parameters
[0.673s] Level 1:colcon.colcon_core.package_discovery:discover_packages(prefix_path) discover
[0.680s] DEBUG:colcon.colcon_installed_package_information.package_discovery:Found 1 installed packages in /home/halit/raspberry/install
[0.680s] DEBUG:colcon.colcon_installed_package_information.package_discovery:Found 1 installed packages in /home/halit/acrome_ws/install
[0.682s] DEBUG:colcon.colcon_installed_package_information.package_discovery:Found 388 installed packages in /opt/ros/jazzy
[0.683s] Level 1:colcon.colcon_core.package_discovery:discover_packages(prefix_path) using defaults
[0.721s] Level 5:colcon.colcon_core.verb:set package 'publish_lidar' build argument 'cmake_args' from command line to 'None'
[0.721s] Level 5:colcon.colcon_core.verb:set package 'publish_lidar' build argument 'cmake_target' from command line to 'None'
[0.721s] Level 5:colcon.colcon_core.verb:set package 'publish_lidar' build argument 'cmake_target_skip_unavailable' from command line to 'False'
[0.721s] Level 5:colcon.colcon_core.verb:set package 'publish_lidar' build argument 'cmake_clean_cache' from command line to 'False'
[0.721s] Level 5:colcon.colcon_core.verb:set package 'publish_lidar' build argument 'cmake_clean_first' from command line to 'False'
[0.721s] Level 5:colcon.colcon_core.verb:set package 'publish_lidar' build argument 'cmake_force_configure' from command line to 'False'
[0.721s] Level 5:colcon.colcon_core.verb:set package 'publish_lidar' build argument 'ament_cmake_args' from command line to 'None'
[0.721s] Level 5:colcon.colcon_core.verb:set package 'publish_lidar' build argument 'catkin_cmake_args' from command line to 'None'
[0.721s] Level 5:colcon.colcon_core.verb:set package 'publish_lidar' build argument 'catkin_skip_building_tests' from command line to 'False'
[0.721s] DEBUG:colcon.colcon_core.verb:Building package 'publish_lidar' with the following arguments: {'ament_cmake_args': None, 'build_base': '/home/halit/raspberry/build/publish_lidar', 'catkin_cmake_args': None, 'catkin_skip_building_tests': False, 'cmake_args': None, 'cmake_clean_cache': False, 'cmake_clean_first': False, 'cmake_force_configure': False, 'cmake_target': None, 'cmake_target_skip_unavailable': False, 'install_base': '/home/halit/raspberry/install/publish_lidar', 'merge_install': False, 'path': '/home/halit/raspberry/src/publish_lidar', 'symlink_install': False, 'test_result_base': None}
[0.721s] Level 5:colcon.colcon_core.verb:set package 'publish_odom' build argument 'cmake_args' from command line to 'None'
[0.721s] Level 5:colcon.colcon_core.verb:set package 'publish_odom' build argument 'cmake_target' from command line to 'None'
[0.721s] Level 5:colcon.colcon_core.verb:set package 'publish_odom' build argument 'cmake_target_skip_unavailable' from command line to 'False'
[0.721s] Level 5:colcon.colcon_core.verb:set package 'publish_odom' build argument 'cmake_clean_cache' from command line to 'False'
[0.721s] Level 5:colcon.colcon_core.verb:set package 'publish_odom' build argument 'cmake_clean_first' from command line to 'False'
[0.721s] Level 5:colcon.colcon_core.verb:set package 'publish_odom' build argument 'cmake_force_configure' from command line to 'False'
[0.721s] Level 5:colcon.colcon_core.verb:set package 'publish_odom' build argument 'ament_cmake_args' from command line to 'None'
[0.721s] Level 5:colcon.colcon_core.verb:set package 'publish_odom' build argument 'catkin_cmake_args' from command line to 'None'
[0.721s] Level 5:colcon.colcon_core.verb:set package 'publish_odom' build argument 'catkin_skip_building_tests' from command line to 'False'
[0.721s] DEBUG:colcon.colcon_core.verb:Building package 'publish_odom' with the following arguments: {'ament_cmake_args': None, 'build_base': '/home/halit/raspberry/build/publish_odom', 'catkin_cmake_args': None, 'catkin_skip_building_tests': False, 'cmake_args': None, 'cmake_clean_cache': False, 'cmake_clean_first': False, 'cmake_force_configure': False, 'cmake_target': None, 'cmake_target_skip_unavailable': False, 'install_base': '/home/halit/raspberry/install/publish_odom', 'merge_install': False, 'path': '/home/halit/raspberry/src/publish_odom', 'symlink_install': False, 'test_result_base': None}
[0.721s] INFO:colcon.colcon_core.executor:Executing jobs using 'parallel' executor
[0.722s] DEBUG:colcon.colcon_parallel_executor.executor.parallel:run_until_complete
[0.722s] INFO:colcon.colcon_ros.task.ament_python.build:Building ROS package in '/home/halit/raspberry/src/publish_lidar' with build type 'ament_python'
[0.722s] Level 1:colcon.colcon_core.shell:create_environment_hook('publish_lidar', 'ament_prefix_path')
[0.735s] INFO:colcon.colcon_core.plugin_system:Skipping extension 'colcon_core.shell.bat': Not used on non-Windows systems
[0.735s] INFO:colcon.colcon_core.shell:Creating environment hook '/home/halit/raspberry/install/publish_lidar/share/publish_lidar/hook/ament_prefix_path.ps1'
[0.737s] INFO:colcon.colcon_core.shell:Creating environment descriptor '/home/halit/raspberry/install/publish_lidar/share/publish_lidar/hook/ament_prefix_path.dsv'
[0.738s] INFO:colcon.colcon_core.shell:Creating environment hook '/home/halit/raspberry/install/publish_lidar/share/publish_lidar/hook/ament_prefix_path.sh'
[0.740s] INFO:colcon.colcon_core.shell:Skip shell extension 'powershell' for command environment: Not usable outside of PowerShell
[0.740s] DEBUG:colcon.colcon_core.shell:Skip shell extension 'dsv' for command environment
[0.743s] INFO:colcon.colcon_ros.task.ament_python.build:Building ROS package in '/home/halit/raspberry/src/publish_odom' with build type 'ament_python'
[0.744s] Level 1:colcon.colcon_core.shell:create_environment_hook('publish_odom', 'ament_prefix_path')
[0.744s] INFO:colcon.colcon_core.shell:Creating environment hook '/home/halit/raspberry/install/publish_odom/share/publish_odom/hook/ament_prefix_path.ps1'
[0.744s] INFO:colcon.colcon_core.shell:Creating environment descriptor '/home/halit/raspberry/install/publish_odom/share/publish_odom/hook/ament_prefix_path.dsv'
[0.745s] INFO:colcon.colcon_core.shell:Creating environment hook '/home/halit/raspberry/install/publish_odom/share/publish_odom/hook/ament_prefix_path.sh'
[0.745s] INFO:colcon.colcon_core.shell:Skip shell extension 'powershell' for command environment: Not usable outside of PowerShell
[0.745s] DEBUG:colcon.colcon_core.shell:Skip shell extension 'dsv' for command environment
[0.923s] INFO:colcon.colcon_core.task.python.build:Building Python package in '/home/halit/raspberry/src/publish_lidar'
[0.923s] INFO:colcon.colcon_core.shell:Skip shell extension 'powershell' for command environment: Not usable outside of PowerShell
[0.923s] DEBUG:colcon.colcon_core.shell:Skip shell extension 'dsv' for command environment
[1.085s] INFO:colcon.colcon_core.task.python.build:Building Python package in '/home/halit/raspberry/src/publish_odom'
[1.085s] INFO:colcon.colcon_core.shell:Skip shell extension 'powershell' for command environment: Not usable outside of PowerShell
[1.085s] DEBUG:colcon.colcon_core.shell:Skip shell extension 'dsv' for command environment
[1.808s] DEBUG:colcon.colcon_core.event_handler.log_command:Invoking command in '/home/halit/raspberry/src/publish_lidar': PYTHONPATH=/home/halit/raspberry/build/publish_lidar/prefix_override:/usr/lib/python3/dist-packages/colcon_core/task/python/colcon_distutils_commands:/home/halit/raspberry/install/publish_lidar/lib/python3.12/site-packages:${PYTHONPATH} /usr/bin/python3 -W ignore:setup.py install is deprecated -W ignore:easy_install command is deprecated setup.py egg_info --egg-base ../../build/publish_lidar build --build-base /home/halit/raspberry/build/publish_lidar/build install --record /home/halit/raspberry/build/publish_lidar/install.log --single-version-externally-managed install_data
[1.808s] DEBUG:colcon.colcon_core.event_handler.log_command:Invoking command in '/home/halit/raspberry/src/publish_odom': PYTHONPATH=/home/halit/raspberry/build/publish_odom/prefix_override:/usr/lib/python3/dist-packages/colcon_core/task/python/colcon_distutils_commands:/home/halit/raspberry/install/publish_odom/lib/python3.12/site-packages:${PYTHONPATH} /usr/bin/python3 -W ignore:setup.py install is deprecated -W ignore:easy_install command is deprecated setup.py egg_info --egg-base ../../build/publish_odom build --build-base /home/halit/raspberry/build/publish_odom/build install --record /home/halit/raspberry/build/publish_odom/install.log --single-version-externally-managed install_data
[2.274s] DEBUG:colcon.colcon_core.event_handler.log_command:Invoked command in '/home/halit/raspberry/src/publish_odom' returned '0': PYTHONPATH=/home/halit/raspberry/build/publish_odom/prefix_override:/usr/lib/python3/dist-packages/colcon_core/task/python/colcon_distutils_commands:/home/halit/raspberry/install/publish_odom/lib/python3.12/site-packages:${PYTHONPATH} /usr/bin/python3 -W ignore:setup.py install is deprecated -W ignore:easy_install command is deprecated setup.py egg_info --egg-base ../../build/publish_odom build --build-base /home/halit/raspberry/build/publish_odom/build install --record /home/halit/raspberry/build/publish_odom/install.log --single-version-externally-managed install_data
[2.283s] Level 1:colcon.colcon_core.environment:checking '/home/halit/raspberry/install/publish_odom' for CMake module files
[2.283s] Level 1:colcon.colcon_core.environment:checking '/home/halit/raspberry/install/publish_odom' for CMake config files
[2.284s] Level 1:colcon.colcon_core.environment:checking '/home/halit/raspberry/install/publish_odom/lib'
[2.284s] Level 1:colcon.colcon_core.environment:checking '/home/halit/raspberry/install/publish_odom/bin'
[2.284s] Level 1:colcon.colcon_core.environment:checking '/home/halit/raspberry/install/publish_odom/lib/pkgconfig/publish_odom.pc'
[2.284s] Level 1:colcon.colcon_core.environment:checking '/home/halit/raspberry/install/publish_odom/lib/python3.12/site-packages'
[2.284s] Level 1:colcon.colcon_core.shell:create_environment_hook('publish_odom', 'pythonpath')
[2.284s] INFO:colcon.colcon_core.shell:Creating environment hook '/home/halit/raspberry/install/publish_odom/share/publish_odom/hook/pythonpath.ps1'
[2.285s] INFO:colcon.colcon_core.shell:Creating environment descriptor '/home/halit/raspberry/install/publish_odom/share/publish_odom/hook/pythonpath.dsv'
[2.285s] INFO:colcon.colcon_core.shell:Creating environment hook '/home/halit/raspberry/install/publish_odom/share/publish_odom/hook/pythonpath.sh'
[2.286s] Level 1:colcon.colcon_core.environment:checking '/home/halit/raspberry/install/publish_odom/bin'
[2.286s] Level 1:colcon.colcon_core.environment:create_environment_scripts_only(publish_odom)
[2.286s] INFO:colcon.colcon_core.shell:Creating package script '/home/halit/raspberry/install/publish_odom/share/publish_odom/package.ps1'
[2.287s] INFO:colcon.colcon_core.shell:Creating package descriptor '/home/halit/raspberry/install/publish_odom/share/publish_odom/package.dsv'
[2.288s] INFO:colcon.colcon_core.shell:Creating package script '/home/halit/raspberry/install/publish_odom/share/publish_odom/package.sh'
[2.288s] INFO:colcon.colcon_core.shell:Creating package script '/home/halit/raspberry/install/publish_odom/share/publish_odom/package.bash'
[2.290s] INFO:colcon.colcon_core.shell:Creating package script '/home/halit/raspberry/install/publish_odom/share/publish_odom/package.zsh'
[2.291s] Level 1:colcon.colcon_core.environment:create_file_with_runtime_dependencies(/home/halit/raspberry/install/publish_odom/share/colcon-core/packages/publish_odom)
[2.292s] Level 1:colcon.colcon_core.environment:checking '/home/halit/raspberry/install/publish_lidar' for CMake module files
[2.293s] Level 1:colcon.colcon_core.environment:checking '/home/halit/raspberry/install/publish_lidar' for CMake config files
[2.293s] DEBUG:colcon.colcon_core.event_handler.log_command:Invoked command in '/home/halit/raspberry/src/publish_lidar' returned '0': PYTHONPATH=/home/halit/raspberry/build/publish_lidar/prefix_override:/usr/lib/python3/dist-packages/colcon_core/task/python/colcon_distutils_commands:/home/halit/raspberry/install/publish_lidar/lib/python3.12/site-packages:${PYTHONPATH} /usr/bin/python3 -W ignore:setup.py install is deprecated -W ignore:easy_install command is deprecated setup.py egg_info --egg-base ../../build/publish_lidar build --build-base /home/halit/raspberry/build/publish_lidar/build install --record /home/halit/raspberry/build/publish_lidar/install.log --single-version-externally-managed install_data
[2.294s] Level 1:colcon.colcon_core.environment:checking '/home/halit/raspberry/install/publish_lidar/lib'
[2.294s] Level 1:colcon.colcon_core.environment:checking '/home/halit/raspberry/install/publish_lidar/bin'
[2.294s] Level 1:colcon.colcon_core.environment:checking '/home/halit/raspberry/install/publish_lidar/lib/pkgconfig/publish_lidar.pc'
[2.294s] Level 1:colcon.colcon_core.environment:checking '/home/halit/raspberry/install/publish_lidar/lib/python3.12/site-packages'
[2.294s] Level 1:colcon.colcon_core.shell:create_environment_hook('publish_lidar', 'pythonpath')
[2.294s] INFO:colcon.colcon_core.shell:Creating environment hook '/home/halit/raspberry/install/publish_lidar/share/publish_lidar/hook/pythonpath.ps1'
[2.295s] INFO:colcon.colcon_core.shell:Creating environment descriptor '/home/halit/raspberry/install/publish_lidar/share/publish_lidar/hook/pythonpath.dsv'
[2.295s] INFO:colcon.colcon_core.shell:Creating environment hook '/home/halit/raspberry/install/publish_lidar/share/publish_lidar/hook/pythonpath.sh'
[2.295s] Level 1:colcon.colcon_core.environment:checking '/home/halit/raspberry/install/publish_lidar/bin'
[2.295s] Level 1:colcon.colcon_core.environment:create_environment_scripts_only(publish_lidar)
[2.296s] INFO:colcon.colcon_core.shell:Creating package script '/home/halit/raspberry/install/publish_lidar/share/publish_lidar/package.ps1'
[2.296s] INFO:colcon.colcon_core.shell:Creating package descriptor '/home/halit/raspberry/install/publish_lidar/share/publish_lidar/package.dsv'
[2.296s] INFO:colcon.colcon_core.shell:Creating package script '/home/halit/raspberry/install/publish_lidar/share/publish_lidar/package.sh'
[2.297s] INFO:colcon.colcon_core.shell:Creating package script '/home/halit/raspberry/install/publish_lidar/share/publish_lidar/package.bash'
[2.297s] INFO:colcon.colcon_core.shell:Creating package script '/home/halit/raspberry/install/publish_lidar/share/publish_lidar/package.zsh'
[2.297s] Level 1:colcon.colcon_core.environment:create_file_with_runtime_dependencies(/home/halit/raspberry/install/publish_lidar/share/colcon-core/packages/publish_lidar)
[2.298s] DEBUG:colcon.colcon_parallel_executor.executor.parallel:closing loop
[2.298s] DEBUG:colcon.colcon_parallel_executor.executor.parallel:loop closed
[2.299s] DEBUG:colcon.colcon_parallel_executor.executor.parallel:run_until_complete finished with '0'
[2.299s] DEBUG:colcon.colcon_core.event_reactor:joining thread
[2.334s] INFO:colcon.colcon_core.plugin_system:Skipping extension 'colcon_notification.desktop_notification.notify_send': Could not find 'notify-send'
[2.334s] INFO:colcon.colcon_core.plugin_system:Skipping extension 'colcon_notification.desktop_notification.terminal_notifier': Not used on non-Darwin systems
[2.334s] INFO:colcon.colcon_core.plugin_system:Skipping extension 'colcon_notification.desktop_notification.win32': Not used on non-Windows systems
[2.334s] INFO:colcon.colcon_notification.desktop_notification:Sending desktop notification using 'notify2'
[2.365s] DEBUG:colcon.colcon_notification.desktop_notification.notify2:Failed to initialize notify2: org.freedesktop.DBus.Error.ServiceUnknown: The name org.freedesktop.Notifications was not provided by any .service files
[2.366s] DEBUG:colcon.colcon_core.event_reactor:joined thread
[2.366s] INFO:colcon.colcon_core.shell:Creating prefix script '/home/halit/raspberry/install/local_setup.ps1'
[2.367s] INFO:colcon.colcon_core.shell:Creating prefix util module '/home/halit/raspberry/install/_local_setup_util_ps1.py'
[2.368s] INFO:colcon.colcon_core.shell:Creating prefix chain script '/home/halit/raspberry/install/setup.ps1'
[2.369s] INFO:colcon.colcon_core.shell:Creating prefix script '/home/halit/raspberry/install/local_setup.sh'
[2.370s] INFO:colcon.colcon_core.shell:Creating prefix util module '/home/halit/raspberry/install/_local_setup_util_sh.py'
[2.371s] INFO:colcon.colcon_core.shell:Creating prefix chain script '/home/halit/raspberry/install/setup.sh'
[2.372s] INFO:colcon.colcon_core.shell:Creating prefix script '/home/halit/raspberry/install/local_setup.bash'
[2.372s] INFO:colcon.colcon_core.shell:Creating prefix chain script '/home/halit/raspberry/install/setup.bash'
[2.373s] INFO:colcon.colcon_core.shell:Creating prefix script '/home/halit/raspberry/install/local_setup.zsh'
[2.374s] INFO:colcon.colcon_core.shell:Creating prefix chain script '/home/halit/raspberry/install/setup.zsh'
