[1.265s] Invoking command in '/home/halit/acrome_mini_robot/src/set_slam': PYTHONPATH=/home/halit/acrome_mini_robot/build/set_slam/prefix_override:/usr/lib/python3/dist-packages/colcon_core/task/python/colcon_distutils_commands:/home/halit/acrome_mini_robot/install/set_slam/lib/python3.12/site-packages:${PYTHONPATH} /usr/bin/python3 -W ignore:setup.py install is deprecated -W ignore:easy_install command is deprecated setup.py egg_info --egg-base ../../build/set_slam build --build-base /home/halit/acrome_mini_robot/build/set_slam/build install --record /home/halit/acrome_mini_robot/build/set_slam/install.log --single-version-externally-managed install_data
[1.590s] running egg_info
[1.613s] writing ../../build/set_slam/set_slam.egg-info/PKG-INFO
[1.613s] writing dependency_links to ../../build/set_slam/set_slam.egg-info/dependency_links.txt
[1.614s] writing entry points to ../../build/set_slam/set_slam.egg-info/entry_points.txt
[1.614s] writing requirements to ../../build/set_slam/set_slam.egg-info/requires.txt
[1.614s] writing top-level names to ../../build/set_slam/set_slam.egg-info/top_level.txt
[1.657s] reading manifest file '../../build/set_slam/set_slam.egg-info/SOURCES.txt'
[1.658s] writing manifest file '../../build/set_slam/set_slam.egg-info/SOURCES.txt'
[1.658s] running build
[1.658s] running build_py
[1.659s] running install
[1.665s] running install_lib
[1.686s] running install_data
[1.686s] running install_egg_info
[1.716s] removing '/home/halit/acrome_mini_robot/install/set_slam/lib/python3.12/site-packages/set_slam-0.0.0-py3.12.egg-info' (and everything under it)
[1.716s] Copying ../../build/set_slam/set_slam.egg-info to /home/halit/acrome_mini_robot/install/set_slam/lib/python3.12/site-packages/set_slam-0.0.0-py3.12.egg-info
[1.716s] running install_scripts
[1.859s] Installing odom_to_tf_broadcaster script to /home/halit/acrome_mini_robot/install/set_slam/lib/set_slam
[1.859s] writing list of installed files to '/home/halit/acrome_mini_robot/build/set_slam/install.log'
[1.891s] Invoked command in '/home/halit/acrome_mini_robot/src/set_slam' returned '0': PYTHONPATH=/home/halit/acrome_mini_robot/build/set_slam/prefix_override:/usr/lib/python3/dist-packages/colcon_core/task/python/colcon_distutils_commands:/home/halit/acrome_mini_robot/install/set_slam/lib/python3.12/site-packages:${PYTHONPATH} /usr/bin/python3 -W ignore:setup.py install is deprecated -W ignore:easy_install command is deprecated setup.py egg_info --egg-base ../../build/set_slam build --build-base /home/halit/acrome_mini_robot/build/set_slam/build install --record /home/halit/acrome_mini_robot/build/set_slam/install.log --single-version-externally-managed install_data
