[0.010s] Invoking command in '/home/halit/acrome_mini_robot/build/rf2o_laser_odometry': CMAKE_PREFIX_PATH=${CMAKE_PREFIX_PATH}:/home/halit/acrome_mini_robot/install/set_slam:/home/halit/acrome_mini_robot/install/publish_odom:/home/halit/acrome_mini_robot/install/publish_lidar:/opt/ros/jazzy /usr/bin/cmake /home/halit/acrome_mini_robot/src/rf2o_laser_odometry -DCMAKE_INSTALL_PREFIX=/home/halit/acrome_mini_robot/install/rf2o_laser_odometry
[0.221s] -- The C compiler identification is GNU 13.3.0
[0.660s] -- The CXX compiler identification is GNU 13.3.0
[1.031s] -- Detecting C compiler ABI info
[1.223s] -- Detecting C compiler ABI info - done
[1.230s] -- Check for working C compiler: /usr/bin/cc - skipped
[1.231s] -- Detecting C compile features
[1.231s] -- Detecting C compile features - done
[1.297s] -- Detecting CXX compiler ABI info
[1.496s] -- Detecting CXX compiler ABI info - done
[1.502s] -- Check for working CXX compiler: /usr/bin/c++ - skipped
[1.503s] -- Detecting CXX compile features
[1.503s] -- Detecting CXX compile features - done
[1.528s] -- Found ament_cmake: 2.5.4 (/opt/ros/jazzy/share/ament_cmake/cmake)
[1.660s] -- Found Python3: /usr/bin/python3 (found version "3.12.3") found components: Interpreter 
[1.793s] -- Found rclcpp: 28.1.11 (/opt/ros/jazzy/share/rclcpp/cmake)
[2.004s] -- Found rosidl_generator_c: 4.6.6 (/opt/ros/jazzy/share/rosidl_generator_c/cmake)
[2.023s] -- Found rosidl_generator_cpp: 4.6.6 (/opt/ros/jazzy/share/rosidl_generator_cpp/cmake)
[2.053s] -- Using all available rosidl_typesupport_c: rosidl_typesupport_fastrtps_c;rosidl_typesupport_introspection_c
[2.077s] -- Using all available rosidl_typesupport_cpp: rosidl_typesupport_fastrtps_cpp;rosidl_typesupport_introspection_cpp
[2.184s] -- Found rmw_implementation_cmake: 7.3.2 (/opt/ros/jazzy/share/rmw_implementation_cmake/cmake)
[2.190s] -- Found rmw_fastrtps_cpp: 8.4.3 (/opt/ros/jazzy/share/rmw_fastrtps_cpp/cmake)
[2.291s] -- Found OpenSSL: /usr/lib/x86_64-linux-gnu/libcrypto.so (found version "3.0.13")  
[2.391s] -- Found FastRTPS: /opt/ros/jazzy/include (Required is at least version "2.13") 
[2.469s] -- Using RMW implementation 'rmw_fastrtps_cpp' as default
[2.634s] -- Found std_msgs: 5.3.6 (/opt/ros/jazzy/share/std_msgs/cmake)
[2.657s] -- Found geometry_msgs: 5.3.6 (/opt/ros/jazzy/share/geometry_msgs/cmake)
[2.679s] -- Found tf2_geometry_msgs: 0.36.14 (/opt/ros/jazzy/share/tf2_geometry_msgs/cmake)
[2.734s] -- Found eigen3_cmake_module: 0.3.0 (/opt/ros/jazzy/share/eigen3_cmake_module/cmake)
[2.736s] -- Found Eigen3: TRUE (found version "3.4.0") 
[2.736s] -- Ensuring Eigen3 include directory is part of orocos-kdl CMake target
[2.919s] -- Found sensor_msgs: 5.3.6 (/opt/ros/jazzy/share/sensor_msgs/cmake)
[2.950s] -- Found nav_msgs: 5.3.6 (/opt/ros/jazzy/share/nav_msgs/cmake)
[2.997s] -- Found Boost: /usr/lib/x86_64-linux-gnu/cmake/Boost-1.83.0/BoostConfig.cmake (found version "1.83.0")  
[3.086s] -- Configuring done (3.0s)
[3.103s] -- Generating done (0.0s)
[3.108s] -- Build files have been written to: /home/halit/acrome_mini_robot/build/rf2o_laser_odometry
[3.117s] Invoked command in '/home/halit/acrome_mini_robot/build/rf2o_laser_odometry' returned '0': CMAKE_PREFIX_PATH=${CMAKE_PREFIX_PATH}:/home/halit/acrome_mini_robot/install/set_slam:/home/halit/acrome_mini_robot/install/publish_odom:/home/halit/acrome_mini_robot/install/publish_lidar:/opt/ros/jazzy /usr/bin/cmake /home/halit/acrome_mini_robot/src/rf2o_laser_odometry -DCMAKE_INSTALL_PREFIX=/home/halit/acrome_mini_robot/install/rf2o_laser_odometry
[3.118s] Invoking command in '/home/halit/acrome_mini_robot/build/rf2o_laser_odometry': CMAKE_PREFIX_PATH=${CMAKE_PREFIX_PATH}:/home/halit/acrome_mini_robot/install/set_slam:/home/halit/acrome_mini_robot/install/publish_odom:/home/halit/acrome_mini_robot/install/publish_lidar:/opt/ros/jazzy /usr/bin/cmake --build /home/halit/acrome_mini_robot/build/rf2o_laser_odometry -- -j4 -l4
[3.159s] [ 20%] [32mBuilding CXX object CMakeFiles/rf2o_laser_odometry.dir/src/CLaserOdometry2D.cpp.o[0m
[3.159s] [ 40%] [32mBuilding CXX object CMakeFiles/rf2o_laser_odometry_node.dir/src/CLaserOdometry2D.cpp.o[0m
[3.159s] [ 60%] [32mBuilding CXX object CMakeFiles/rf2o_laser_odometry_node.dir/src/CLaserOdometry2DNode.cpp.o[0m
[22.889s] [ 80%] [32m[1mLinking CXX executable rf2o_laser_odometry_node[0m
[22.892s] [100%] [32m[1mLinking CXX static library librf2o_laser_odometry.a[0m
[23.079s] [100%] Built target rf2o_laser_odometry
[23.810s] [100%] Built target rf2o_laser_odometry_node
[23.824s] Invoked command in '/home/halit/acrome_mini_robot/build/rf2o_laser_odometry' returned '0': CMAKE_PREFIX_PATH=${CMAKE_PREFIX_PATH}:/home/halit/acrome_mini_robot/install/set_slam:/home/halit/acrome_mini_robot/install/publish_odom:/home/halit/acrome_mini_robot/install/publish_lidar:/opt/ros/jazzy /usr/bin/cmake --build /home/halit/acrome_mini_robot/build/rf2o_laser_odometry -- -j4 -l4
[23.834s] Invoking command in '/home/halit/acrome_mini_robot/build/rf2o_laser_odometry': CMAKE_PREFIX_PATH=${CMAKE_PREFIX_PATH}:/home/halit/acrome_mini_robot/install/set_slam:/home/halit/acrome_mini_robot/install/publish_odom:/home/halit/acrome_mini_robot/install/publish_lidar:/opt/ros/jazzy /usr/bin/cmake --install /home/halit/acrome_mini_robot/build/rf2o_laser_odometry
[23.841s] -- Install configuration: ""
[23.844s] -- Installing: /home/halit/acrome_mini_robot/install/rf2o_laser_odometry/lib/rf2o_laser_odometry/rf2o_laser_odometry_node
[23.856s] -- Set non-toolchain portion of runtime path of "/home/halit/acrome_mini_robot/install/rf2o_laser_odometry/lib/rf2o_laser_odometry/rf2o_laser_odometry_node" to ""
[23.856s] -- Installing: /home/halit/acrome_mini_robot/install/rf2o_laser_odometry/share/rf2o_laser_odometry/launch
[23.857s] -- Installing: /home/halit/acrome_mini_robot/install/rf2o_laser_odometry/share/rf2o_laser_odometry/launch/rf2o_laser_odometry.launch.py
[23.858s] -- Installing: /home/halit/acrome_mini_robot/install/rf2o_laser_odometry/share/ament_index/resource_index/package_run_dependencies/rf2o_laser_odometry
[23.858s] -- Installing: /home/halit/acrome_mini_robot/install/rf2o_laser_odometry/share/ament_index/resource_index/parent_prefix_path/rf2o_laser_odometry
[23.858s] -- Installing: /home/halit/acrome_mini_robot/install/rf2o_laser_odometry/share/rf2o_laser_odometry/environment/ament_prefix_path.sh
[23.859s] -- Installing: /home/halit/acrome_mini_robot/install/rf2o_laser_odometry/share/rf2o_laser_odometry/environment/ament_prefix_path.dsv
[23.859s] -- Installing: /home/halit/acrome_mini_robot/install/rf2o_laser_odometry/share/rf2o_laser_odometry/environment/path.sh
[23.859s] -- Installing: /home/halit/acrome_mini_robot/install/rf2o_laser_odometry/share/rf2o_laser_odometry/environment/path.dsv
[23.859s] -- Installing: /home/halit/acrome_mini_robot/install/rf2o_laser_odometry/share/rf2o_laser_odometry/local_setup.bash
[23.859s] -- Installing: /home/halit/acrome_mini_robot/install/rf2o_laser_odometry/share/rf2o_laser_odometry/local_setup.sh
[23.860s] -- Installing: /home/halit/acrome_mini_robot/install/rf2o_laser_odometry/share/rf2o_laser_odometry/local_setup.zsh
[23.860s] -- Installing: /home/halit/acrome_mini_robot/install/rf2o_laser_odometry/share/rf2o_laser_odometry/local_setup.dsv
[23.860s] -- Installing: /home/halit/acrome_mini_robot/install/rf2o_laser_odometry/share/rf2o_laser_odometry/package.dsv
[23.860s] -- Installing: /home/halit/acrome_mini_robot/install/rf2o_laser_odometry/share/ament_index/resource_index/packages/rf2o_laser_odometry
[23.861s] -- Installing: /home/halit/acrome_mini_robot/install/rf2o_laser_odometry/share/rf2o_laser_odometry/cmake/rf2o_laser_odometryConfig.cmake
[23.861s] -- Installing: /home/halit/acrome_mini_robot/install/rf2o_laser_odometry/share/rf2o_laser_odometry/cmake/rf2o_laser_odometryConfig-version.cmake
[23.861s] -- Installing: /home/halit/acrome_mini_robot/install/rf2o_laser_odometry/share/rf2o_laser_odometry/package.xml
[23.863s] Invoked command in '/home/halit/acrome_mini_robot/build/rf2o_laser_odometry' returned '0': CMAKE_PREFIX_PATH=${CMAKE_PREFIX_PATH}:/home/halit/acrome_mini_robot/install/set_slam:/home/halit/acrome_mini_robot/install/publish_odom:/home/halit/acrome_mini_robot/install/publish_lidar:/opt/ros/jazzy /usr/bin/cmake --install /home/halit/acrome_mini_robot/build/rf2o_laser_odometry
