[1.065s] Invoking command in '/home/halit/raspberry/src/publish_odom': PYTHONPATH=/home/halit/raspberry/build/publish_odom/prefix_override:/usr/lib/python3/dist-packages/colcon_core/task/python/colcon_distutils_commands:/home/halit/raspberry/install/publish_odom/lib/python3.12/site-packages:${PYTHONPATH} /usr/bin/python3 -W ignore:setup.py install is deprecated -W ignore:easy_install command is deprecated setup.py egg_info --egg-base ../../build/publish_odom build --build-base /home/halit/raspberry/build/publish_odom/build install --record /home/halit/raspberry/build/publish_odom/install.log --single-version-externally-managed install_data
[1.294s] running egg_info
[1.310s] writing ../../build/publish_odom/publish_odom.egg-info/PKG-INFO
[1.310s] writing dependency_links to ../../build/publish_odom/publish_odom.egg-info/dependency_links.txt
[1.310s] writing entry points to ../../build/publish_odom/publish_odom.egg-info/entry_points.txt
[1.310s] writing requirements to ../../build/publish_odom/publish_odom.egg-info/requires.txt
[1.310s] writing top-level names to ../../build/publish_odom/publish_odom.egg-info/top_level.txt
[1.342s] reading manifest file '../../build/publish_odom/publish_odom.egg-info/SOURCES.txt'
[1.349s] writing manifest file '../../build/publish_odom/publish_odom.egg-info/SOURCES.txt'
[1.349s] running build
[1.349s] running build_py
[1.349s] copying publish_odom/get_odometry_from_rasbery.py -> /home/halit/raspberry/build/publish_odom/build/lib/publish_odom
[1.350s] running install
[1.354s] running install_lib
[1.372s] copying /home/halit/raspberry/build/publish_odom/build/lib/publish_odom/get_odometry_from_rasbery.py -> /home/halit/raspberry/install/publish_odom/lib/python3.12/site-packages/publish_odom
[1.372s] byte-compiling /home/halit/raspberry/install/publish_odom/lib/python3.12/site-packages/publish_odom/get_odometry_from_rasbery.py to get_odometry_from_rasbery.cpython-312.pyc
[1.375s] running install_data
[1.375s] running install_egg_info
[1.391s] removing '/home/halit/raspberry/install/publish_odom/lib/python3.12/site-packages/publish_odom-0.0.0-py3.12.egg-info' (and everything under it)
[1.392s] Copying ../../build/publish_odom/publish_odom.egg-info to /home/halit/raspberry/install/publish_odom/lib/python3.12/site-packages/publish_odom-0.0.0-py3.12.egg-info
[1.393s] running install_scripts
[1.502s] Installing get_odometry_from_rasbery script to /home/halit/raspberry/install/publish_odom/lib/publish_odom
[1.502s] writing list of installed files to '/home/halit/raspberry/build/publish_odom/install.log'
[1.530s] Invoked command in '/home/halit/raspberry/src/publish_odom' returned '0': PYTHONPATH=/home/halit/raspberry/build/publish_odom/prefix_override:/usr/lib/python3/dist-packages/colcon_core/task/python/colcon_distutils_commands:/home/halit/raspberry/install/publish_odom/lib/python3.12/site-packages:${PYTHONPATH} /usr/bin/python3 -W ignore:setup.py install is deprecated -W ignore:easy_install command is deprecated setup.py egg_info --egg-base ../../build/publish_odom build --build-base /home/halit/raspberry/build/publish_odom/build install --record /home/halit/raspberry/build/publish_odom/install.log --single-version-externally-managed install_data
