[0.646s] Invoking command in '/home/halit/acrome_mini_robot/src/set_slam': PYTHONPATH=/home/halit/acrome_mini_robot/build/set_slam/prefix_override:/usr/lib/python3/dist-packages/colcon_core/task/python/colcon_distutils_commands:/home/halit/acrome_mini_robot/install/set_slam/lib/python3.12/site-packages:${PYTHONPATH} /usr/bin/python3 -W ignore:setup.py install is deprecated -W ignore:easy_install command is deprecated setup.py egg_info --egg-base ../../build/set_slam build --build-base /home/halit/acrome_mini_robot/build/set_slam/build install --record /home/halit/acrome_mini_robot/build/set_slam/install.log --single-version-externally-managed install_data
[0.857s] running egg_info
[0.871s] writing ../../build/set_slam/set_slam.egg-info/PKG-INFO
[0.871s] writing dependency_links to ../../build/set_slam/set_slam.egg-info/dependency_links.txt
[0.871s] writing entry points to ../../build/set_slam/set_slam.egg-info/entry_points.txt
[0.871s] writing requirements to ../../build/set_slam/set_slam.egg-info/requires.txt
[0.871s] writing top-level names to ../../build/set_slam/set_slam.egg-info/top_level.txt
[0.903s] reading manifest file '../../build/set_slam/set_slam.egg-info/SOURCES.txt'
[0.903s] writing manifest file '../../build/set_slam/set_slam.egg-info/SOURCES.txt'
[0.903s] running build
[0.904s] running build_py
[0.904s] running install
[0.909s] running install_lib
[0.924s] running install_data
[0.925s] copying worlds/empty_with_ground.sdf -> /home/halit/acrome_mini_robot/install/set_slam/share/set_slam/worlds
[0.925s] running install_egg_info
[0.942s] removing '/home/halit/acrome_mini_robot/install/set_slam/lib/python3.12/site-packages/set_slam-0.0.0-py3.12.egg-info' (and everything under it)
[0.942s] Copying ../../build/set_slam/set_slam.egg-info to /home/halit/acrome_mini_robot/install/set_slam/lib/python3.12/site-packages/set_slam-0.0.0-py3.12.egg-info
[0.943s] running install_scripts
[1.040s] Installing odom_to_tf_broadcaster script to /home/halit/acrome_mini_robot/install/set_slam/lib/set_slam
[1.040s] writing list of installed files to '/home/halit/acrome_mini_robot/build/set_slam/install.log'
[1.060s] Invoked command in '/home/halit/acrome_mini_robot/src/set_slam' returned '0': PYTHONPATH=/home/halit/acrome_mini_robot/build/set_slam/prefix_override:/usr/lib/python3/dist-packages/colcon_core/task/python/colcon_distutils_commands:/home/halit/acrome_mini_robot/install/set_slam/lib/python3.12/site-packages:${PYTHONPATH} /usr/bin/python3 -W ignore:setup.py install is deprecated -W ignore:easy_install command is deprecated setup.py egg_info --egg-base ../../build/set_slam build --build-base /home/halit/acrome_mini_robot/build/set_slam/build install --record /home/halit/acrome_mini_robot/build/set_slam/install.log --single-version-externally-managed install_data
