[0.647s] Invoking command in '/home/halit/acrome_mini_robot/src/set_slam': PYTHONPATH=/home/halit/acrome_mini_robot/build/set_slam/prefix_override:/usr/lib/python3/dist-packages/colcon_core/task/python/colcon_distutils_commands:/home/halit/acrome_mini_robot/install/set_slam/lib/python3.12/site-packages:${PYTHONPATH} /usr/bin/python3 -W ignore:setup.py install is deprecated -W ignore:easy_install command is deprecated setup.py egg_info --egg-base ../../build/set_slam build --build-base /home/halit/acrome_mini_robot/build/set_slam/build install --record /home/halit/acrome_mini_robot/build/set_slam/install.log --single-version-externally-managed install_data
[0.862s] running egg_info
[0.878s] writing ../../build/set_slam/set_slam.egg-info/PKG-INFO
[0.878s] writing dependency_links to ../../build/set_slam/set_slam.egg-info/dependency_links.txt
[0.878s] writing entry points to ../../build/set_slam/set_slam.egg-info/entry_points.txt
[0.878s] writing requirements to ../../build/set_slam/set_slam.egg-info/requires.txt
[0.879s] writing top-level names to ../../build/set_slam/set_slam.egg-info/top_level.txt
[0.912s] reading manifest file '../../build/set_slam/set_slam.egg-info/SOURCES.txt'
[0.912s] writing manifest file '../../build/set_slam/set_slam.egg-info/SOURCES.txt'
[0.912s] running build
[0.913s] running build_py
[0.913s] running install
[0.919s] running install_lib
[0.934s] running install_data
[0.934s] copying urdf/acrome_mini_robot.urdf -> /home/halit/acrome_mini_robot/install/set_slam/share/set_slam/urdf
[0.935s] running install_egg_info
[0.951s] removing '/home/halit/acrome_mini_robot/install/set_slam/lib/python3.12/site-packages/set_slam-0.0.0-py3.12.egg-info' (and everything under it)
[0.951s] Copying ../../build/set_slam/set_slam.egg-info to /home/halit/acrome_mini_robot/install/set_slam/lib/python3.12/site-packages/set_slam-0.0.0-py3.12.egg-info
[0.952s] running install_scripts
[1.061s] Installing odom_to_tf_broadcaster script to /home/halit/acrome_mini_robot/install/set_slam/lib/set_slam
[1.061s] writing list of installed files to '/home/halit/acrome_mini_robot/build/set_slam/install.log'
[1.083s] Invoked command in '/home/halit/acrome_mini_robot/src/set_slam' returned '0': PYTHONPATH=/home/halit/acrome_mini_robot/build/set_slam/prefix_override:/usr/lib/python3/dist-packages/colcon_core/task/python/colcon_distutils_commands:/home/halit/acrome_mini_robot/install/set_slam/lib/python3.12/site-packages:${PYTHONPATH} /usr/bin/python3 -W ignore:setup.py install is deprecated -W ignore:easy_install command is deprecated setup.py egg_info --egg-base ../../build/set_slam build --build-base /home/halit/acrome_mini_robot/build/set_slam/build install --record /home/halit/acrome_mini_robot/build/set_slam/install.log --single-version-externally-managed install_data
