[1.288s] Invoking command in '/home/halit/acrome_mini_robot/src/publish_odom': PYTHONPATH=/home/halit/acrome_mini_robot/build/publish_odom/prefix_override:/usr/lib/python3/dist-packages/colcon_core/task/python/colcon_distutils_commands:/home/halit/acrome_mini_robot/install/publish_odom/lib/python3.12/site-packages:${PYTHONPATH} /usr/bin/python3 -W ignore:setup.py install is deprecated -W ignore:easy_install command is deprecated setup.py egg_info --egg-base ../../build/publish_odom build --build-base /home/halit/acrome_mini_robot/build/publish_odom/build install --record /home/halit/acrome_mini_robot/build/publish_odom/install.log --single-version-externally-managed install_data
[1.512s] running egg_info
[1.527s] writing ../../build/publish_odom/publish_odom.egg-info/PKG-INFO
[1.528s] writing dependency_links to ../../build/publish_odom/publish_odom.egg-info/dependency_links.txt
[1.528s] writing entry points to ../../build/publish_odom/publish_odom.egg-info/entry_points.txt
[1.528s] writing requirements to ../../build/publish_odom/publish_odom.egg-info/requires.txt
[1.528s] writing top-level names to ../../build/publish_odom/publish_odom.egg-info/top_level.txt
[1.560s] reading manifest file '../../build/publish_odom/publish_odom.egg-info/SOURCES.txt'
[1.561s] writing manifest file '../../build/publish_odom/publish_odom.egg-info/SOURCES.txt'
[1.561s] running build
[1.561s] running build_py
[1.562s] copying publish_odom/get_odometry_from_rasbery.py -> /home/halit/acrome_mini_robot/build/publish_odom/build/lib/publish_odom
[1.562s] running install
[1.567s] running install_lib
[1.583s] copying /home/halit/acrome_mini_robot/build/publish_odom/build/lib/publish_odom/get_odometry_from_rasbery.py -> /home/halit/acrome_mini_robot/install/publish_odom/lib/python3.12/site-packages/publish_odom
[1.584s] byte-compiling /home/halit/acrome_mini_robot/install/publish_odom/lib/python3.12/site-packages/publish_odom/get_odometry_from_rasbery.py to get_odometry_from_rasbery.cpython-312.pyc
[1.585s] running install_data
[1.585s] running install_egg_info
[1.602s] removing '/home/halit/acrome_mini_robot/install/publish_odom/lib/python3.12/site-packages/publish_odom-0.0.0-py3.12.egg-info' (and everything under it)
[1.603s] Copying ../../build/publish_odom/publish_odom.egg-info to /home/halit/acrome_mini_robot/install/publish_odom/lib/python3.12/site-packages/publish_odom-0.0.0-py3.12.egg-info
[1.604s] running install_scripts
[1.712s] Installing get_odometry_from_rasbery script to /home/halit/acrome_mini_robot/install/publish_odom/lib/publish_odom
[1.713s] writing list of installed files to '/home/halit/acrome_mini_robot/build/publish_odom/install.log'
[1.736s] Invoked command in '/home/halit/acrome_mini_robot/src/publish_odom' returned '0': PYTHONPATH=/home/halit/acrome_mini_robot/build/publish_odom/prefix_override:/usr/lib/python3/dist-packages/colcon_core/task/python/colcon_distutils_commands:/home/halit/acrome_mini_robot/install/publish_odom/lib/python3.12/site-packages:${PYTHONPATH} /usr/bin/python3 -W ignore:setup.py install is deprecated -W ignore:easy_install command is deprecated setup.py egg_info --egg-base ../../build/publish_odom build --build-base /home/halit/acrome_mini_robot/build/publish_odom/build install --record /home/halit/acrome_mini_robot/build/publish_odom/install.log --single-version-externally-managed install_data
