[0.943s] Invoking command in '/home/halit/raspberry/src/publish_odom': PYTHONPATH=/home/halit/raspberry/build/publish_odom/prefix_override:/usr/lib/python3/dist-packages/colcon_core/task/python/colcon_distutils_commands:/home/halit/raspberry/install/publish_odom/lib/python3.12/site-packages:${PYTHONPATH} /usr/bin/python3 -W ignore:setup.py install is deprecated -W ignore:easy_install command is deprecated setup.py egg_info --egg-base ../../build/publish_odom build --build-base /home/halit/raspberry/build/publish_odom/build install --record /home/halit/raspberry/build/publish_odom/install.log --single-version-externally-managed install_data
[1.172s] running egg_info
[1.189s] writing ../../build/publish_odom/publish_odom.egg-info/PKG-INFO
[1.189s] writing dependency_links to ../../build/publish_odom/publish_odom.egg-info/dependency_links.txt
[1.189s] writing entry points to ../../build/publish_odom/publish_odom.egg-info/entry_points.txt
[1.189s] writing requirements to ../../build/publish_odom/publish_odom.egg-info/requires.txt
[1.189s] writing top-level names to ../../build/publish_odom/publish_odom.egg-info/top_level.txt
[1.234s] reading manifest file '../../build/publish_odom/publish_odom.egg-info/SOURCES.txt'
[1.235s] writing manifest file '../../build/publish_odom/publish_odom.egg-info/SOURCES.txt'
[1.235s] running build
[1.235s] running build_py
[1.235s] running install
[1.242s] running install_lib
[1.260s] running install_data
[1.260s] running install_egg_info
[1.279s] removing '/home/halit/raspberry/install/publish_odom/lib/python3.12/site-packages/publish_odom-0.0.0-py3.12.egg-info' (and everything under it)
[1.280s] Copying ../../build/publish_odom/publish_odom.egg-info to /home/halit/raspberry/install/publish_odom/lib/python3.12/site-packages/publish_odom-0.0.0-py3.12.egg-info
[1.280s] running install_scripts
[1.391s] Installing get_odometry_from_rasbery script to /home/halit/raspberry/install/publish_odom/lib/publish_odom
[1.391s] writing list of installed files to '/home/halit/raspberry/build/publish_odom/install.log'
[1.418s] Invoked command in '/home/halit/raspberry/src/publish_odom' returned '0': PYTHONPATH=/home/halit/raspberry/build/publish_odom/prefix_override:/usr/lib/python3/dist-packages/colcon_core/task/python/colcon_distutils_commands:/home/halit/raspberry/install/publish_odom/lib/python3.12/site-packages:${PYTHONPATH} /usr/bin/python3 -W ignore:setup.py install is deprecated -W ignore:easy_install command is deprecated setup.py egg_info --egg-base ../../build/publish_odom build --build-base /home/halit/raspberry/build/publish_odom/build install --record /home/halit/raspberry/build/publish_odom/install.log --single-version-externally-managed install_data
