[0.153s] DEBUG:colcon:Command line arguments: ['/usr/bin/colcon', 'build']
[0.153s] DEBUG:colcon:Parsed command line arguments: Namespace(log_base=None, log_level=None, verb_name='build', build_base='build', install_base='install', merge_install=False, symlink_install=False, test_result_base=None, continue_on_error=False, executor='parallel', parallel_workers=4, event_handlers=None, ignore_user_meta=False, metas=['./colcon.meta'], base_paths=['.'], packages_ignore=None, packages_ignore_regex=None, paths=None, packages_up_to=None, packages_up_to_regex=None, packages_above=None, packages_above_and_dependencies=None, packages_above_depth=None, packages_select_by_dep=None, packages_skip_by_dep=None, packages_skip_up_to=None, packages_select_build_failed=False, packages_skip_build_finished=False, packages_select_test_failures=False, packages_skip_test_passed=False, packages_select=None, packages_skip=None, packages_select_regex=None, packages_skip_regex=None, packages_start=None, packages_end=None, allow_overriding=[], cmake_args=None, cmake_target=None, cmake_target_skip_unavailable=False, cmake_clean_cache=False, cmake_clean_first=False, cmake_force_configure=False, ament_cmake_args=None, catkin_cmake_args=None, catkin_skip_building_tests=False, mixin_files=None, mixin=None, verb_parser=<colcon_mixin.mixin.mixin_argument.MixinArgumentDecorator object at 0x72f3a678b560>, verb_extension=<colcon_core.verb.build.BuildVerb object at 0x72f3a678b200>, main=<bound method BuildVerb.main of <colcon_core.verb.build.BuildVerb object at 0x72f3a678b200>>, mixin_verb=('build',))
[0.184s] Level 1:colcon.colcon_core.package_discovery:discover_packages(colcon_meta) check parameters
[0.185s] Level 1:colcon.colcon_core.package_discovery:discover_packages(recursive) check parameters
[0.185s] Level 1:colcon.colcon_core.package_discovery:discover_packages(ignore) check parameters
[0.185s] Level 1:colcon.colcon_core.package_discovery:discover_packages(path) check parameters
[0.185s] Level 1:colcon.colcon_core.package_discovery:discover_packages(colcon_meta) discover
[0.185s] Level 1:colcon.colcon_core.package_discovery:discover_packages(recursive) discover
[0.185s] INFO:colcon.colcon_core.package_discovery:Crawling recursively for packages in '/home/halit/acrome_mini_robot'
[0.185s] Level 1:colcon.colcon_core.package_identification:_identify(.) by extensions ['ignore', 'ignore_ament_install']
[0.185s] Level 1:colcon.colcon_core.package_identification:_identify(.) by extension 'ignore'
[0.185s] Level 1:colcon.colcon_core.package_identification:_identify(.) by extension 'ignore_ament_install'
[0.185s] Level 1:colcon.colcon_core.package_identification:_identify(.) by extensions ['colcon_pkg']
[0.185s] Level 1:colcon.colcon_core.package_identification:_identify(.) by extension 'colcon_pkg'
[0.185s] Level 1:colcon.colcon_core.package_identification:_identify(.) by extensions ['colcon_meta']
[0.185s] Level 1:colcon.colcon_core.package_identification:_identify(.) by extension 'colcon_meta'
[0.185s] Level 1:colcon.colcon_core.package_identification:_identify(.) by extensions ['ros']
[0.185s] Level 1:colcon.colcon_core.package_identification:_identify(.) by extension 'ros'
[0.207s] Level 1:colcon.colcon_core.package_identification:_identify(.) by extensions ['cmake', 'python']
[0.207s] Level 1:colcon.colcon_core.package_identification:_identify(.) by extension 'cmake'
[0.207s] Level 1:colcon.colcon_core.package_identification:_identify(.) by extension 'python'
[0.207s] Level 1:colcon.colcon_core.package_identification:_identify(.) by extensions ['python_setup_py']
[0.207s] Level 1:colcon.colcon_core.package_identification:_identify(.) by extension 'python_setup_py'
[0.207s] Level 1:colcon.colcon_core.package_identification:_identify(__pycache__) by extensions ['ignore', 'ignore_ament_install']
[0.207s] Level 1:colcon.colcon_core.package_identification:_identify(__pycache__) by extension 'ignore'
[0.207s] Level 1:colcon.colcon_core.package_identification:_identify(__pycache__) by extension 'ignore_ament_install'
[0.207s] Level 1:colcon.colcon_core.package_identification:_identify(__pycache__) by extensions ['colcon_pkg']
[0.207s] Level 1:colcon.colcon_core.package_identification:_identify(__pycache__) by extension 'colcon_pkg'
[0.207s] Level 1:colcon.colcon_core.package_identification:_identify(__pycache__) by extensions ['colcon_meta']
[0.207s] Level 1:colcon.colcon_core.package_identification:_identify(__pycache__) by extension 'colcon_meta'
[0.207s] Level 1:colcon.colcon_core.package_identification:_identify(__pycache__) by extensions ['ros']
[0.207s] Level 1:colcon.colcon_core.package_identification:_identify(__pycache__) by extension 'ros'
[0.207s] Level 1:colcon.colcon_core.package_identification:_identify(__pycache__) by extensions ['cmake', 'python']
[0.207s] Level 1:colcon.colcon_core.package_identification:_identify(__pycache__) by extension 'cmake'
[0.208s] Level 1:colcon.colcon_core.package_identification:_identify(__pycache__) by extension 'python'
[0.208s] Level 1:colcon.colcon_core.package_identification:_identify(__pycache__) by extensions ['python_setup_py']
[0.208s] Level 1:colcon.colcon_core.package_identification:_identify(__pycache__) by extension 'python_setup_py'
[0.208s] Level 1:colcon.colcon_core.package_identification:_identify(build) by extensions ['ignore', 'ignore_ament_install']
[0.208s] Level 1:colcon.colcon_core.package_identification:_identify(build) by extension 'ignore'
[0.208s] Level 1:colcon.colcon_core.package_identification:_identify(build) ignored
[0.208s] Level 1:colcon.colcon_core.package_identification:_identify(files that in raspbery) by extensions ['ignore', 'ignore_ament_install']
[0.208s] Level 1:colcon.colcon_core.package_identification:_identify(files that in raspbery) by extension 'ignore'
[0.208s] Level 1:colcon.colcon_core.package_identification:_identify(files that in raspbery) by extension 'ignore_ament_install'
[0.208s] Level 1:colcon.colcon_core.package_identification:_identify(files that in raspbery) by extensions ['colcon_pkg']
[0.208s] Level 1:colcon.colcon_core.package_identification:_identify(files that in raspbery) by extension 'colcon_pkg'
[0.208s] Level 1:colcon.colcon_core.package_identification:_identify(files that in raspbery) by extensions ['colcon_meta']
[0.208s] Level 1:colcon.colcon_core.package_identification:_identify(files that in raspbery) by extension 'colcon_meta'
[0.208s] Level 1:colcon.colcon_core.package_identification:_identify(files that in raspbery) by extensions ['ros']
[0.208s] Level 1:colcon.colcon_core.package_identification:_identify(files that in raspbery) by extension 'ros'
[0.208s] Level 1:colcon.colcon_core.package_identification:_identify(files that in raspbery) by extensions ['cmake', 'python']
[0.208s] Level 1:colcon.colcon_core.package_identification:_identify(files that in raspbery) by extension 'cmake'
[0.208s] Level 1:colcon.colcon_core.package_identification:_identify(files that in raspbery) by extension 'python'
[0.208s] Level 1:colcon.colcon_core.package_identification:_identify(files that in raspbery) by extensions ['python_setup_py']
[0.208s] Level 1:colcon.colcon_core.package_identification:_identify(files that in raspbery) by extension 'python_setup_py'
[0.208s] Level 1:colcon.colcon_core.package_identification:_identify(files that in windows) by extensions ['ignore', 'ignore_ament_install']
[0.208s] Level 1:colcon.colcon_core.package_identification:_identify(files that in windows) by extension 'ignore'
[0.208s] Level 1:colcon.colcon_core.package_identification:_identify(files that in windows) by extension 'ignore_ament_install'
[0.208s] Level 1:colcon.colcon_core.package_identification:_identify(files that in windows) by extensions ['colcon_pkg']
[0.208s] Level 1:colcon.colcon_core.package_identification:_identify(files that in windows) by extension 'colcon_pkg'
[0.209s] Level 1:colcon.colcon_core.package_identification:_identify(files that in windows) by extensions ['colcon_meta']
[0.209s] Level 1:colcon.colcon_core.package_identification:_identify(files that in windows) by extension 'colcon_meta'
[0.209s] Level 1:colcon.colcon_core.package_identification:_identify(files that in windows) by extensions ['ros']
[0.209s] Level 1:colcon.colcon_core.package_identification:_identify(files that in windows) by extension 'ros'
[0.209s] Level 1:colcon.colcon_core.package_identification:_identify(files that in windows) by extensions ['cmake', 'python']
[0.209s] Level 1:colcon.colcon_core.package_identification:_identify(files that in windows) by extension 'cmake'
[0.209s] Level 1:colcon.colcon_core.package_identification:_identify(files that in windows) by extension 'python'
[0.209s] Level 1:colcon.colcon_core.package_identification:_identify(files that in windows) by extensions ['python_setup_py']
[0.209s] Level 1:colcon.colcon_core.package_identification:_identify(files that in windows) by extension 'python_setup_py'
[0.209s] Level 1:colcon.colcon_core.package_identification:_identify(install) by extensions ['ignore', 'ignore_ament_install']
[0.209s] Level 1:colcon.colcon_core.package_identification:_identify(install) by extension 'ignore'
[0.209s] Level 1:colcon.colcon_core.package_identification:_identify(install) ignored
[0.209s] Level 1:colcon.colcon_core.package_identification:_identify(log) by extensions ['ignore', 'ignore_ament_install']
[0.209s] Level 1:colcon.colcon_core.package_identification:_identify(log) by extension 'ignore'
[0.209s] Level 1:colcon.colcon_core.package_identification:_identify(log) ignored
[0.209s] Level 1:colcon.colcon_core.package_identification:_identify(src) by extensions ['ignore', 'ignore_ament_install']
[0.209s] Level 1:colcon.colcon_core.package_identification:_identify(src) by extension 'ignore'
[0.209s] Level 1:colcon.colcon_core.package_identification:_identify(src) by extension 'ignore_ament_install'
[0.209s] Level 1:colcon.colcon_core.package_identification:_identify(src) by extensions ['colcon_pkg']
[0.209s] Level 1:colcon.colcon_core.package_identification:_identify(src) by extension 'colcon_pkg'
[0.209s] Level 1:colcon.colcon_core.package_identification:_identify(src) by extensions ['colcon_meta']
[0.209s] Level 1:colcon.colcon_core.package_identification:_identify(src) by extension 'colcon_meta'
[0.209s] Level 1:colcon.colcon_core.package_identification:_identify(src) by extensions ['ros']
[0.209s] Level 1:colcon.colcon_core.package_identification:_identify(src) by extension 'ros'
[0.209s] Level 1:colcon.colcon_core.package_identification:_identify(src) by extensions ['cmake', 'python']
[0.209s] Level 1:colcon.colcon_core.package_identification:_identify(src) by extension 'cmake'
[0.209s] Level 1:colcon.colcon_core.package_identification:_identify(src) by extension 'python'
[0.209s] Level 1:colcon.colcon_core.package_identification:_identify(src) by extensions ['python_setup_py']
[0.209s] Level 1:colcon.colcon_core.package_identification:_identify(src) by extension 'python_setup_py'
[0.209s] Level 1:colcon.colcon_core.package_identification:_identify(src/publish_lidar) by extensions ['ignore', 'ignore_ament_install']
[0.210s] Level 1:colcon.colcon_core.package_identification:_identify(src/publish_lidar) by extension 'ignore'
[0.210s] Level 1:colcon.colcon_core.package_identification:_identify(src/publish_lidar) by extension 'ignore_ament_install'
[0.210s] Level 1:colcon.colcon_core.package_identification:_identify(src/publish_lidar) by extensions ['colcon_pkg']
[0.210s] Level 1:colcon.colcon_core.package_identification:_identify(src/publish_lidar) by extension 'colcon_pkg'
[0.210s] Level 1:colcon.colcon_core.package_identification:_identify(src/publish_lidar) by extensions ['colcon_meta']
[0.210s] Level 1:colcon.colcon_core.package_identification:_identify(src/publish_lidar) by extension 'colcon_meta'
[0.210s] Level 1:colcon.colcon_core.package_identification:_identify(src/publish_lidar) by extensions ['ros']
[0.210s] Level 1:colcon.colcon_core.package_identification:_identify(src/publish_lidar) by extension 'ros'
[0.212s] DEBUG:colcon.colcon_core.package_identification:Package 'src/publish_lidar' with type 'ros.ament_python' and name 'publish_lidar'
[0.212s] Level 1:colcon.colcon_core.package_identification:_identify(src/publish_odom) by extensions ['ignore', 'ignore_ament_install']
[0.212s] Level 1:colcon.colcon_core.package_identification:_identify(src/publish_odom) by extension 'ignore'
[0.212s] Level 1:colcon.colcon_core.package_identification:_identify(src/publish_odom) by extension 'ignore_ament_install'
[0.212s] Level 1:colcon.colcon_core.package_identification:_identify(src/publish_odom) by extensions ['colcon_pkg']
[0.212s] Level 1:colcon.colcon_core.package_identification:_identify(src/publish_odom) by extension 'colcon_pkg'
[0.212s] Level 1:colcon.colcon_core.package_identification:_identify(src/publish_odom) by extensions ['colcon_meta']
[0.212s] Level 1:colcon.colcon_core.package_identification:_identify(src/publish_odom) by extension 'colcon_meta'
[0.212s] Level 1:colcon.colcon_core.package_identification:_identify(src/publish_odom) by extensions ['ros']
[0.212s] Level 1:colcon.colcon_core.package_identification:_identify(src/publish_odom) by extension 'ros'
[0.212s] DEBUG:colcon.colcon_core.package_identification:Package 'src/publish_odom' with type 'ros.ament_python' and name 'publish_odom'
[0.213s] Level 1:colcon.colcon_core.package_identification:_identify(src/set_slam) by extensions ['ignore', 'ignore_ament_install']
[0.213s] Level 1:colcon.colcon_core.package_identification:_identify(src/set_slam) by extension 'ignore'
[0.213s] Level 1:colcon.colcon_core.package_identification:_identify(src/set_slam) by extension 'ignore_ament_install'
[0.213s] Level 1:colcon.colcon_core.package_identification:_identify(src/set_slam) by extensions ['colcon_pkg']
[0.213s] Level 1:colcon.colcon_core.package_identification:_identify(src/set_slam) by extension 'colcon_pkg'
[0.213s] Level 1:colcon.colcon_core.package_identification:_identify(src/set_slam) by extensions ['colcon_meta']
[0.213s] Level 1:colcon.colcon_core.package_identification:_identify(src/set_slam) by extension 'colcon_meta'
[0.213s] Level 1:colcon.colcon_core.package_identification:_identify(src/set_slam) by extensions ['ros']
[0.213s] Level 1:colcon.colcon_core.package_identification:_identify(src/set_slam) by extension 'ros'
[0.213s] DEBUG:colcon.colcon_core.package_identification:Package 'src/set_slam' with type 'ros.ament_python' and name 'set_slam'
[0.213s] Level 1:colcon.colcon_core.package_discovery:discover_packages(recursive) using defaults
[0.213s] Level 1:colcon.colcon_core.package_discovery:discover_packages(ignore) discover
[0.213s] Level 1:colcon.colcon_core.package_discovery:discover_packages(ignore) using defaults
[0.213s] Level 1:colcon.colcon_core.package_discovery:discover_packages(path) discover
[0.214s] Level 1:colcon.colcon_core.package_discovery:discover_packages(path) using defaults
[0.228s] Level 1:colcon.colcon_core.package_discovery:discover_packages(prefix_path) check parameters
[0.228s] Level 1:colcon.colcon_core.package_discovery:discover_packages(prefix_path) discover
[0.229s] DEBUG:colcon.colcon_installed_package_information.package_discovery:Found 3 installed packages in /home/halit/acrome_mini_robot/install
[0.229s] DEBUG:colcon.colcon_installed_package_information.package_discovery:Found 1 installed packages in /home/halit/acrome_ws/install
[0.230s] DEBUG:colcon.colcon_installed_package_information.package_discovery:Found 388 installed packages in /opt/ros/jazzy
[0.232s] Level 1:colcon.colcon_core.package_discovery:discover_packages(prefix_path) using defaults
[0.269s] Level 5:colcon.colcon_core.verb:set package 'publish_lidar' build argument 'cmake_args' from command line to 'None'
[0.269s] Level 5:colcon.colcon_core.verb:set package 'publish_lidar' build argument 'cmake_target' from command line to 'None'
[0.269s] Level 5:colcon.colcon_core.verb:set package 'publish_lidar' build argument 'cmake_target_skip_unavailable' from command line to 'False'
[0.269s] Level 5:colcon.colcon_core.verb:set package 'publish_lidar' build argument 'cmake_clean_cache' from command line to 'False'
[0.269s] Level 5:colcon.colcon_core.verb:set package 'publish_lidar' build argument 'cmake_clean_first' from command line to 'False'
[0.269s] Level 5:colcon.colcon_core.verb:set package 'publish_lidar' build argument 'cmake_force_configure' from command line to 'False'
[0.269s] Level 5:colcon.colcon_core.verb:set package 'publish_lidar' build argument 'ament_cmake_args' from command line to 'None'
[0.269s] Level 5:colcon.colcon_core.verb:set package 'publish_lidar' build argument 'catkin_cmake_args' from command line to 'None'
[0.269s] Level 5:colcon.colcon_core.verb:set package 'publish_lidar' build argument 'catkin_skip_building_tests' from command line to 'False'
[0.269s] DEBUG:colcon.colcon_core.verb:Building package 'publish_lidar' with the following arguments: {'ament_cmake_args': None, 'build_base': '/home/halit/acrome_mini_robot/build/publish_lidar', 'catkin_cmake_args': None, 'catkin_skip_building_tests': False, 'cmake_args': None, 'cmake_clean_cache': False, 'cmake_clean_first': False, 'cmake_force_configure': False, 'cmake_target': None, 'cmake_target_skip_unavailable': False, 'install_base': '/home/halit/acrome_mini_robot/install/publish_lidar', 'merge_install': False, 'path': '/home/halit/acrome_mini_robot/src/publish_lidar', 'symlink_install': False, 'test_result_base': None}
[0.269s] Level 5:colcon.colcon_core.verb:set package 'publish_odom' build argument 'cmake_args' from command line to 'None'
[0.269s] Level 5:colcon.colcon_core.verb:set package 'publish_odom' build argument 'cmake_target' from command line to 'None'
[0.269s] Level 5:colcon.colcon_core.verb:set package 'publish_odom' build argument 'cmake_target_skip_unavailable' from command line to 'False'
[0.269s] Level 5:colcon.colcon_core.verb:set package 'publish_odom' build argument 'cmake_clean_cache' from command line to 'False'
[0.269s] Level 5:colcon.colcon_core.verb:set package 'publish_odom' build argument 'cmake_clean_first' from command line to 'False'
[0.269s] Level 5:colcon.colcon_core.verb:set package 'publish_odom' build argument 'cmake_force_configure' from command line to 'False'
[0.269s] Level 5:colcon.colcon_core.verb:set package 'publish_odom' build argument 'ament_cmake_args' from command line to 'None'
[0.269s] Level 5:colcon.colcon_core.verb:set package 'publish_odom' build argument 'catkin_cmake_args' from command line to 'None'
[0.269s] Level 5:colcon.colcon_core.verb:set package 'publish_odom' build argument 'catkin_skip_building_tests' from command line to 'False'
[0.269s] DEBUG:colcon.colcon_core.verb:Building package 'publish_odom' with the following arguments: {'ament_cmake_args': None, 'build_base': '/home/halit/acrome_mini_robot/build/publish_odom', 'catkin_cmake_args': None, 'catkin_skip_building_tests': False, 'cmake_args': None, 'cmake_clean_cache': False, 'cmake_clean_first': False, 'cmake_force_configure': False, 'cmake_target': None, 'cmake_target_skip_unavailable': False, 'install_base': '/home/halit/acrome_mini_robot/install/publish_odom', 'merge_install': False, 'path': '/home/halit/acrome_mini_robot/src/publish_odom', 'symlink_install': False, 'test_result_base': None}
[0.270s] Level 5:colcon.colcon_core.verb:set package 'set_slam' build argument 'cmake_args' from command line to 'None'
[0.270s] Level 5:colcon.colcon_core.verb:set package 'set_slam' build argument 'cmake_target' from command line to 'None'
[0.270s] Level 5:colcon.colcon_core.verb:set package 'set_slam' build argument 'cmake_target_skip_unavailable' from command line to 'False'
[0.270s] Level 5:colcon.colcon_core.verb:set package 'set_slam' build argument 'cmake_clean_cache' from command line to 'False'
[0.270s] Level 5:colcon.colcon_core.verb:set package 'set_slam' build argument 'cmake_clean_first' from command line to 'False'
[0.270s] Level 5:colcon.colcon_core.verb:set package 'set_slam' build argument 'cmake_force_configure' from command line to 'False'
[0.270s] Level 5:colcon.colcon_core.verb:set package 'set_slam' build argument 'ament_cmake_args' from command line to 'None'
[0.270s] Level 5:colcon.colcon_core.verb:set package 'set_slam' build argument 'catkin_cmake_args' from command line to 'None'
[0.270s] Level 5:colcon.colcon_core.verb:set package 'set_slam' build argument 'catkin_skip_building_tests' from command line to 'False'
[0.270s] DEBUG:colcon.colcon_core.verb:Building package 'set_slam' with the following arguments: {'ament_cmake_args': None, 'build_base': '/home/halit/acrome_mini_robot/build/set_slam', 'catkin_cmake_args': None, 'catkin_skip_building_tests': False, 'cmake_args': None, 'cmake_clean_cache': False, 'cmake_clean_first': False, 'cmake_force_configure': False, 'cmake_target': None, 'cmake_target_skip_unavailable': False, 'install_base': '/home/halit/acrome_mini_robot/install/set_slam', 'merge_install': False, 'path': '/home/halit/acrome_mini_robot/src/set_slam', 'symlink_install': False, 'test_result_base': None}
[0.270s] INFO:colcon.colcon_core.executor:Executing jobs using 'parallel' executor
[0.271s] DEBUG:colcon.colcon_parallel_executor.executor.parallel:run_until_complete
[0.271s] INFO:colcon.colcon_ros.task.ament_python.build:Building ROS package in '/home/halit/acrome_mini_robot/src/publish_lidar' with build type 'ament_python'
[0.271s] Level 1:colcon.colcon_core.shell:create_environment_hook('publish_lidar', 'ament_prefix_path')
[0.273s] INFO:colcon.colcon_core.plugin_system:Skipping extension 'colcon_core.shell.bat': Not used on non-Windows systems
[0.273s] INFO:colcon.colcon_core.shell:Creating environment hook '/home/halit/acrome_mini_robot/install/publish_lidar/share/publish_lidar/hook/ament_prefix_path.ps1'
[0.274s] INFO:colcon.colcon_core.shell:Creating environment descriptor '/home/halit/acrome_mini_robot/install/publish_lidar/share/publish_lidar/hook/ament_prefix_path.dsv'
[0.274s] INFO:colcon.colcon_core.shell:Creating environment hook '/home/halit/acrome_mini_robot/install/publish_lidar/share/publish_lidar/hook/ament_prefix_path.sh'
[0.275s] INFO:colcon.colcon_core.shell:Skip shell extension 'powershell' for command environment: Not usable outside of PowerShell
[0.275s] DEBUG:colcon.colcon_core.shell:Skip shell extension 'dsv' for command environment
[0.278s] INFO:colcon.colcon_ros.task.ament_python.build:Building ROS package in '/home/halit/acrome_mini_robot/src/publish_odom' with build type 'ament_python'
[0.278s] Level 1:colcon.colcon_core.shell:create_environment_hook('publish_odom', 'ament_prefix_path')
[0.278s] INFO:colcon.colcon_core.shell:Creating environment hook '/home/halit/acrome_mini_robot/install/publish_odom/share/publish_odom/hook/ament_prefix_path.ps1'
[0.278s] INFO:colcon.colcon_core.shell:Creating environment descriptor '/home/halit/acrome_mini_robot/install/publish_odom/share/publish_odom/hook/ament_prefix_path.dsv'
[0.278s] INFO:colcon.colcon_core.shell:Creating environment hook '/home/halit/acrome_mini_robot/install/publish_odom/share/publish_odom/hook/ament_prefix_path.sh'
[0.279s] INFO:colcon.colcon_core.shell:Skip shell extension 'powershell' for command environment: Not usable outside of PowerShell
[0.279s] DEBUG:colcon.colcon_core.shell:Skip shell extension 'dsv' for command environment
[0.281s] INFO:colcon.colcon_ros.task.ament_python.build:Building ROS package in '/home/halit/acrome_mini_robot/src/set_slam' with build type 'ament_python'
[0.281s] Level 1:colcon.colcon_core.shell:create_environment_hook('set_slam', 'ament_prefix_path')
[0.281s] INFO:colcon.colcon_core.shell:Creating environment hook '/home/halit/acrome_mini_robot/install/set_slam/share/set_slam/hook/ament_prefix_path.ps1'
[0.282s] INFO:colcon.colcon_core.shell:Creating environment descriptor '/home/halit/acrome_mini_robot/install/set_slam/share/set_slam/hook/ament_prefix_path.dsv'
[0.282s] INFO:colcon.colcon_core.shell:Creating environment hook '/home/halit/acrome_mini_robot/install/set_slam/share/set_slam/hook/ament_prefix_path.sh'
[0.282s] INFO:colcon.colcon_core.shell:Skip shell extension 'powershell' for command environment: Not usable outside of PowerShell
[0.282s] DEBUG:colcon.colcon_core.shell:Skip shell extension 'dsv' for command environment
[0.466s] INFO:colcon.colcon_core.task.python.build:Building Python package in '/home/halit/acrome_mini_robot/src/publish_lidar'
[0.467s] INFO:colcon.colcon_core.shell:Skip shell extension 'powershell' for command environment: Not usable outside of PowerShell
[0.467s] DEBUG:colcon.colcon_core.shell:Skip shell extension 'dsv' for command environment
[0.639s] INFO:colcon.colcon_core.task.python.build:Building Python package in '/home/halit/acrome_mini_robot/src/publish_odom'
[0.640s] INFO:colcon.colcon_core.shell:Skip shell extension 'powershell' for command environment: Not usable outside of PowerShell
[0.640s] DEBUG:colcon.colcon_core.shell:Skip shell extension 'dsv' for command environment
[0.808s] INFO:colcon.colcon_core.task.python.build:Building Python package in '/home/halit/acrome_mini_robot/src/set_slam'
[0.808s] INFO:colcon.colcon_core.shell:Skip shell extension 'powershell' for command environment: Not usable outside of PowerShell
[0.809s] DEBUG:colcon.colcon_core.shell:Skip shell extension 'dsv' for command environment
[1.315s] DEBUG:colcon.colcon_core.event_handler.log_command:Invoking command in '/home/halit/acrome_mini_robot/src/publish_odom': PYTHONPATH=/home/halit/acrome_mini_robot/build/publish_odom/prefix_override:/usr/lib/python3/dist-packages/colcon_core/task/python/colcon_distutils_commands:/home/halit/acrome_mini_robot/install/publish_odom/lib/python3.12/site-packages:${PYTHONPATH} /usr/bin/python3 -W ignore:setup.py install is deprecated -W ignore:easy_install command is deprecated setup.py egg_info --egg-base ../../build/publish_odom build --build-base /home/halit/acrome_mini_robot/build/publish_odom/build install --record /home/halit/acrome_mini_robot/build/publish_odom/install.log --single-version-externally-managed install_data
[1.318s] DEBUG:colcon.colcon_core.event_handler.log_command:Invoking command in '/home/halit/acrome_mini_robot/src/publish_lidar': PYTHONPATH=/home/halit/acrome_mini_robot/build/publish_lidar/prefix_override:/usr/lib/python3/dist-packages/colcon_core/task/python/colcon_distutils_commands:/home/halit/acrome_mini_robot/install/publish_lidar/lib/python3.12/site-packages:${PYTHONPATH} /usr/bin/python3 -W ignore:setup.py install is deprecated -W ignore:easy_install command is deprecated setup.py egg_info --egg-base ../../build/publish_lidar build --build-base /home/halit/acrome_mini_robot/build/publish_lidar/build install --record /home/halit/acrome_mini_robot/build/publish_lidar/install.log --single-version-externally-managed install_data
[1.322s] DEBUG:colcon.colcon_core.event_handler.log_command:Invoking command in '/home/halit/acrome_mini_robot/src/set_slam': PYTHONPATH=/home/halit/acrome_mini_robot/build/set_slam/prefix_override:/usr/lib/python3/dist-packages/colcon_core/task/python/colcon_distutils_commands:/home/halit/acrome_mini_robot/install/set_slam/lib/python3.12/site-packages:${PYTHONPATH} /usr/bin/python3 -W ignore:setup.py install is deprecated -W ignore:easy_install command is deprecated setup.py egg_info --egg-base ../../build/set_slam build --build-base /home/halit/acrome_mini_robot/build/set_slam/build install --record /home/halit/acrome_mini_robot/build/set_slam/install.log --single-version-externally-managed install_data
[1.763s] DEBUG:colcon.colcon_core.event_handler.log_command:Invoked command in '/home/halit/acrome_mini_robot/src/publish_lidar' returned '0': PYTHONPATH=/home/halit/acrome_mini_robot/build/publish_lidar/prefix_override:/usr/lib/python3/dist-packages/colcon_core/task/python/colcon_distutils_commands:/home/halit/acrome_mini_robot/install/publish_lidar/lib/python3.12/site-packages:${PYTHONPATH} /usr/bin/python3 -W ignore:setup.py install is deprecated -W ignore:easy_install command is deprecated setup.py egg_info --egg-base ../../build/publish_lidar build --build-base /home/halit/acrome_mini_robot/build/publish_lidar/build install --record /home/halit/acrome_mini_robot/build/publish_lidar/install.log --single-version-externally-managed install_data
[1.765s] Level 1:colcon.colcon_core.environment:checking '/home/halit/acrome_mini_robot/install/publish_lidar' for CMake module files
[1.766s] Level 1:colcon.colcon_core.environment:checking '/home/halit/acrome_mini_robot/install/publish_lidar' for CMake config files
[1.766s] Level 1:colcon.colcon_core.environment:checking '/home/halit/acrome_mini_robot/install/publish_lidar/lib'
[1.766s] Level 1:colcon.colcon_core.environment:checking '/home/halit/acrome_mini_robot/install/publish_lidar/bin'
[1.766s] Level 1:colcon.colcon_core.environment:checking '/home/halit/acrome_mini_robot/install/publish_lidar/lib/pkgconfig/publish_lidar.pc'
[1.767s] Level 1:colcon.colcon_core.environment:checking '/home/halit/acrome_mini_robot/install/publish_lidar/lib/python3.12/site-packages'
[1.767s] Level 1:colcon.colcon_core.shell:create_environment_hook('publish_lidar', 'pythonpath')
[1.767s] INFO:colcon.colcon_core.shell:Creating environment hook '/home/halit/acrome_mini_robot/install/publish_lidar/share/publish_lidar/hook/pythonpath.ps1'
[1.767s] INFO:colcon.colcon_core.shell:Creating environment descriptor '/home/halit/acrome_mini_robot/install/publish_lidar/share/publish_lidar/hook/pythonpath.dsv'
[1.768s] INFO:colcon.colcon_core.shell:Creating environment hook '/home/halit/acrome_mini_robot/install/publish_lidar/share/publish_lidar/hook/pythonpath.sh'
[1.768s] Level 1:colcon.colcon_core.environment:checking '/home/halit/acrome_mini_robot/install/publish_lidar/bin'
[1.768s] Level 1:colcon.colcon_core.environment:create_environment_scripts_only(publish_lidar)
[1.768s] INFO:colcon.colcon_core.shell:Creating package script '/home/halit/acrome_mini_robot/install/publish_lidar/share/publish_lidar/package.ps1'
[1.769s] INFO:colcon.colcon_core.shell:Creating package descriptor '/home/halit/acrome_mini_robot/install/publish_lidar/share/publish_lidar/package.dsv'
[1.770s] INFO:colcon.colcon_core.shell:Creating package script '/home/halit/acrome_mini_robot/install/publish_lidar/share/publish_lidar/package.sh'
[1.770s] INFO:colcon.colcon_core.shell:Creating package script '/home/halit/acrome_mini_robot/install/publish_lidar/share/publish_lidar/package.bash'
[1.771s] INFO:colcon.colcon_core.shell:Creating package script '/home/halit/acrome_mini_robot/install/publish_lidar/share/publish_lidar/package.zsh'
[1.771s] Level 1:colcon.colcon_core.environment:create_file_with_runtime_dependencies(/home/halit/acrome_mini_robot/install/publish_lidar/share/colcon-core/packages/publish_lidar)
[1.773s] Level 1:colcon.colcon_core.environment:checking '/home/halit/acrome_mini_robot/install/publish_odom' for CMake module files
[1.774s] DEBUG:colcon.colcon_core.event_handler.log_command:Invoked command in '/home/halit/acrome_mini_robot/src/publish_odom' returned '0': PYTHONPATH=/home/halit/acrome_mini_robot/build/publish_odom/prefix_override:/usr/lib/python3/dist-packages/colcon_core/task/python/colcon_distutils_commands:/home/halit/acrome_mini_robot/install/publish_odom/lib/python3.12/site-packages:${PYTHONPATH} /usr/bin/python3 -W ignore:setup.py install is deprecated -W ignore:easy_install command is deprecated setup.py egg_info --egg-base ../../build/publish_odom build --build-base /home/halit/acrome_mini_robot/build/publish_odom/build install --record /home/halit/acrome_mini_robot/build/publish_odom/install.log --single-version-externally-managed install_data
[1.774s] Level 1:colcon.colcon_core.environment:checking '/home/halit/acrome_mini_robot/install/publish_odom' for CMake config files
[1.775s] Level 1:colcon.colcon_core.environment:checking '/home/halit/acrome_mini_robot/install/publish_odom/lib'
[1.775s] Level 1:colcon.colcon_core.environment:checking '/home/halit/acrome_mini_robot/install/publish_odom/bin'
[1.775s] Level 1:colcon.colcon_core.environment:checking '/home/halit/acrome_mini_robot/install/publish_odom/lib/pkgconfig/publish_odom.pc'
[1.775s] Level 1:colcon.colcon_core.environment:checking '/home/halit/acrome_mini_robot/install/publish_odom/lib/python3.12/site-packages'
[1.775s] Level 1:colcon.colcon_core.shell:create_environment_hook('publish_odom', 'pythonpath')
[1.775s] INFO:colcon.colcon_core.shell:Creating environment hook '/home/halit/acrome_mini_robot/install/publish_odom/share/publish_odom/hook/pythonpath.ps1'
[1.776s] INFO:colcon.colcon_core.shell:Creating environment descriptor '/home/halit/acrome_mini_robot/install/publish_odom/share/publish_odom/hook/pythonpath.dsv'
[1.776s] INFO:colcon.colcon_core.shell:Creating environment hook '/home/halit/acrome_mini_robot/install/publish_odom/share/publish_odom/hook/pythonpath.sh'
[1.777s] Level 1:colcon.colcon_core.environment:checking '/home/halit/acrome_mini_robot/install/publish_odom/bin'
[1.777s] Level 1:colcon.colcon_core.environment:create_environment_scripts_only(publish_odom)
[1.777s] INFO:colcon.colcon_core.shell:Creating package script '/home/halit/acrome_mini_robot/install/publish_odom/share/publish_odom/package.ps1'
[1.778s] INFO:colcon.colcon_core.shell:Creating package descriptor '/home/halit/acrome_mini_robot/install/publish_odom/share/publish_odom/package.dsv'
[1.778s] INFO:colcon.colcon_core.shell:Creating package script '/home/halit/acrome_mini_robot/install/publish_odom/share/publish_odom/package.sh'
[1.778s] INFO:colcon.colcon_core.shell:Creating package script '/home/halit/acrome_mini_robot/install/publish_odom/share/publish_odom/package.bash'
[1.779s] INFO:colcon.colcon_core.shell:Creating package script '/home/halit/acrome_mini_robot/install/publish_odom/share/publish_odom/package.zsh'
[1.779s] Level 1:colcon.colcon_core.environment:create_file_with_runtime_dependencies(/home/halit/acrome_mini_robot/install/publish_odom/share/colcon-core/packages/publish_odom)
[1.820s] Level 1:colcon.colcon_core.environment:checking '/home/halit/acrome_mini_robot/install/set_slam' for CMake module files
[1.820s] DEBUG:colcon.colcon_core.event_handler.log_command:Invoked command in '/home/halit/acrome_mini_robot/src/set_slam' returned '0': PYTHONPATH=/home/halit/acrome_mini_robot/build/set_slam/prefix_override:/usr/lib/python3/dist-packages/colcon_core/task/python/colcon_distutils_commands:/home/halit/acrome_mini_robot/install/set_slam/lib/python3.12/site-packages:${PYTHONPATH} /usr/bin/python3 -W ignore:setup.py install is deprecated -W ignore:easy_install command is deprecated setup.py egg_info --egg-base ../../build/set_slam build --build-base /home/halit/acrome_mini_robot/build/set_slam/build install --record /home/halit/acrome_mini_robot/build/set_slam/install.log --single-version-externally-managed install_data
[1.821s] Level 1:colcon.colcon_core.environment:checking '/home/halit/acrome_mini_robot/install/set_slam' for CMake config files
[1.821s] Level 1:colcon.colcon_core.environment:checking '/home/halit/acrome_mini_robot/install/set_slam/lib'
[1.821s] Level 1:colcon.colcon_core.environment:checking '/home/halit/acrome_mini_robot/install/set_slam/bin'
[1.821s] Level 1:colcon.colcon_core.environment:checking '/home/halit/acrome_mini_robot/install/set_slam/lib/pkgconfig/set_slam.pc'
[1.821s] Level 1:colcon.colcon_core.environment:checking '/home/halit/acrome_mini_robot/install/set_slam/lib/python3.12/site-packages'
[1.821s] Level 1:colcon.colcon_core.shell:create_environment_hook('set_slam', 'pythonpath')
[1.822s] INFO:colcon.colcon_core.shell:Creating environment hook '/home/halit/acrome_mini_robot/install/set_slam/share/set_slam/hook/pythonpath.ps1'
[1.822s] INFO:colcon.colcon_core.shell:Creating environment descriptor '/home/halit/acrome_mini_robot/install/set_slam/share/set_slam/hook/pythonpath.dsv'
[1.822s] INFO:colcon.colcon_core.shell:Creating environment hook '/home/halit/acrome_mini_robot/install/set_slam/share/set_slam/hook/pythonpath.sh'
[1.823s] Level 1:colcon.colcon_core.environment:checking '/home/halit/acrome_mini_robot/install/set_slam/bin'
[1.823s] Level 1:colcon.colcon_core.environment:create_environment_scripts_only(set_slam)
[1.823s] INFO:colcon.colcon_core.shell:Creating package script '/home/halit/acrome_mini_robot/install/set_slam/share/set_slam/package.ps1'
[1.823s] INFO:colcon.colcon_core.shell:Creating package descriptor '/home/halit/acrome_mini_robot/install/set_slam/share/set_slam/package.dsv'
[1.824s] INFO:colcon.colcon_core.shell:Creating package script '/home/halit/acrome_mini_robot/install/set_slam/share/set_slam/package.sh'
[1.824s] INFO:colcon.colcon_core.shell:Creating package script '/home/halit/acrome_mini_robot/install/set_slam/share/set_slam/package.bash'
[1.824s] INFO:colcon.colcon_core.shell:Creating package script '/home/halit/acrome_mini_robot/install/set_slam/share/set_slam/package.zsh'
[1.825s] Level 1:colcon.colcon_core.environment:create_file_with_runtime_dependencies(/home/halit/acrome_mini_robot/install/set_slam/share/colcon-core/packages/set_slam)
[1.825s] DEBUG:colcon.colcon_parallel_executor.executor.parallel:closing loop
[1.825s] DEBUG:colcon.colcon_parallel_executor.executor.parallel:loop closed
[1.826s] DEBUG:colcon.colcon_parallel_executor.executor.parallel:run_until_complete finished with '0'
[1.826s] DEBUG:colcon.colcon_core.event_reactor:joining thread
[1.872s] INFO:colcon.colcon_core.plugin_system:Skipping extension 'colcon_notification.desktop_notification.notify_send': Could not find 'notify-send'
[1.872s] INFO:colcon.colcon_core.plugin_system:Skipping extension 'colcon_notification.desktop_notification.terminal_notifier': Not used on non-Darwin systems
[1.872s] INFO:colcon.colcon_core.plugin_system:Skipping extension 'colcon_notification.desktop_notification.win32': Not used on non-Windows systems
[1.872s] INFO:colcon.colcon_notification.desktop_notification:Sending desktop notification using 'notify2'
[1.873s] DEBUG:colcon.colcon_notification.desktop_notification.notify2:Failed to initialize notify2: org.freedesktop.DBus.Error.ServiceUnknown: The name org.freedesktop.Notifications was not provided by any .service files
[1.873s] DEBUG:colcon.colcon_core.event_reactor:joined thread
[1.874s] INFO:colcon.colcon_core.shell:Creating prefix script '/home/halit/acrome_mini_robot/install/local_setup.ps1'
[1.874s] INFO:colcon.colcon_core.shell:Creating prefix util module '/home/halit/acrome_mini_robot/install/_local_setup_util_ps1.py'
[1.875s] INFO:colcon.colcon_core.shell:Creating prefix chain script '/home/halit/acrome_mini_robot/install/setup.ps1'
[1.876s] INFO:colcon.colcon_core.shell:Creating prefix script '/home/halit/acrome_mini_robot/install/local_setup.sh'
[1.876s] INFO:colcon.colcon_core.shell:Creating prefix util module '/home/halit/acrome_mini_robot/install/_local_setup_util_sh.py'
[1.877s] INFO:colcon.colcon_core.shell:Creating prefix chain script '/home/halit/acrome_mini_robot/install/setup.sh'
[1.877s] INFO:colcon.colcon_core.shell:Creating prefix script '/home/halit/acrome_mini_robot/install/local_setup.bash'
[1.878s] INFO:colcon.colcon_core.shell:Creating prefix chain script '/home/halit/acrome_mini_robot/install/setup.bash'
[1.878s] INFO:colcon.colcon_core.shell:Creating prefix script '/home/halit/acrome_mini_robot/install/local_setup.zsh'
[1.878s] INFO:colcon.colcon_core.shell:Creating prefix chain script '/home/halit/acrome_mini_robot/install/setup.zsh'
