[1.032s] Invoking command in '/home/halit/acrome_mini_robot/src/publish_odom': PYTHONPATH=/home/halit/acrome_mini_robot/build/publish_odom/prefix_override:/usr/lib/python3/dist-packages/colcon_core/task/python/colcon_distutils_commands:/home/halit/acrome_mini_robot/install/publish_odom/lib/python3.12/site-packages:${PYTHONPATH} /usr/bin/python3 -W ignore:setup.py install is deprecated -W ignore:easy_install command is deprecated setup.py egg_info --egg-base ../../build/publish_odom build --build-base /home/halit/acrome_mini_robot/build/publish_odom/build install --record /home/halit/acrome_mini_robot/build/publish_odom/install.log --single-version-externally-managed install_data
[1.266s] running egg_info
[1.282s] writing ../../build/publish_odom/publish_odom.egg-info/PKG-INFO
[1.282s] writing dependency_links to ../../build/publish_odom/publish_odom.egg-info/dependency_links.txt
[1.282s] writing entry points to ../../build/publish_odom/publish_odom.egg-info/entry_points.txt
[1.282s] writing requirements to ../../build/publish_odom/publish_odom.egg-info/requires.txt
[1.283s] writing top-level names to ../../build/publish_odom/publish_odom.egg-info/top_level.txt
[1.315s] reading manifest file '../../build/publish_odom/publish_odom.egg-info/SOURCES.txt'
[1.317s] writing manifest file '../../build/publish_odom/publish_odom.egg-info/SOURCES.txt'
[1.320s] running build
[1.320s] running build_py
[1.321s] running install
[1.322s] running install_lib
[1.345s] running install_data
[1.345s] running install_egg_info
[1.365s] removing '/home/halit/acrome_mini_robot/install/publish_odom/lib/python3.12/site-packages/publish_odom-0.0.0-py3.12.egg-info' (and everything under it)
[1.365s] Copying ../../build/publish_odom/publish_odom.egg-info to /home/halit/acrome_mini_robot/install/publish_odom/lib/python3.12/site-packages/publish_odom-0.0.0-py3.12.egg-info
[1.365s] running install_scripts
[1.482s] Installing get_odometry_from_rasbery script to /home/halit/acrome_mini_robot/install/publish_odom/lib/publish_odom
[1.482s] writing list of installed files to '/home/halit/acrome_mini_robot/build/publish_odom/install.log'
[1.511s] Invoked command in '/home/halit/acrome_mini_robot/src/publish_odom' returned '0': PYTHONPATH=/home/halit/acrome_mini_robot/build/publish_odom/prefix_override:/usr/lib/python3/dist-packages/colcon_core/task/python/colcon_distutils_commands:/home/halit/acrome_mini_robot/install/publish_odom/lib/python3.12/site-packages:${PYTHONPATH} /usr/bin/python3 -W ignore:setup.py install is deprecated -W ignore:easy_install command is deprecated setup.py egg_info --egg-base ../../build/publish_odom build --build-base /home/halit/acrome_mini_robot/build/publish_odom/build install --record /home/halit/acrome_mini_robot/build/publish_odom/install.log --single-version-externally-managed install_data
