[0.151s] Invoking command in '/home/halit/acrome_mini_robot/build/rf2o_laser_odometry': CMAKE_PREFIX_PATH=${CMAKE_PREFIX_PATH}:/home/halit/acrome_mini_robot/install/set_slam:/home/halit/acrome_mini_robot/install/publish_odom:/home/halit/acrome_mini_robot/install/publish_lidar:/opt/ros/jazzy /usr/bin/cmake /home/halit/acrome_mini_robot/src/rf2o_laser_odometry -DCMAKE_INSTALL_PREFIX=/home/halit/acrome_mini_robot/install/rf2o_laser_odometry
[0.344s] -- The C compiler identification is GNU 13.3.0
[0.795s] -- The CXX compiler identification is GNU 13.3.0
[1.153s] -- Detecting C compiler ABI info
[1.358s] -- Detecting C compiler ABI info - done
[1.363s] -- Check for working C compiler: /usr/bin/cc - skipped
[1.365s] -- Detecting C compile features
[1.366s] -- Detecting C compile features - done
[1.442s] -- Detecting CXX compiler ABI info
[1.623s] -- Detecting CXX compiler ABI info - done
[1.629s] -- Check for working CXX compiler: /usr/bin/c++ - skipped
[1.629s] -- Detecting CXX compile features
[1.629s] -- Detecting CXX compile features - done
[1.646s] -- Found ament_cmake: 2.5.4 (/opt/ros/jazzy/share/ament_cmake/cmake)
[1.765s] -- Found Python3: /usr/bin/python3 (found version "3.12.3") found components: Interpreter 
[1.856s] -- Found rclcpp: 28.1.11 (/opt/ros/jazzy/share/rclcpp/cmake)
[1.996s] -- Found rosidl_generator_c: 4.6.6 (/opt/ros/jazzy/share/rosidl_generator_c/cmake)
[2.009s] -- Found rosidl_generator_cpp: 4.6.6 (/opt/ros/jazzy/share/rosidl_generator_cpp/cmake)
[2.025s] -- Using all available rosidl_typesupport_c: rosidl_typesupport_fastrtps_c;rosidl_typesupport_introspection_c
[2.040s] -- Using all available rosidl_typesupport_cpp: rosidl_typesupport_fastrtps_cpp;rosidl_typesupport_introspection_cpp
[2.103s] -- Found rmw_implementation_cmake: 7.3.2 (/opt/ros/jazzy/share/rmw_implementation_cmake/cmake)
[2.106s] -- Found rmw_fastrtps_cpp: 8.4.3 (/opt/ros/jazzy/share/rmw_fastrtps_cpp/cmake)
[2.187s] -- Found OpenSSL: /usr/lib/x86_64-linux-gnu/libcrypto.so (found version "3.0.13")  
[2.268s] -- Found FastRTPS: /opt/ros/jazzy/include (Required is at least version "2.13") 
[2.314s] -- Using RMW implementation 'rmw_fastrtps_cpp' as default
[2.437s] -- Found std_msgs: 5.3.6 (/opt/ros/jazzy/share/std_msgs/cmake)
[2.448s] -- Found geometry_msgs: 5.3.6 (/opt/ros/jazzy/share/geometry_msgs/cmake)
[2.461s] -- Found tf2_geometry_msgs: 0.36.14 (/opt/ros/jazzy/share/tf2_geometry_msgs/cmake)
[2.497s] -- Found eigen3_cmake_module: 0.3.0 (/opt/ros/jazzy/share/eigen3_cmake_module/cmake)
[2.498s] -- Found Eigen3: TRUE (found version "3.4.0") 
[2.498s] -- Ensuring Eigen3 include directory is part of orocos-kdl CMake target
[2.613s] -- Found sensor_msgs: 5.3.6 (/opt/ros/jazzy/share/sensor_msgs/cmake)
[2.630s] -- Found nav_msgs: 5.3.6 (/opt/ros/jazzy/share/nav_msgs/cmake)
[2.663s] -- Found Boost: /usr/lib/x86_64-linux-gnu/cmake/Boost-1.83.0/BoostConfig.cmake (found version "1.83.0")  
[2.733s] -- Configuring done (2.6s)
[2.748s] -- Generating done (0.0s)
[2.751s] -- Build files have been written to: /home/halit/acrome_mini_robot/build/rf2o_laser_odometry
[2.758s] Invoked command in '/home/halit/acrome_mini_robot/build/rf2o_laser_odometry' returned '0': CMAKE_PREFIX_PATH=${CMAKE_PREFIX_PATH}:/home/halit/acrome_mini_robot/install/set_slam:/home/halit/acrome_mini_robot/install/publish_odom:/home/halit/acrome_mini_robot/install/publish_lidar:/opt/ros/jazzy /usr/bin/cmake /home/halit/acrome_mini_robot/src/rf2o_laser_odometry -DCMAKE_INSTALL_PREFIX=/home/halit/acrome_mini_robot/install/rf2o_laser_odometry
[2.760s] Invoking command in '/home/halit/acrome_mini_robot/build/rf2o_laser_odometry': CMAKE_PREFIX_PATH=${CMAKE_PREFIX_PATH}:/home/halit/acrome_mini_robot/install/set_slam:/home/halit/acrome_mini_robot/install/publish_odom:/home/halit/acrome_mini_robot/install/publish_lidar:/opt/ros/jazzy /usr/bin/cmake --build /home/halit/acrome_mini_robot/build/rf2o_laser_odometry -- -j4 -l4
[2.796s] [ 20%] [32mBuilding CXX object CMakeFiles/rf2o_laser_odometry.dir/src/CLaserOdometry2D.cpp.o[0m
[2.797s] [ 60%] [32mBuilding CXX object CMakeFiles/rf2o_laser_odometry_node.dir/src/CLaserOdometry2D.cpp.o[0m
[2.797s] [ 60%] [32mBuilding CXX object CMakeFiles/rf2o_laser_odometry_node.dir/src/CLaserOdometry2DNode.cpp.o[0m
[18.505s] [ 80%] [32m[1mLinking CXX static library librf2o_laser_odometry.a[0m
[18.507s] [100%] [32m[1mLinking CXX executable rf2o_laser_odometry_node[0m
[18.673s] [100%] Built target rf2o_laser_odometry
[19.222s] [100%] Built target rf2o_laser_odometry_node
[19.232s] Invoked command in '/home/halit/acrome_mini_robot/build/rf2o_laser_odometry' returned '0': CMAKE_PREFIX_PATH=${CMAKE_PREFIX_PATH}:/home/halit/acrome_mini_robot/install/set_slam:/home/halit/acrome_mini_robot/install/publish_odom:/home/halit/acrome_mini_robot/install/publish_lidar:/opt/ros/jazzy /usr/bin/cmake --build /home/halit/acrome_mini_robot/build/rf2o_laser_odometry -- -j4 -l4
[19.239s] Invoking command in '/home/halit/acrome_mini_robot/build/rf2o_laser_odometry': CMAKE_PREFIX_PATH=${CMAKE_PREFIX_PATH}:/home/halit/acrome_mini_robot/install/set_slam:/home/halit/acrome_mini_robot/install/publish_odom:/home/halit/acrome_mini_robot/install/publish_lidar:/opt/ros/jazzy /usr/bin/cmake --install /home/halit/acrome_mini_robot/build/rf2o_laser_odometry
[19.245s] -- Install configuration: ""
[19.245s] -- Installing: /home/halit/acrome_mini_robot/install/rf2o_laser_odometry/lib/rf2o_laser_odometry/rf2o_laser_odometry_node
[19.255s] -- Set non-toolchain portion of runtime path of "/home/halit/acrome_mini_robot/install/rf2o_laser_odometry/lib/rf2o_laser_odometry/rf2o_laser_odometry_node" to ""
[19.255s] -- Installing: /home/halit/acrome_mini_robot/install/rf2o_laser_odometry/share/rf2o_laser_odometry/launch
[19.256s] -- Installing: /home/halit/acrome_mini_robot/install/rf2o_laser_odometry/share/rf2o_laser_odometry/launch/rf2o_laser_odometry.launch.py
[19.257s] -- Installing: /home/halit/acrome_mini_robot/install/rf2o_laser_odometry/share/ament_index/resource_index/package_run_dependencies/rf2o_laser_odometry
[19.258s] -- Installing: /home/halit/acrome_mini_robot/install/rf2o_laser_odometry/share/ament_index/resource_index/parent_prefix_path/rf2o_laser_odometry
[19.258s] -- Installing: /home/halit/acrome_mini_robot/install/rf2o_laser_odometry/share/rf2o_laser_odometry/environment/ament_prefix_path.sh
[19.258s] -- Installing: /home/halit/acrome_mini_robot/install/rf2o_laser_odometry/share/rf2o_laser_odometry/environment/ament_prefix_path.dsv
[19.258s] -- Installing: /home/halit/acrome_mini_robot/install/rf2o_laser_odometry/share/rf2o_laser_odometry/environment/path.sh
[19.258s] -- Installing: /home/halit/acrome_mini_robot/install/rf2o_laser_odometry/share/rf2o_laser_odometry/environment/path.dsv
[19.258s] -- Installing: /home/halit/acrome_mini_robot/install/rf2o_laser_odometry/share/rf2o_laser_odometry/local_setup.bash
[19.258s] -- Installing: /home/halit/acrome_mini_robot/install/rf2o_laser_odometry/share/rf2o_laser_odometry/local_setup.sh
[19.258s] -- Installing: /home/halit/acrome_mini_robot/install/rf2o_laser_odometry/share/rf2o_laser_odometry/local_setup.zsh
[19.258s] -- Installing: /home/halit/acrome_mini_robot/install/rf2o_laser_odometry/share/rf2o_laser_odometry/local_setup.dsv
[19.258s] -- Installing: /home/halit/acrome_mini_robot/install/rf2o_laser_odometry/share/rf2o_laser_odometry/package.dsv
[19.258s] -- Installing: /home/halit/acrome_mini_robot/install/rf2o_laser_odometry/share/ament_index/resource_index/packages/rf2o_laser_odometry
[19.259s] -- Installing: /home/halit/acrome_mini_robot/install/rf2o_laser_odometry/share/rf2o_laser_odometry/cmake/rf2o_laser_odometryConfig.cmake
[19.259s] -- Installing: /home/halit/acrome_mini_robot/install/rf2o_laser_odometry/share/rf2o_laser_odometry/cmake/rf2o_laser_odometryConfig-version.cmake
[19.259s] -- Installing: /home/halit/acrome_mini_robot/install/rf2o_laser_odometry/share/rf2o_laser_odometry/package.xml
[19.261s] Invoked command in '/home/halit/acrome_mini_robot/build/rf2o_laser_odometry' returned '0': CMAKE_PREFIX_PATH=${CMAKE_PREFIX_PATH}:/home/halit/acrome_mini_robot/install/set_slam:/home/halit/acrome_mini_robot/install/publish_odom:/home/halit/acrome_mini_robot/install/publish_lidar:/opt/ros/jazzy /usr/bin/cmake --install /home/halit/acrome_mini_robot/build/rf2o_laser_odometry
