[0.463s] Invoking command in '/home/halit/acrome_mini_robot/build/rf2o_laser_odometry': CMAKE_PREFIX_PATH=${CMAKE_PREFIX_PATH}:/home/halit/acrome_mini_robot/install/set_slam:/home/halit/acrome_mini_robot/install/publish_odom:/home/halit/acrome_mini_robot/install/publish_lidar:/opt/ros/jazzy /usr/bin/cmake --build /home/halit/acrome_mini_robot/build/rf2o_laser_odometry -- -j4 -l4
[0.535s] [ 60%] Built target rf2o_laser_odometry_node
[0.569s] [100%] Built target rf2o_laser_odometry
[0.697s] Invoked command in '/home/halit/acrome_mini_robot/build/rf2o_laser_odometry' returned '0': CMAKE_PREFIX_PATH=${CMAKE_PREFIX_PATH}:/home/halit/acrome_mini_robot/install/set_slam:/home/halit/acrome_mini_robot/install/publish_odom:/home/halit/acrome_mini_robot/install/publish_lidar:/opt/ros/jazzy /usr/bin/cmake --build /home/halit/acrome_mini_robot/build/rf2o_laser_odometry -- -j4 -l4
[0.708s] Invoking command in '/home/halit/acrome_mini_robot/build/rf2o_laser_odometry': CMAKE_PREFIX_PATH=${CMAKE_PREFIX_PATH}:/home/halit/acrome_mini_robot/install/set_slam:/home/halit/acrome_mini_robot/install/publish_odom:/home/halit/acrome_mini_robot/install/publish_lidar:/opt/ros/jazzy /usr/bin/cmake --install /home/halit/acrome_mini_robot/build/rf2o_laser_odometry
[0.721s] -- Install configuration: ""
[0.721s] -- Up-to-date: /home/halit/acrome_mini_robot/install/rf2o_laser_odometry/lib/rf2o_laser_odometry/rf2o_laser_odometry_node
[0.721s] -- Up-to-date: /home/halit/acrome_mini_robot/install/rf2o_laser_odometry/share/rf2o_laser_odometry/launch
[0.722s] -- Up-to-date: /home/halit/acrome_mini_robot/install/rf2o_laser_odometry/share/rf2o_laser_odometry/launch/rf2o_laser_odometry.launch.py
[0.722s] -- Up-to-date: /home/halit/acrome_mini_robot/install/rf2o_laser_odometry/share/ament_index/resource_index/package_run_dependencies/rf2o_laser_odometry
[0.722s] -- Up-to-date: /home/halit/acrome_mini_robot/install/rf2o_laser_odometry/share/ament_index/resource_index/parent_prefix_path/rf2o_laser_odometry
[0.722s] -- Up-to-date: /home/halit/acrome_mini_robot/install/rf2o_laser_odometry/share/rf2o_laser_odometry/environment/ament_prefix_path.sh
[0.722s] -- Up-to-date: /home/halit/acrome_mini_robot/install/rf2o_laser_odometry/share/rf2o_laser_odometry/environment/ament_prefix_path.dsv
[0.722s] -- Up-to-date: /home/halit/acrome_mini_robot/install/rf2o_laser_odometry/share/rf2o_laser_odometry/environment/path.sh
[0.723s] -- Up-to-date: /home/halit/acrome_mini_robot/install/rf2o_laser_odometry/share/rf2o_laser_odometry/environment/path.dsv
[0.723s] -- Up-to-date: /home/halit/acrome_mini_robot/install/rf2o_laser_odometry/share/rf2o_laser_odometry/local_setup.bash
[0.723s] -- Up-to-date: /home/halit/acrome_mini_robot/install/rf2o_laser_odometry/share/rf2o_laser_odometry/local_setup.sh
[0.723s] -- Up-to-date: /home/halit/acrome_mini_robot/install/rf2o_laser_odometry/share/rf2o_laser_odometry/local_setup.zsh
[0.723s] -- Up-to-date: /home/halit/acrome_mini_robot/install/rf2o_laser_odometry/share/rf2o_laser_odometry/local_setup.dsv
[0.724s] -- Installing: /home/halit/acrome_mini_robot/install/rf2o_laser_odometry/share/rf2o_laser_odometry/package.dsv
[0.724s] -- Up-to-date: /home/halit/acrome_mini_robot/install/rf2o_laser_odometry/share/ament_index/resource_index/packages/rf2o_laser_odometry
[0.724s] -- Up-to-date: /home/halit/acrome_mini_robot/install/rf2o_laser_odometry/share/rf2o_laser_odometry/cmake/rf2o_laser_odometryConfig.cmake
[0.724s] -- Up-to-date: /home/halit/acrome_mini_robot/install/rf2o_laser_odometry/share/rf2o_laser_odometry/cmake/rf2o_laser_odometryConfig-version.cmake
[0.724s] -- Up-to-date: /home/halit/acrome_mini_robot/install/rf2o_laser_odometry/share/rf2o_laser_odometry/package.xml
[0.731s] Invoked command in '/home/halit/acrome_mini_robot/build/rf2o_laser_odometry' returned '0': CMAKE_PREFIX_PATH=${CMAKE_PREFIX_PATH}:/home/halit/acrome_mini_robot/install/set_slam:/home/halit/acrome_mini_robot/install/publish_odom:/home/halit/acrome_mini_robot/install/publish_lidar:/opt/ros/jazzy /usr/bin/cmake --install /home/halit/acrome_mini_robot/build/rf2o_laser_odometry
