[0.510s] Invoking command in '/home/halit/acrome_mini_robot/src/set_slam': PYTHONPATH=/home/halit/acrome_mini_robot/build/set_slam/prefix_override:/usr/lib/python3/dist-packages/colcon_core/task/python/colcon_distutils_commands:/home/halit/acrome_mini_robot/install/set_slam/lib/python3.12/site-packages:${PYTHONPATH} /usr/bin/python3 -W ignore:setup.py install is deprecated -W ignore:easy_install command is deprecated setup.py egg_info --egg-base ../../build/set_slam build --build-base /home/halit/acrome_mini_robot/build/set_slam/build install --record /home/halit/acrome_mini_robot/build/set_slam/install.log --single-version-externally-managed install_data
[0.669s] running egg_info
[0.680s] writing ../../build/set_slam/set_slam.egg-info/PKG-INFO
[0.681s] writing dependency_links to ../../build/set_slam/set_slam.egg-info/dependency_links.txt
[0.681s] writing entry points to ../../build/set_slam/set_slam.egg-info/entry_points.txt
[0.681s] writing requirements to ../../build/set_slam/set_slam.egg-info/requires.txt
[0.681s] writing top-level names to ../../build/set_slam/set_slam.egg-info/top_level.txt
[0.705s] reading manifest file '../../build/set_slam/set_slam.egg-info/SOURCES.txt'
[0.705s] writing manifest file '../../build/set_slam/set_slam.egg-info/SOURCES.txt'
[0.705s] running build
[0.705s] running build_py
[0.706s] running install
[0.709s] running install_lib
[0.721s] running install_data
[0.721s] copying urdf/acrome_mini_robot.xacro -> /home/halit/acrome_mini_robot/install/set_slam/share/set_slam/urdf
[0.721s] running install_egg_info
[0.732s] removing '/home/halit/acrome_mini_robot/install/set_slam/lib/python3.12/site-packages/set_slam-0.0.0-py3.12.egg-info' (and everything under it)
[0.733s] Copying ../../build/set_slam/set_slam.egg-info to /home/halit/acrome_mini_robot/install/set_slam/lib/python3.12/site-packages/set_slam-0.0.0-py3.12.egg-info
[0.734s] running install_scripts
[0.815s] Installing odom_to_tf_broadcaster script to /home/halit/acrome_mini_robot/install/set_slam/lib/set_slam
[0.815s] writing list of installed files to '/home/halit/acrome_mini_robot/build/set_slam/install.log'
[0.832s] Invoked command in '/home/halit/acrome_mini_robot/src/set_slam' returned '0': PYTHONPATH=/home/halit/acrome_mini_robot/build/set_slam/prefix_override:/usr/lib/python3/dist-packages/colcon_core/task/python/colcon_distutils_commands:/home/halit/acrome_mini_robot/install/set_slam/lib/python3.12/site-packages:${PYTHONPATH} /usr/bin/python3 -W ignore:setup.py install is deprecated -W ignore:easy_install command is deprecated setup.py egg_info --egg-base ../../build/set_slam build --build-base /home/halit/acrome_mini_robot/build/set_slam/build install --record /home/halit/acrome_mini_robot/build/set_slam/install.log --single-version-externally-managed install_data
