[1.059s] Invoking command in '/home/halit/acrome_mini_robot/src/set_slam': PYTHONPATH=/home/halit/acrome_mini_robot/build/set_slam/prefix_override:/usr/lib/python3/dist-packages/colcon_core/task/python/colcon_distutils_commands:/home/halit/acrome_mini_robot/install/set_slam/lib/python3.12/site-packages:${PYTHONPATH} /usr/bin/python3 -W ignore:setup.py install is deprecated -W ignore:easy_install command is deprecated setup.py egg_info --egg-base ../../build/set_slam build --build-base /home/halit/acrome_mini_robot/build/set_slam/build install --record /home/halit/acrome_mini_robot/build/set_slam/install.log --single-version-externally-managed install_data
[1.304s] running egg_info
[1.322s] writing ../../build/set_slam/set_slam.egg-info/PKG-INFO
[1.323s] writing dependency_links to ../../build/set_slam/set_slam.egg-info/dependency_links.txt
[1.323s] writing entry points to ../../build/set_slam/set_slam.egg-info/entry_points.txt
[1.323s] writing requirements to ../../build/set_slam/set_slam.egg-info/requires.txt
[1.323s] writing top-level names to ../../build/set_slam/set_slam.egg-info/top_level.txt
[1.357s] reading manifest file '../../build/set_slam/set_slam.egg-info/SOURCES.txt'
[1.358s] writing manifest file '../../build/set_slam/set_slam.egg-info/SOURCES.txt'
[1.358s] running build
[1.358s] running build_py
[1.358s] running install
[1.364s] running install_lib
[1.381s] running install_data
[1.381s] running install_egg_info
[1.400s] removing '/home/halit/acrome_mini_robot/install/set_slam/lib/python3.12/site-packages/set_slam-0.0.0-py3.12.egg-info' (and everything under it)
[1.401s] Copying ../../build/set_slam/set_slam.egg-info to /home/halit/acrome_mini_robot/install/set_slam/lib/python3.12/site-packages/set_slam-0.0.0-py3.12.egg-info
[1.402s] running install_scripts
[1.525s] Installing odom_to_tf_broadcaster script to /home/halit/acrome_mini_robot/install/set_slam/lib/set_slam
[1.525s] writing list of installed files to '/home/halit/acrome_mini_robot/build/set_slam/install.log'
[1.558s] Invoked command in '/home/halit/acrome_mini_robot/src/set_slam' returned '0': PYTHONPATH=/home/halit/acrome_mini_robot/build/set_slam/prefix_override:/usr/lib/python3/dist-packages/colcon_core/task/python/colcon_distutils_commands:/home/halit/acrome_mini_robot/install/set_slam/lib/python3.12/site-packages:${PYTHONPATH} /usr/bin/python3 -W ignore:setup.py install is deprecated -W ignore:easy_install command is deprecated setup.py egg_info --egg-base ../../build/set_slam build --build-base /home/halit/acrome_mini_robot/build/set_slam/build install --record /home/halit/acrome_mini_robot/build/set_slam/install.log --single-version-externally-managed install_data
