[0.795s] Invoking command in '/home/halit/acrome_mini_robot/src/set_slam': PYTHONPATH=/home/halit/acrome_mini_robot/build/set_slam/prefix_override:/usr/lib/python3/dist-packages/colcon_core/task/python/colcon_distutils_commands:/home/halit/acrome_mini_robot/install/set_slam/lib/python3.12/site-packages:${PYTHONPATH} /usr/bin/python3 -W ignore:setup.py install is deprecated -W ignore:easy_install command is deprecated setup.py egg_info --egg-base ../../build/set_slam build --build-base /home/halit/acrome_mini_robot/build/set_slam/build install --record /home/halit/acrome_mini_robot/build/set_slam/install.log --single-version-externally-managed install_data
[1.043s] running egg_info
[1.060s] writing ../../build/set_slam/set_slam.egg-info/PKG-INFO
[1.060s] writing dependency_links to ../../build/set_slam/set_slam.egg-info/dependency_links.txt
[1.061s] writing entry points to ../../build/set_slam/set_slam.egg-info/entry_points.txt
[1.061s] writing requirements to ../../build/set_slam/set_slam.egg-info/requires.txt
[1.061s] writing top-level names to ../../build/set_slam/set_slam.egg-info/top_level.txt
[1.094s] reading manifest file '../../build/set_slam/set_slam.egg-info/SOURCES.txt'
[1.095s] writing manifest file '../../build/set_slam/set_slam.egg-info/SOURCES.txt'
[1.095s] running build
[1.095s] running build_py
[1.096s] running install
[1.102s] running install_lib
[1.120s] running install_data
[1.120s] copying urdf/acrome_mini_robot.xacro -> /home/halit/acrome_mini_robot/install/set_slam/share/set_slam/urdf
[1.121s] running install_egg_info
[1.138s] removing '/home/halit/acrome_mini_robot/install/set_slam/lib/python3.12/site-packages/set_slam-0.0.0-py3.12.egg-info' (and everything under it)
[1.139s] Copying ../../build/set_slam/set_slam.egg-info to /home/halit/acrome_mini_robot/install/set_slam/lib/python3.12/site-packages/set_slam-0.0.0-py3.12.egg-info
[1.140s] running install_scripts
[1.258s] Installing odom_to_tf_broadcaster script to /home/halit/acrome_mini_robot/install/set_slam/lib/set_slam
[1.259s] writing list of installed files to '/home/halit/acrome_mini_robot/build/set_slam/install.log'
[1.283s] Invoked command in '/home/halit/acrome_mini_robot/src/set_slam' returned '0': PYTHONPATH=/home/halit/acrome_mini_robot/build/set_slam/prefix_override:/usr/lib/python3/dist-packages/colcon_core/task/python/colcon_distutils_commands:/home/halit/acrome_mini_robot/install/set_slam/lib/python3.12/site-packages:${PYTHONPATH} /usr/bin/python3 -W ignore:setup.py install is deprecated -W ignore:easy_install command is deprecated setup.py egg_info --egg-base ../../build/set_slam build --build-base /home/halit/acrome_mini_robot/build/set_slam/build install --record /home/halit/acrome_mini_robot/build/set_slam/install.log --single-version-externally-managed install_data
