[0.878s] Invoking command in '/home/halit/acrome_mini_robot/src/publish_lidar': PYTHONPATH=/home/halit/acrome_mini_robot/build/publish_lidar/prefix_override:/usr/lib/python3/dist-packages/colcon_core/task/python/colcon_distutils_commands:/home/halit/acrome_mini_robot/install/publish_lidar/lib/python3.12/site-packages:${PYTHONPATH} /usr/bin/python3 -W ignore:setup.py install is deprecated -W ignore:easy_install command is deprecated setup.py egg_info --egg-base ../../build/publish_lidar build --build-base /home/halit/acrome_mini_robot/build/publish_lidar/build install --record /home/halit/acrome_mini_robot/build/publish_lidar/install.log --single-version-externally-managed install_data
[1.094s] running egg_info
[1.094s] creating ../../build/publish_lidar/publish_lidar.egg-info
[1.109s] writing ../../build/publish_lidar/publish_lidar.egg-info/PKG-INFO
[1.109s] writing dependency_links to ../../build/publish_lidar/publish_lidar.egg-info/dependency_links.txt
[1.109s] writing entry points to ../../build/publish_lidar/publish_lidar.egg-info/entry_points.txt
[1.109s] writing requirements to ../../build/publish_lidar/publish_lidar.egg-info/requires.txt
[1.109s] writing top-level names to ../../build/publish_lidar/publish_lidar.egg-info/top_level.txt
[1.109s] writing manifest file '../../build/publish_lidar/publish_lidar.egg-info/SOURCES.txt'
[1.137s] reading manifest file '../../build/publish_lidar/publish_lidar.egg-info/SOURCES.txt'
[1.138s] writing manifest file '../../build/publish_lidar/publish_lidar.egg-info/SOURCES.txt'
[1.138s] running build
[1.138s] running build_py
[1.138s] creating /home/halit/acrome_mini_robot/build/publish_lidar/build
[1.138s] creating /home/halit/acrome_mini_robot/build/publish_lidar/build/lib
[1.139s] creating /home/halit/acrome_mini_robot/build/publish_lidar/build/lib/publish_lidar
[1.139s] copying publish_lidar/get_scan_from_raspbery.py -> /home/halit/acrome_mini_robot/build/publish_lidar/build/lib/publish_lidar
[1.139s] copying publish_lidar/__init__.py -> /home/halit/acrome_mini_robot/build/publish_lidar/build/lib/publish_lidar
[1.139s] running install
[1.144s] running install_lib
[1.157s] creating /home/halit/acrome_mini_robot/install/publish_lidar/lib/python3.12/site-packages/publish_lidar
[1.158s] copying /home/halit/acrome_mini_robot/build/publish_lidar/build/lib/publish_lidar/get_scan_from_raspbery.py -> /home/halit/acrome_mini_robot/install/publish_lidar/lib/python3.12/site-packages/publish_lidar
[1.158s] copying /home/halit/acrome_mini_robot/build/publish_lidar/build/lib/publish_lidar/__init__.py -> /home/halit/acrome_mini_robot/install/publish_lidar/lib/python3.12/site-packages/publish_lidar
[1.158s] byte-compiling /home/halit/acrome_mini_robot/install/publish_lidar/lib/python3.12/site-packages/publish_lidar/get_scan_from_raspbery.py to get_scan_from_raspbery.cpython-312.pyc
[1.159s] byte-compiling /home/halit/acrome_mini_robot/install/publish_lidar/lib/python3.12/site-packages/publish_lidar/__init__.py to __init__.cpython-312.pyc
[1.159s] running install_data
[1.159s] creating /home/halit/acrome_mini_robot/install/publish_lidar/share/ament_index
[1.159s] creating /home/halit/acrome_mini_robot/install/publish_lidar/share/ament_index/resource_index
[1.160s] creating /home/halit/acrome_mini_robot/install/publish_lidar/share/ament_index/resource_index/packages
[1.160s] copying resource/publish_lidar -> /home/halit/acrome_mini_robot/install/publish_lidar/share/ament_index/resource_index/packages
[1.160s] copying package.xml -> /home/halit/acrome_mini_robot/install/publish_lidar/share/publish_lidar
[1.160s] running install_egg_info
[1.176s] Copying ../../build/publish_lidar/publish_lidar.egg-info to /home/halit/acrome_mini_robot/install/publish_lidar/lib/python3.12/site-packages/publish_lidar-0.0.0-py3.12.egg-info
[1.177s] running install_scripts
[1.276s] Installing get_scan_from_raspbery script to /home/halit/acrome_mini_robot/install/publish_lidar/lib/publish_lidar
[1.277s] writing list of installed files to '/home/halit/acrome_mini_robot/build/publish_lidar/install.log'
[1.315s] Invoked command in '/home/halit/acrome_mini_robot/src/publish_lidar' returned '0': PYTHONPATH=/home/halit/acrome_mini_robot/build/publish_lidar/prefix_override:/usr/lib/python3/dist-packages/colcon_core/task/python/colcon_distutils_commands:/home/halit/acrome_mini_robot/install/publish_lidar/lib/python3.12/site-packages:${PYTHONPATH} /usr/bin/python3 -W ignore:setup.py install is deprecated -W ignore:easy_install command is deprecated setup.py egg_info --egg-base ../../build/publish_lidar build --build-base /home/halit/acrome_mini_robot/build/publish_lidar/build install --record /home/halit/acrome_mini_robot/build/publish_lidar/install.log --single-version-externally-managed install_data
