running develop
Removing /home/halit/acrome_mini_robot/install/set_slam/lib/python3.12/site-packages/set-slam.egg-link (link to .)
running egg_info
writing ../../build/set_slam/set_slam.egg-info/PKG-INFO
writing dependency_links to ../../build/set_slam/set_slam.egg-info/dependency_links.txt
writing entry points to ../../build/set_slam/set_slam.egg-info/entry_points.txt
writing requirements to ../../build/set_slam/set_slam.egg-info/requires.txt
writing top-level names to ../../build/set_slam/set_slam.egg-info/top_level.txt
reading manifest file '../../build/set_slam/set_slam.egg-info/SOURCES.txt'
writing manifest file '../../build/set_slam/set_slam.egg-info/SOURCES.txt'
running build
running build_py
creating /home/halit/acrome_mini_robot/build/set_slam/build/lib/set_slam/nodes
copying set_slam/nodes/odom_to_tf_broadcaster.py -> /home/halit/acrome_mini_robot/build/set_slam/build/lib/set_slam/nodes
copying set_slam/nodes/__init__.py -> /home/halit/acrome_mini_robot/build/set_slam/build/lib/set_slam/nodes
running install
running install_lib
creating /home/halit/acrome_mini_robot/install/set_slam/lib/python3.12/site-packages/set_slam
creating /home/halit/acrome_mini_robot/install/set_slam/lib/python3.12/site-packages/set_slam/nodes
copying /home/halit/acrome_mini_robot/build/set_slam/build/lib/set_slam/nodes/odom_to_tf_broadcaster.py -> /home/halit/acrome_mini_robot/install/set_slam/lib/python3.12/site-packages/set_slam/nodes
copying /home/halit/acrome_mini_robot/build/set_slam/build/lib/set_slam/nodes/__init__.py -> /home/halit/acrome_mini_robot/install/set_slam/lib/python3.12/site-packages/set_slam/nodes
copying /home/halit/acrome_mini_robot/build/set_slam/build/lib/set_slam/__init__.py -> /home/halit/acrome_mini_robot/install/set_slam/lib/python3.12/site-packages/set_slam
byte-compiling /home/halit/acrome_mini_robot/install/set_slam/lib/python3.12/site-packages/set_slam/nodes/odom_to_tf_broadcaster.py to odom_to_tf_broadcaster.cpython-312.pyc
byte-compiling /home/halit/acrome_mini_robot/install/set_slam/lib/python3.12/site-packages/set_slam/nodes/__init__.py to __init__.cpython-312.pyc
byte-compiling /home/halit/acrome_mini_robot/install/set_slam/lib/python3.12/site-packages/set_slam/__init__.py to __init__.cpython-312.pyc
running install_data
copying resource/set_slam -> /home/halit/acrome_mini_robot/install/set_slam/share/ament_index/resource_index/packages
copying package.xml -> /home/halit/acrome_mini_robot/install/set_slam/share/set_slam
copying set_slam/launch/slam_launch.py -> /home/halit/acrome_mini_robot/install/set_slam/share/set_slam/launch
copying config/mapper_params_online_sync.yaml -> /home/halit/acrome_mini_robot/install/set_slam/share/set_slam/config
running install_egg_info
Copying ../../build/set_slam/set_slam.egg-info to /home/halit/acrome_mini_robot/install/set_slam/lib/python3.12/site-packages/set_slam-0.0.0-py3.12.egg-info
running install_scripts
Installing odom_to_tf_broadcaster script to /home/halit/acrome_mini_robot/install/set_slam/lib/set_slam
writing list of installed files to '/home/halit/acrome_mini_robot/build/set_slam/install.log'
