[1.293s] Invoking command in '/home/halit/acrome_mini_robot/build/set_slam': PYTHONPATH=/home/halit/acrome_mini_robot/build/set_slam/prefix_override:/usr/lib/python3/dist-packages/colcon_core/task/python/colcon_distutils_commands:/home/halit/acrome_mini_robot/install/set_slam/lib/python3.12/site-packages:${PYTHONPATH} /usr/bin/python3 -W ignore:setup.py install is deprecated -W ignore:easy_install command is deprecated setup.py develop --uninstall --editable --build-directory /home/halit/acrome_mini_robot/build/set_slam/build
[1.565s] running develop
[1.736s] Removing /home/halit/acrome_mini_robot/install/set_slam/lib/python3.12/site-packages/set-slam.egg-link (link to .)
[1.764s] Invoked command in '/home/halit/acrome_mini_robot/build/set_slam' returned '0': PYTHONPATH=/home/halit/acrome_mini_robot/build/set_slam/prefix_override:/usr/lib/python3/dist-packages/colcon_core/task/python/colcon_distutils_commands:/home/halit/acrome_mini_robot/install/set_slam/lib/python3.12/site-packages:${PYTHONPATH} /usr/bin/python3 -W ignore:setup.py install is deprecated -W ignore:easy_install command is deprecated setup.py develop --uninstall --editable --build-directory /home/halit/acrome_mini_robot/build/set_slam/build
[1.766s] Invoking command in '/home/halit/acrome_mini_robot/src/set_slam': PYTHONPATH=/home/halit/acrome_mini_robot/build/set_slam/prefix_override:/usr/lib/python3/dist-packages/colcon_core/task/python/colcon_distutils_commands:/home/halit/acrome_mini_robot/install/set_slam/lib/python3.12/site-packages:${PYTHONPATH} /usr/bin/python3 -W ignore:setup.py install is deprecated -W ignore:easy_install command is deprecated setup.py egg_info --egg-base ../../build/set_slam build --build-base /home/halit/acrome_mini_robot/build/set_slam/build install --record /home/halit/acrome_mini_robot/build/set_slam/install.log --single-version-externally-managed install_data --force
[1.996s] running egg_info
[2.012s] writing ../../build/set_slam/set_slam.egg-info/PKG-INFO
[2.012s] writing dependency_links to ../../build/set_slam/set_slam.egg-info/dependency_links.txt
[2.012s] writing entry points to ../../build/set_slam/set_slam.egg-info/entry_points.txt
[2.012s] writing requirements to ../../build/set_slam/set_slam.egg-info/requires.txt
[2.012s] writing top-level names to ../../build/set_slam/set_slam.egg-info/top_level.txt
[2.046s] reading manifest file '../../build/set_slam/set_slam.egg-info/SOURCES.txt'
[2.047s] writing manifest file '../../build/set_slam/set_slam.egg-info/SOURCES.txt'
[2.048s] running build
[2.048s] running build_py
[2.048s] creating /home/halit/acrome_mini_robot/build/set_slam/build/lib/set_slam/nodes
[2.048s] copying set_slam/nodes/odom_to_tf_broadcaster.py -> /home/halit/acrome_mini_robot/build/set_slam/build/lib/set_slam/nodes
[2.049s] copying set_slam/nodes/__init__.py -> /home/halit/acrome_mini_robot/build/set_slam/build/lib/set_slam/nodes
[2.049s] running install
[2.053s] running install_lib
[2.069s] creating /home/halit/acrome_mini_robot/install/set_slam/lib/python3.12/site-packages/set_slam
[2.070s] creating /home/halit/acrome_mini_robot/install/set_slam/lib/python3.12/site-packages/set_slam/nodes
[2.070s] copying /home/halit/acrome_mini_robot/build/set_slam/build/lib/set_slam/nodes/odom_to_tf_broadcaster.py -> /home/halit/acrome_mini_robot/install/set_slam/lib/python3.12/site-packages/set_slam/nodes
[2.070s] copying /home/halit/acrome_mini_robot/build/set_slam/build/lib/set_slam/nodes/__init__.py -> /home/halit/acrome_mini_robot/install/set_slam/lib/python3.12/site-packages/set_slam/nodes
[2.071s] copying /home/halit/acrome_mini_robot/build/set_slam/build/lib/set_slam/__init__.py -> /home/halit/acrome_mini_robot/install/set_slam/lib/python3.12/site-packages/set_slam
[2.071s] byte-compiling /home/halit/acrome_mini_robot/install/set_slam/lib/python3.12/site-packages/set_slam/nodes/odom_to_tf_broadcaster.py to odom_to_tf_broadcaster.cpython-312.pyc
[2.072s] byte-compiling /home/halit/acrome_mini_robot/install/set_slam/lib/python3.12/site-packages/set_slam/nodes/__init__.py to __init__.cpython-312.pyc
[2.072s] byte-compiling /home/halit/acrome_mini_robot/install/set_slam/lib/python3.12/site-packages/set_slam/__init__.py to __init__.cpython-312.pyc
[2.072s] running install_data
[2.072s] copying resource/set_slam -> /home/halit/acrome_mini_robot/install/set_slam/share/ament_index/resource_index/packages
[2.072s] copying package.xml -> /home/halit/acrome_mini_robot/install/set_slam/share/set_slam
[2.072s] copying set_slam/launch/slam_launch.py -> /home/halit/acrome_mini_robot/install/set_slam/share/set_slam/launch
[2.074s] copying config/mapper_params_online_sync.yaml -> /home/halit/acrome_mini_robot/install/set_slam/share/set_slam/config
[2.075s] running install_egg_info
[2.092s] Copying ../../build/set_slam/set_slam.egg-info to /home/halit/acrome_mini_robot/install/set_slam/lib/python3.12/site-packages/set_slam-0.0.0-py3.12.egg-info
[2.093s] running install_scripts
[2.206s] Installing odom_to_tf_broadcaster script to /home/halit/acrome_mini_robot/install/set_slam/lib/set_slam
[2.210s] writing list of installed files to '/home/halit/acrome_mini_robot/build/set_slam/install.log'
[2.248s] Invoked command in '/home/halit/acrome_mini_robot/src/set_slam' returned '0': PYTHONPATH=/home/halit/acrome_mini_robot/build/set_slam/prefix_override:/usr/lib/python3/dist-packages/colcon_core/task/python/colcon_distutils_commands:/home/halit/acrome_mini_robot/install/set_slam/lib/python3.12/site-packages:${PYTHONPATH} /usr/bin/python3 -W ignore:setup.py install is deprecated -W ignore:easy_install command is deprecated setup.py egg_info --egg-base ../../build/set_slam build --build-base /home/halit/acrome_mini_robot/build/set_slam/build install --record /home/halit/acrome_mini_robot/build/set_slam/install.log --single-version-externally-managed install_data --force
