running egg_info
writing ../../build/publish_lidar/publish_lidar.egg-info/PKG-INFO
writing dependency_links to ../../build/publish_lidar/publish_lidar.egg-info/dependency_links.txt
writing entry points to ../../build/publish_lidar/publish_lidar.egg-info/entry_points.txt
writing requirements to ../../build/publish_lidar/publish_lidar.egg-info/requires.txt
writing top-level names to ../../build/publish_lidar/publish_lidar.egg-info/top_level.txt
reading manifest file '../../build/publish_lidar/publish_lidar.egg-info/SOURCES.txt'
writing manifest file '../../build/publish_lidar/publish_lidar.egg-info/SOURCES.txt'
running build
running build_py
copying publish_lidar/publish_synchronous.py -> /home/halit/acrome_mini_robot/build/publish_lidar/build/lib/publish_lidar
copying publish_lidar/get_scan_from_raspbery.py -> /home/halit/acrome_mini_robot/build/publish_lidar/build/lib/publish_lidar
running install
running install_lib
copying /home/halit/acrome_mini_robot/build/publish_lidar/build/lib/publish_lidar/publish_synchronous.py -> /home/halit/acrome_mini_robot/install/publish_lidar/lib/python3.12/site-packages/publish_lidar
copying /home/halit/acrome_mini_robot/build/publish_lidar/build/lib/publish_lidar/get_scan_from_raspbery.py -> /home/halit/acrome_mini_robot/install/publish_lidar/lib/python3.12/site-packages/publish_lidar
byte-compiling /home/halit/acrome_mini_robot/install/publish_lidar/lib/python3.12/site-packages/publish_lidar/publish_synchronous.py to publish_synchronous.cpython-312.pyc
byte-compiling /home/halit/acrome_mini_robot/install/publish_lidar/lib/python3.12/site-packages/publish_lidar/get_scan_from_raspbery.py to get_scan_from_raspbery.cpython-312.pyc
running install_data
running install_egg_info
removing '/home/halit/acrome_mini_robot/install/publish_lidar/lib/python3.12/site-packages/publish_lidar-0.0.0-py3.12.egg-info' (and everything under it)
Copying ../../build/publish_lidar/publish_lidar.egg-info to /home/halit/acrome_mini_robot/install/publish_lidar/lib/python3.12/site-packages/publish_lidar-0.0.0-py3.12.egg-info
running install_scripts
Installing get_scan_from_raspbery script to /home/halit/acrome_mini_robot/install/publish_lidar/lib/publish_lidar
Installing publish_synchronous script to /home/halit/acrome_mini_robot/install/publish_lidar/lib/publish_lidar
writing list of installed files to '/home/halit/acrome_mini_robot/build/publish_lidar/install.log'
