running develop
running egg_info
writing set_slam.egg-info/PKG-INFO
writing dependency_links to set_slam.egg-info/dependency_links.txt
writing entry points to set_slam.egg-info/entry_points.txt
writing requirements to set_slam.egg-info/requires.txt
writing top-level names to set_slam.egg-info/top_level.txt
reading manifest file 'set_slam.egg-info/SOURCES.txt'
writing manifest file 'set_slam.egg-info/SOURCES.txt'
running build_ext
Creating /home/halit/acrome_mini_robot/install/set_slam/lib/python3.12/site-packages/set-slam.egg-link (link to .)
Installing odom_to_tf_broadcaster script to /home/halit/acrome_mini_robot/install/set_slam/lib/set_slam

Installed /home/halit/acrome_mini_robot/build/set_slam
running symlink_data
symbolically linking /home/halit/acrome_mini_robot/build/set_slam/resource/set_slam -> /home/halit/acrome_mini_robot/install/set_slam/share/ament_index/resource_index/packages
symbolically linking /home/halit/acrome_mini_robot/build/set_slam/package.xml -> /home/halit/acrome_mini_robot/install/set_slam/share/set_slam
symbolically linking /home/halit/acrome_mini_robot/build/set_slam/set_slam/launch/teleop.py -> /home/halit/acrome_mini_robot/install/set_slam/share/set_slam/launch
symbolically linking /home/halit/acrome_mini_robot/build/set_slam/set_slam/launch/display.launch.py -> /home/halit/acrome_mini_robot/install/set_slam/share/set_slam/launch
symbolically linking /home/halit/acrome_mini_robot/build/set_slam/set_slam/launch/slam_launch.py -> /home/halit/acrome_mini_robot/install/set_slam/share/set_slam/launch
symbolically linking /home/halit/acrome_mini_robot/build/set_slam/config/controllers_params.yaml -> /home/halit/acrome_mini_robot/install/set_slam/share/set_slam/config
symbolically linking /home/halit/acrome_mini_robot/build/set_slam/config/mapper_params_online_sync.yaml -> /home/halit/acrome_mini_robot/install/set_slam/share/set_slam/config
symbolically linking /home/halit/acrome_mini_robot/build/set_slam/config/ekf.yaml -> /home/halit/acrome_mini_robot/install/set_slam/share/set_slam/config
symbolically linking /home/halit/acrome_mini_robot/build/set_slam/urdf/acrome_mini_robot.xacro -> /home/halit/acrome_mini_robot/install/set_slam/share/set_slam/urdf
symbolically linking /home/halit/acrome_mini_robot/build/set_slam/meshes/base_link.stl -> /home/halit/acrome_mini_robot/install/set_slam/share/set_slam/meshes
symbolically linking /home/halit/acrome_mini_robot/build/set_slam/meshes/left_wheel.stl -> /home/halit/acrome_mini_robot/install/set_slam/share/set_slam/meshes
symbolically linking /home/halit/acrome_mini_robot/build/set_slam/meshes/right_wheel.stl -> /home/halit/acrome_mini_robot/install/set_slam/share/set_slam/meshes
symbolically linking /home/halit/acrome_mini_robot/build/set_slam/worlds/empty_with_ground.sdf -> /home/halit/acrome_mini_robot/install/set_slam/share/set_slam/worlds
symbolically linking /home/halit/acrome_mini_robot/build/set_slam/rviz/fixed.rviz -> /home/halit/acrome_mini_robot/install/set_slam/share/set_slam/rviz
