[1.098s] Invoking command in '/home/halit/acrome_mini_robot/src/publish_lidar': PYTHONPATH=/home/halit/acrome_mini_robot/build/publish_lidar/prefix_override:/usr/lib/python3/dist-packages/colcon_core/task/python/colcon_distutils_commands:/home/halit/acrome_mini_robot/install/publish_lidar/lib/python3.12/site-packages:${PYTHONPATH} /usr/bin/python3 -W ignore:setup.py install is deprecated -W ignore:easy_install command is deprecated setup.py egg_info --egg-base ../../build/publish_lidar build --build-base /home/halit/acrome_mini_robot/build/publish_lidar/build install --record /home/halit/acrome_mini_robot/build/publish_lidar/install.log --single-version-externally-managed install_data
[1.326s] running egg_info
[1.343s] writing ../../build/publish_lidar/publish_lidar.egg-info/PKG-INFO
[1.343s] writing dependency_links to ../../build/publish_lidar/publish_lidar.egg-info/dependency_links.txt
[1.344s] writing entry points to ../../build/publish_lidar/publish_lidar.egg-info/entry_points.txt
[1.344s] writing requirements to ../../build/publish_lidar/publish_lidar.egg-info/requires.txt
[1.344s] writing top-level names to ../../build/publish_lidar/publish_lidar.egg-info/top_level.txt
[1.376s] reading manifest file '../../build/publish_lidar/publish_lidar.egg-info/SOURCES.txt'
[1.377s] writing manifest file '../../build/publish_lidar/publish_lidar.egg-info/SOURCES.txt'
[1.377s] running build
[1.377s] running build_py
[1.377s] running install
[1.383s] running install_lib
[1.400s] running install_data
[1.400s] running install_egg_info
[1.418s] removing '/home/halit/acrome_mini_robot/install/publish_lidar/lib/python3.12/site-packages/publish_lidar-0.0.0-py3.12.egg-info' (and everything under it)
[1.418s] Copying ../../build/publish_lidar/publish_lidar.egg-info to /home/halit/acrome_mini_robot/install/publish_lidar/lib/python3.12/site-packages/publish_lidar-0.0.0-py3.12.egg-info
[1.418s] running install_scripts
[1.534s] Installing get_scan_from_raspbery script to /home/halit/acrome_mini_robot/install/publish_lidar/lib/publish_lidar
[1.535s] writing list of installed files to '/home/halit/acrome_mini_robot/build/publish_lidar/install.log'
[1.557s] Invoked command in '/home/halit/acrome_mini_robot/src/publish_lidar' returned '0': PYTHONPATH=/home/halit/acrome_mini_robot/build/publish_lidar/prefix_override:/usr/lib/python3/dist-packages/colcon_core/task/python/colcon_distutils_commands:/home/halit/acrome_mini_robot/install/publish_lidar/lib/python3.12/site-packages:${PYTHONPATH} /usr/bin/python3 -W ignore:setup.py install is deprecated -W ignore:easy_install command is deprecated setup.py egg_info --egg-base ../../build/publish_lidar build --build-base /home/halit/acrome_mini_robot/build/publish_lidar/build install --record /home/halit/acrome_mini_robot/build/publish_lidar/install.log --single-version-externally-managed install_data
