[0.589s] Invoking command in '/home/halit/acrome_mini_robot/src/set_slam': PYTHONPATH=/home/halit/acrome_mini_robot/build/set_slam/prefix_override:/usr/lib/python3/dist-packages/colcon_core/task/python/colcon_distutils_commands:/home/halit/acrome_mini_robot/install/set_slam/lib/python3.12/site-packages:${PYTHONPATH} /usr/bin/python3 -W ignore:setup.py install is deprecated -W ignore:easy_install command is deprecated setup.py egg_info --egg-base ../../build/set_slam build --build-base /home/halit/acrome_mini_robot/build/set_slam/build install --record /home/halit/acrome_mini_robot/build/set_slam/install.log --single-version-externally-managed install_data
[0.779s] running egg_info
[0.792s] writing ../../build/set_slam/set_slam.egg-info/PKG-INFO
[0.792s] writing dependency_links to ../../build/set_slam/set_slam.egg-info/dependency_links.txt
[0.792s] writing entry points to ../../build/set_slam/set_slam.egg-info/entry_points.txt
[0.792s] writing requirements to ../../build/set_slam/set_slam.egg-info/requires.txt
[0.792s] writing top-level names to ../../build/set_slam/set_slam.egg-info/top_level.txt
[0.819s] reading manifest file '../../build/set_slam/set_slam.egg-info/SOURCES.txt'
[0.820s] writing manifest file '../../build/set_slam/set_slam.egg-info/SOURCES.txt'
[0.820s] running build
[0.820s] running build_py
[0.821s] running install
[0.825s] running install_lib
[0.839s] running install_data
[0.839s] copying config/controllers_params.yaml -> /home/halit/acrome_mini_robot/install/set_slam/share/set_slam/config
[0.840s] running install_egg_info
[0.854s] removing '/home/halit/acrome_mini_robot/install/set_slam/lib/python3.12/site-packages/set_slam-0.0.0-py3.12.egg-info' (and everything under it)
[0.855s] Copying ../../build/set_slam/set_slam.egg-info to /home/halit/acrome_mini_robot/install/set_slam/lib/python3.12/site-packages/set_slam-0.0.0-py3.12.egg-info
[0.856s] running install_scripts
[0.947s] Installing odom_to_tf_broadcaster script to /home/halit/acrome_mini_robot/install/set_slam/lib/set_slam
[0.947s] writing list of installed files to '/home/halit/acrome_mini_robot/build/set_slam/install.log'
[0.966s] Invoked command in '/home/halit/acrome_mini_robot/src/set_slam' returned '0': PYTHONPATH=/home/halit/acrome_mini_robot/build/set_slam/prefix_override:/usr/lib/python3/dist-packages/colcon_core/task/python/colcon_distutils_commands:/home/halit/acrome_mini_robot/install/set_slam/lib/python3.12/site-packages:${PYTHONPATH} /usr/bin/python3 -W ignore:setup.py install is deprecated -W ignore:easy_install command is deprecated setup.py egg_info --egg-base ../../build/set_slam build --build-base /home/halit/acrome_mini_robot/build/set_slam/build install --record /home/halit/acrome_mini_robot/build/set_slam/install.log --single-version-externally-managed install_data
